CRITICAL - 2023-07-20 02:14:53 --> Undefined array key 0
in APPPATH\Views\datapeserta.php on line 14.
 1 APPPATH\Views\datapeserta.php(14): CodeIgniter\Debug\Exceptions->errorHandler(2, 'Undefined array key 0', 'D:\\xampp\\htdocs\\Webinar\\app\\Views\\datapeserta.php', 14)
 2 SYSTEMPATH\View\View.php(224): include('D:\\xampp\\htdocs\\Webinar\\app\\Views\\datapeserta.php')
 3 SYSTEMPATH\View\View.php(227): CodeIgniter\View\View->CodeIgniter\View\{closure}()
 4 SYSTEMPATH\Common.php(1180): CodeIgniter\View\View->render('datapeserta', [], true)
 5 APPPATH\Controllers\Admin.php(204): view('datapeserta', [...])
 6 SYSTEMPATH\CodeIgniter.php(932): App\Controllers\Admin->datapeserta('2')
 7 SYSTEMPATH\CodeIgniter.php(497): CodeIgniter\CodeIgniter->runController(Object(App\Controllers\Admin))
 8 SYSTEMPATH\CodeIgniter.php(366): CodeIgniter\CodeIgniter->handleRequest(null, Object(Config\Cache), false)
 9 FCPATH\index.php(67): CodeIgniter\CodeIgniter->run()
10 SYSTEMPATH\Commands\Server\rewrite.php(47): require_once('D:\\xampp\\htdocs\\Webinar\\public\\index.php')
CRITICAL - 2023-07-20 02:17:14 --> Undefined variable $datapeserta
in APPPATH\Views\datapresensi.php on line 14.
 1 APPPATH\Views\datapresensi.php(14): CodeIgniter\Debug\Exceptions->errorHandler(2, 'Undefined variable $datapeserta', 'D:\\xampp\\htdocs\\Webinar\\app\\Views\\datapresensi.php', 14)
 2 SYSTEMPATH\View\View.php(224): include('D:\\xampp\\htdocs\\Webinar\\app\\Views\\datapresensi.php')
 3 SYSTEMPATH\View\View.php(227): CodeIgniter\View\View->CodeIgniter\View\{closure}()
 4 SYSTEMPATH\Common.php(1180): CodeIgniter\View\View->render('datapresensi', [], true)
 5 APPPATH\Controllers\Admin.php(215): view('datapresensi', [...])
 6 SYSTEMPATH\CodeIgniter.php(932): App\Controllers\Admin->datapresensi('1')
 7 SYSTEMPATH\CodeIgniter.php(497): CodeIgniter\CodeIgniter->runController(Object(App\Controllers\Admin))
 8 SYSTEMPATH\CodeIgniter.php(366): CodeIgniter\CodeIgniter->handleRequest(null, Object(Config\Cache), false)
 9 FCPATH\index.php(67): CodeIgniter\CodeIgniter->run()
10 SYSTEMPATH\Commands\Server\rewrite.php(47): require_once('D:\\xampp\\htdocs\\Webinar\\public\\index.php')
CRITICAL - 2023-07-20 02:17:27 --> Undefined variable $datapeserta
in APPPATH\Views\datapresensi.php on line 14.
 1 APPPATH\Views\datapresensi.php(14): CodeIgniter\Debug\Exceptions->errorHandler(2, 'Undefined variable $datapeserta', 'D:\\xampp\\htdocs\\Webinar\\app\\Views\\datapresensi.php', 14)
 2 SYSTEMPATH\View\View.php(224): include('D:\\xampp\\htdocs\\Webinar\\app\\Views\\datapresensi.php')
 3 SYSTEMPATH\View\View.php(227): CodeIgniter\View\View->CodeIgniter\View\{closure}()
 4 SYSTEMPATH\Common.php(1180): CodeIgniter\View\View->render('datapresensi', [], true)
 5 APPPATH\Controllers\Admin.php(215): view('datapresensi', [...])
 6 SYSTEMPATH\CodeIgniter.php(932): App\Controllers\Admin->datapresensi('1')
 7 SYSTEMPATH\CodeIgniter.php(497): CodeIgniter\CodeIgniter->runController(Object(App\Controllers\Admin))
 8 SYSTEMPATH\CodeIgniter.php(366): CodeIgniter\CodeIgniter->handleRequest(null, Object(Config\Cache), false)
 9 FCPATH\index.php(67): CodeIgniter\CodeIgniter->run()
10 SYSTEMPATH\Commands\Server\rewrite.php(47): require_once('D:\\xampp\\htdocs\\Webinar\\public\\index.php')
