ERROR - 2024-04-05 12:17:46 --> Error connecting to the database: mysqli_sql_exception: No connection could be made because the target machine actively refused it in D:\xampp\htdocs\Webinar\system\Database\MySQLi\Connection.php:174
Stack trace:
#0 D:\xampp\htdocs\Webinar\system\Database\MySQLi\Connection.php(174): mysqli->real_connect('localhost', 'root', '', 'sertifikat', 3306, '', 0)
#1 D:\xampp\htdocs\Webinar\system\Database\BaseConnection.php(391): CodeIgniter\Database\MySQLi\Connection->connect(false)
#2 D:\xampp\htdocs\Webinar\system\Database\BaseConnection.php(574): CodeIgniter\Database\BaseConnection->initialize()
#3 D:\xampp\htdocs\Webinar\system\Database\BaseBuilder.php(1616): CodeIgniter\Database\BaseConnection->query('SELECT *\nFROM `...', Array, false)
#4 D:\xampp\htdocs\Webinar\system\Model.php(203): CodeIgniter\Database\BaseBuilder->get()
#5 D:\xampp\htdocs\Webinar\system\BaseModel.php(557): CodeIgniter\Model->doFind(false, NULL)
#6 D:\xampp\htdocs\Webinar\app\Controllers\Admin.php(67): CodeIgniter\BaseModel->find()
#7 D:\xampp\htdocs\Webinar\system\CodeIgniter.php(932): App\Controllers\Admin->actlogin()
#8 D:\xampp\htdocs\Webinar\system\CodeIgniter.php(497): CodeIgniter\CodeIgniter->runController(Object(App\Controllers\Admin))
#9 D:\xampp\htdocs\Webinar\system\CodeIgniter.php(366): CodeIgniter\CodeIgniter->handleRequest(NULL, Object(Config\Cache), false)
#10 D:\xampp\htdocs\Webinar\public\index.php(67): CodeIgniter\CodeIgniter->run()
#11 D:\xampp\htdocs\Webinar\system\Commands\Server\rewrite.php(47): require_once('D:\\xampp\\htdocs...')
#12 {main}

Next CodeIgniter\Database\Exceptions\DatabaseException: No connection could be made because the target machine actively refused it in D:\xampp\htdocs\Webinar\system\Database\MySQLi\Connection.php:218
Stack trace:
#0 D:\xampp\htdocs\Webinar\system\Database\BaseConnection.php(391): CodeIgniter\Database\MySQLi\Connection->connect(false)
#1 D:\xampp\htdocs\Webinar\system\Database\BaseConnection.php(574): CodeIgniter\Database\BaseConnection->initialize()
#2 D:\xampp\htdocs\Webinar\system\Database\BaseBuilder.php(1616): CodeIgniter\Database\BaseConnection->query('SELECT *\nFROM `...', Array, false)
#3 D:\xampp\htdocs\Webinar\system\Model.php(203): CodeIgniter\Database\BaseBuilder->get()
#4 D:\xampp\htdocs\Webinar\system\BaseModel.php(557): CodeIgniter\Model->doFind(false, NULL)
#5 D:\xampp\htdocs\Webinar\app\Controllers\Admin.php(67): CodeIgniter\BaseModel->find()
#6 D:\xampp\htdocs\Webinar\system\CodeIgniter.php(932): App\Controllers\Admin->actlogin()
#7 D:\xampp\htdocs\Webinar\system\CodeIgniter.php(497): CodeIgniter\CodeIgniter->runController(Object(App\Controllers\Admin))
#8 D:\xampp\htdocs\Webinar\system\CodeIgniter.php(366): CodeIgniter\CodeIgniter->handleRequest(NULL, Object(Config\Cache), false)
#9 D:\xampp\htdocs\Webinar\public\index.php(67): CodeIgniter\CodeIgniter->run()
#10 D:\xampp\htdocs\Webinar\system\Commands\Server\rewrite.php(47): require_once('D:\\xampp\\htdocs...')
#11 {main}
CRITICAL - 2024-04-05 12:17:46 --> Unable to connect to the database.
Main connection [MySQLi]: No connection could be made because the target machine actively refused it
in SYSTEMPATH\Database\BaseConnection.php on line 427.
 1 SYSTEMPATH\Database\BaseConnection.php(574): CodeIgniter\Database\BaseConnection->initialize()
 2 SYSTEMPATH\Database\BaseBuilder.php(1616): CodeIgniter\Database\BaseConnection->query('SELECT *
FROM `admin`
WHERE `email` = :email:
AND `password` = :password:', [...], false)
 3 SYSTEMPATH\Model.php(203): CodeIgniter\Database\BaseBuilder->get()
 4 SYSTEMPATH\BaseModel.php(557): CodeIgniter\Model->doFind(false, null)
 5 APPPATH\Controllers\Admin.php(67): CodeIgniter\BaseModel->find()
 6 SYSTEMPATH\CodeIgniter.php(932): App\Controllers\Admin->actlogin()
 7 SYSTEMPATH\CodeIgniter.php(497): CodeIgniter\CodeIgniter->runController(Object(App\Controllers\Admin))
 8 SYSTEMPATH\CodeIgniter.php(366): CodeIgniter\CodeIgniter->handleRequest(null, Object(Config\Cache), false)
 9 FCPATH\index.php(67): CodeIgniter\CodeIgniter->run()
10 SYSTEMPATH\Commands\Server\rewrite.php(47): require_once('D:\\xampp\\htdocs\\Webinar\\public\\index.php')
