CRITICAL - 2024-04-16 13:32:32 --> Undefined array key 0
in APPPATH\Views\user\deskripsi.php on line 6.
 1 APPPATH\Views\user\deskripsi.php(6): CodeIgniter\Debug\Exceptions->errorHandler(2, 'Undefined array key 0', 'D:\\xampp\\htdocs\\Webinar\\app\\Views\\user\\deskripsi.php', 6)
 2 SYSTEMPATH\View\View.php(224): include('D:\\xampp\\htdocs\\Webinar\\app\\Views\\user\\deskripsi.php')
 3 SYSTEMPATH\View\View.php(227): CodeIgniter\View\View->CodeIgniter\View\{closure}()
 4 SYSTEMPATH\Common.php(1180): CodeIgniter\View\View->render('user/deskripsi', [], true)
 5 APPPATH\Controllers\Customer.php(33): view('user/deskripsi')
 6 SYSTEMPATH\CodeIgniter.php(932): App\Controllers\Customer->detailwebinar('img', 'lampung cerdas.webp')
 7 SYSTEMPATH\CodeIgniter.php(497): CodeIgniter\CodeIgniter->runController(Object(App\Controllers\Customer))
 8 SYSTEMPATH\CodeIgniter.php(366): CodeIgniter\CodeIgniter->handleRequest(null, Object(Config\Cache), false)
 9 FCPATH\index.php(67): CodeIgniter\CodeIgniter->run()
10 SYSTEMPATH\Commands\Server\rewrite.php(47): require_once('D:\\xampp\\htdocs\\Webinar\\public\\index.php')
CRITICAL - 2024-04-16 13:33:20 --> Undefined array key 0
in APPPATH\Views\user\deskripsi.php on line 6.
 1 APPPATH\Views\user\deskripsi.php(6): CodeIgniter\Debug\Exceptions->errorHandler(2, 'Undefined array key 0', 'D:\\xampp\\htdocs\\Webinar\\app\\Views\\user\\deskripsi.php', 6)
 2 SYSTEMPATH\View\View.php(224): include('D:\\xampp\\htdocs\\Webinar\\app\\Views\\user\\deskripsi.php')
 3 SYSTEMPATH\View\View.php(227): CodeIgniter\View\View->CodeIgniter\View\{closure}()
 4 SYSTEMPATH\Common.php(1180): CodeIgniter\View\View->render('user/deskripsi', [], true)
 5 APPPATH\Controllers\Customer.php(33): view('user/deskripsi')
 6 SYSTEMPATH\CodeIgniter.php(932): App\Controllers\Customer->detailwebinar('img', 'lampung cerdas.webp')
 7 SYSTEMPATH\CodeIgniter.php(497): CodeIgniter\CodeIgniter->runController(Object(App\Controllers\Customer))
 8 SYSTEMPATH\CodeIgniter.php(366): CodeIgniter\CodeIgniter->handleRequest(null, Object(Config\Cache), false)
 9 FCPATH\index.php(67): CodeIgniter\CodeIgniter->run()
10 SYSTEMPATH\Commands\Server\rewrite.php(47): require_once('D:\\xampp\\htdocs\\Webinar\\public\\index.php')
CRITICAL - 2024-04-16 13:33:37 --> Undefined array key 0
in APPPATH\Views\user\deskripsi.php on line 6.
 1 APPPATH\Views\user\deskripsi.php(6): CodeIgniter\Debug\Exceptions->errorHandler(2, 'Undefined array key 0', 'D:\\xampp\\htdocs\\Webinar\\app\\Views\\user\\deskripsi.php', 6)
 2 SYSTEMPATH\View\View.php(224): include('D:\\xampp\\htdocs\\Webinar\\app\\Views\\user\\deskripsi.php')
 3 SYSTEMPATH\View\View.php(227): CodeIgniter\View\View->CodeIgniter\View\{closure}()
 4 SYSTEMPATH\Common.php(1180): CodeIgniter\View\View->render('user/deskripsi', [], true)
 5 APPPATH\Controllers\Customer.php(33): view('user/deskripsi')
 6 SYSTEMPATH\CodeIgniter.php(932): App\Controllers\Customer->detailwebinar('img', 'lampung cerdas.webp')
 7 SYSTEMPATH\CodeIgniter.php(497): CodeIgniter\CodeIgniter->runController(Object(App\Controllers\Customer))
 8 SYSTEMPATH\CodeIgniter.php(366): CodeIgniter\CodeIgniter->handleRequest(null, Object(Config\Cache), false)
 9 FCPATH\index.php(67): CodeIgniter\CodeIgniter->run()
10 SYSTEMPATH\Commands\Server\rewrite.php(47): require_once('D:\\xampp\\htdocs\\Webinar\\public\\index.php')
CRITICAL - 2024-04-16 13:33:57 --> Undefined array key 0
in APPPATH\Views\user\deskripsi.php on line 6.
 1 APPPATH\Views\user\deskripsi.php(6): CodeIgniter\Debug\Exceptions->errorHandler(2, 'Undefined array key 0', 'D:\\xampp\\htdocs\\Webinar\\app\\Views\\user\\deskripsi.php', 6)
 2 SYSTEMPATH\View\View.php(224): include('D:\\xampp\\htdocs\\Webinar\\app\\Views\\user\\deskripsi.php')
 3 SYSTEMPATH\View\View.php(227): CodeIgniter\View\View->CodeIgniter\View\{closure}()
 4 SYSTEMPATH\Common.php(1180): CodeIgniter\View\View->render('user/deskripsi', [], true)
 5 APPPATH\Controllers\Customer.php(33): view('user/deskripsi')
 6 SYSTEMPATH\CodeIgniter.php(932): App\Controllers\Customer->detailwebinar('img', 'lampung cerdas.webp')
 7 SYSTEMPATH\CodeIgniter.php(497): CodeIgniter\CodeIgniter->runController(Object(App\Controllers\Customer))
 8 SYSTEMPATH\CodeIgniter.php(366): CodeIgniter\CodeIgniter->handleRequest(null, Object(Config\Cache), false)
 9 FCPATH\index.php(67): CodeIgniter\CodeIgniter->run()
10 SYSTEMPATH\Commands\Server\rewrite.php(47): require_once('D:\\xampp\\htdocs\\Webinar\\public\\index.php')
CRITICAL - 2024-04-16 13:34:31 --> Undefined array key 0
in APPPATH\Views\user\deskripsi.php on line 6.
 1 APPPATH\Views\user\deskripsi.php(6): CodeIgniter\Debug\Exceptions->errorHandler(2, 'Undefined array key 0', 'D:\\xampp\\htdocs\\Webinar\\app\\Views\\user\\deskripsi.php', 6)
 2 SYSTEMPATH\View\View.php(224): include('D:\\xampp\\htdocs\\Webinar\\app\\Views\\user\\deskripsi.php')
 3 SYSTEMPATH\View\View.php(227): CodeIgniter\View\View->CodeIgniter\View\{closure}()
 4 SYSTEMPATH\Common.php(1180): CodeIgniter\View\View->render('user/deskripsi', [], true)
 5 APPPATH\Controllers\Customer.php(33): view('user/deskripsi')
 6 SYSTEMPATH\CodeIgniter.php(932): App\Controllers\Customer->detailwebinar('img', 'lampung cerdas.webp')
 7 SYSTEMPATH\CodeIgniter.php(497): CodeIgniter\CodeIgniter->runController(Object(App\Controllers\Customer))
 8 SYSTEMPATH\CodeIgniter.php(366): CodeIgniter\CodeIgniter->handleRequest(null, Object(Config\Cache), false)
 9 FCPATH\index.php(67): CodeIgniter\CodeIgniter->run()
10 SYSTEMPATH\Commands\Server\rewrite.php(47): require_once('D:\\xampp\\htdocs\\Webinar\\public\\index.php')
CRITICAL - 2024-04-16 13:34:35 --> Undefined array key 0
in APPPATH\Views\user\deskripsi.php on line 6.
 1 APPPATH\Views\user\deskripsi.php(6): CodeIgniter\Debug\Exceptions->errorHandler(2, 'Undefined array key 0', 'D:\\xampp\\htdocs\\Webinar\\app\\Views\\user\\deskripsi.php', 6)
 2 SYSTEMPATH\View\View.php(224): include('D:\\xampp\\htdocs\\Webinar\\app\\Views\\user\\deskripsi.php')
 3 SYSTEMPATH\View\View.php(227): CodeIgniter\View\View->CodeIgniter\View\{closure}()
 4 SYSTEMPATH\Common.php(1180): CodeIgniter\View\View->render('user/deskripsi', [], true)
 5 APPPATH\Controllers\Customer.php(33): view('user/deskripsi')
 6 SYSTEMPATH\CodeIgniter.php(932): App\Controllers\Customer->detailwebinar('img', 'lampung cerdas.webp')
 7 SYSTEMPATH\CodeIgniter.php(497): CodeIgniter\CodeIgniter->runController(Object(App\Controllers\Customer))
 8 SYSTEMPATH\CodeIgniter.php(366): CodeIgniter\CodeIgniter->handleRequest(null, Object(Config\Cache), false)
 9 FCPATH\index.php(67): CodeIgniter\CodeIgniter->run()
10 SYSTEMPATH\Commands\Server\rewrite.php(47): require_once('D:\\xampp\\htdocs\\Webinar\\public\\index.php')
CRITICAL - 2024-04-16 13:34:43 --> Undefined array key 0
in APPPATH\Views\user\deskripsi.php on line 6.
 1 APPPATH\Views\user\deskripsi.php(6): CodeIgniter\Debug\Exceptions->errorHandler(2, 'Undefined array key 0', 'D:\\xampp\\htdocs\\Webinar\\app\\Views\\user\\deskripsi.php', 6)
 2 SYSTEMPATH\View\View.php(224): include('D:\\xampp\\htdocs\\Webinar\\app\\Views\\user\\deskripsi.php')
 3 SYSTEMPATH\View\View.php(227): CodeIgniter\View\View->CodeIgniter\View\{closure}()
 4 SYSTEMPATH\Common.php(1180): CodeIgniter\View\View->render('user/deskripsi', [], true)
 5 APPPATH\Controllers\Customer.php(33): view('user/deskripsi')
 6 SYSTEMPATH\CodeIgniter.php(932): App\Controllers\Customer->detailwebinar('img', 'lampung cerdas.webp')
 7 SYSTEMPATH\CodeIgniter.php(497): CodeIgniter\CodeIgniter->runController(Object(App\Controllers\Customer))
 8 SYSTEMPATH\CodeIgniter.php(366): CodeIgniter\CodeIgniter->handleRequest(null, Object(Config\Cache), false)
 9 FCPATH\index.php(67): CodeIgniter\CodeIgniter->run()
10 SYSTEMPATH\Commands\Server\rewrite.php(47): require_once('D:\\xampp\\htdocs\\Webinar\\public\\index.php')
CRITICAL - 2024-04-16 13:36:57 --> Undefined array key 0
in APPPATH\Views\user\deskripsi.php on line 6.
 1 APPPATH\Views\user\deskripsi.php(6): CodeIgniter\Debug\Exceptions->errorHandler(2, 'Undefined array key 0', 'D:\\xampp\\htdocs\\Webinar\\app\\Views\\user\\deskripsi.php', 6)
 2 SYSTEMPATH\View\View.php(224): include('D:\\xampp\\htdocs\\Webinar\\app\\Views\\user\\deskripsi.php')
 3 SYSTEMPATH\View\View.php(227): CodeIgniter\View\View->CodeIgniter\View\{closure}()
 4 SYSTEMPATH\Common.php(1180): CodeIgniter\View\View->render('user/deskripsi', [], true)
 5 APPPATH\Controllers\Customer.php(33): view('user/deskripsi')
 6 SYSTEMPATH\CodeIgniter.php(932): App\Controllers\Customer->detailwebinar('img', 'lampung cerdas.webp')
 7 SYSTEMPATH\CodeIgniter.php(497): CodeIgniter\CodeIgniter->runController(Object(App\Controllers\Customer))
 8 SYSTEMPATH\CodeIgniter.php(366): CodeIgniter\CodeIgniter->handleRequest(null, Object(Config\Cache), false)
 9 FCPATH\index.php(67): CodeIgniter\CodeIgniter->run()
10 SYSTEMPATH\Commands\Server\rewrite.php(47): require_once('D:\\xampp\\htdocs\\Webinar\\public\\index.php')
CRITICAL - 2024-04-16 13:37:22 --> Undefined array key 0
in APPPATH\Views\user\deskripsi.php on line 6.
 1 APPPATH\Views\user\deskripsi.php(6): CodeIgniter\Debug\Exceptions->errorHandler(2, 'Undefined array key 0', 'D:\\xampp\\htdocs\\Webinar\\app\\Views\\user\\deskripsi.php', 6)
 2 SYSTEMPATH\View\View.php(224): include('D:\\xampp\\htdocs\\Webinar\\app\\Views\\user\\deskripsi.php')
 3 SYSTEMPATH\View\View.php(227): CodeIgniter\View\View->CodeIgniter\View\{closure}()
 4 SYSTEMPATH\Common.php(1180): CodeIgniter\View\View->render('user/deskripsi', [], true)
 5 APPPATH\Controllers\Customer.php(33): view('user/deskripsi')
 6 SYSTEMPATH\CodeIgniter.php(932): App\Controllers\Customer->detailwebinar('img', 'lampung cerdas.webp')
 7 SYSTEMPATH\CodeIgniter.php(497): CodeIgniter\CodeIgniter->runController(Object(App\Controllers\Customer))
 8 SYSTEMPATH\CodeIgniter.php(366): CodeIgniter\CodeIgniter->handleRequest(null, Object(Config\Cache), false)
 9 FCPATH\index.php(67): CodeIgniter\CodeIgniter->run()
10 SYSTEMPATH\Commands\Server\rewrite.php(47): require_once('D:\\xampp\\htdocs\\Webinar\\public\\index.php')
CRITICAL - 2024-04-16 13:38:05 --> Undefined array key 0
in APPPATH\Views\user\deskripsi.php on line 6.
 1 APPPATH\Views\user\deskripsi.php(6): CodeIgniter\Debug\Exceptions->errorHandler(2, 'Undefined array key 0', 'D:\\xampp\\htdocs\\Webinar\\app\\Views\\user\\deskripsi.php', 6)
 2 SYSTEMPATH\View\View.php(224): include('D:\\xampp\\htdocs\\Webinar\\app\\Views\\user\\deskripsi.php')
 3 SYSTEMPATH\View\View.php(227): CodeIgniter\View\View->CodeIgniter\View\{closure}()
 4 SYSTEMPATH\Common.php(1180): CodeIgniter\View\View->render('user/deskripsi', [], true)
 5 APPPATH\Controllers\Customer.php(33): view('user/deskripsi')
 6 SYSTEMPATH\CodeIgniter.php(932): App\Controllers\Customer->detailwebinar('img', 'lampung cerdas.webp')
 7 SYSTEMPATH\CodeIgniter.php(497): CodeIgniter\CodeIgniter->runController(Object(App\Controllers\Customer))
 8 SYSTEMPATH\CodeIgniter.php(366): CodeIgniter\CodeIgniter->handleRequest(null, Object(Config\Cache), false)
 9 FCPATH\index.php(67): CodeIgniter\CodeIgniter->run()
10 SYSTEMPATH\Commands\Server\rewrite.php(47): require_once('D:\\xampp\\htdocs\\Webinar\\public\\index.php')
CRITICAL - 2024-04-16 13:38:40 --> Undefined array key 0
in APPPATH\Views\user\deskripsi.php on line 6.
 1 APPPATH\Views\user\deskripsi.php(6): CodeIgniter\Debug\Exceptions->errorHandler(2, 'Undefined array key 0', 'D:\\xampp\\htdocs\\Webinar\\app\\Views\\user\\deskripsi.php', 6)
 2 SYSTEMPATH\View\View.php(224): include('D:\\xampp\\htdocs\\Webinar\\app\\Views\\user\\deskripsi.php')
 3 SYSTEMPATH\View\View.php(227): CodeIgniter\View\View->CodeIgniter\View\{closure}()
 4 SYSTEMPATH\Common.php(1180): CodeIgniter\View\View->render('user/deskripsi', [], true)
 5 APPPATH\Controllers\Customer.php(33): view('user/deskripsi')
 6 SYSTEMPATH\CodeIgniter.php(932): App\Controllers\Customer->detailwebinar('img', 'lampung cerdas.webp')
 7 SYSTEMPATH\CodeIgniter.php(497): CodeIgniter\CodeIgniter->runController(Object(App\Controllers\Customer))
 8 SYSTEMPATH\CodeIgniter.php(366): CodeIgniter\CodeIgniter->handleRequest(null, Object(Config\Cache), false)
 9 FCPATH\index.php(67): CodeIgniter\CodeIgniter->run()
10 SYSTEMPATH\Commands\Server\rewrite.php(47): require_once('D:\\xampp\\htdocs\\Webinar\\public\\index.php')
CRITICAL - 2024-04-16 13:39:19 --> Undefined array key 0
in APPPATH\Views\user\deskripsi.php on line 6.
 1 APPPATH\Views\user\deskripsi.php(6): CodeIgniter\Debug\Exceptions->errorHandler(2, 'Undefined array key 0', 'D:\\xampp\\htdocs\\Webinar\\app\\Views\\user\\deskripsi.php', 6)
 2 SYSTEMPATH\View\View.php(224): include('D:\\xampp\\htdocs\\Webinar\\app\\Views\\user\\deskripsi.php')
 3 SYSTEMPATH\View\View.php(227): CodeIgniter\View\View->CodeIgniter\View\{closure}()
 4 SYSTEMPATH\Common.php(1180): CodeIgniter\View\View->render('user/deskripsi', [], true)
 5 APPPATH\Controllers\Customer.php(33): view('user/deskripsi')
 6 SYSTEMPATH\CodeIgniter.php(932): App\Controllers\Customer->detailwebinar('img', 'lampung cerdas.webp')
 7 SYSTEMPATH\CodeIgniter.php(497): CodeIgniter\CodeIgniter->runController(Object(App\Controllers\Customer))
 8 SYSTEMPATH\CodeIgniter.php(366): CodeIgniter\CodeIgniter->handleRequest(null, Object(Config\Cache), false)
 9 FCPATH\index.php(67): CodeIgniter\CodeIgniter->run()
10 SYSTEMPATH\Commands\Server\rewrite.php(47): require_once('D:\\xampp\\htdocs\\Webinar\\public\\index.php')
CRITICAL - 2024-04-16 13:39:30 --> Undefined array key 0
in APPPATH\Views\user\deskripsi.php on line 6.
 1 APPPATH\Views\user\deskripsi.php(6): CodeIgniter\Debug\Exceptions->errorHandler(2, 'Undefined array key 0', 'D:\\xampp\\htdocs\\Webinar\\app\\Views\\user\\deskripsi.php', 6)
 2 SYSTEMPATH\View\View.php(224): include('D:\\xampp\\htdocs\\Webinar\\app\\Views\\user\\deskripsi.php')
 3 SYSTEMPATH\View\View.php(227): CodeIgniter\View\View->CodeIgniter\View\{closure}()
 4 SYSTEMPATH\Common.php(1180): CodeIgniter\View\View->render('user/deskripsi', [], true)
 5 APPPATH\Controllers\Customer.php(33): view('user/deskripsi')
 6 SYSTEMPATH\CodeIgniter.php(932): App\Controllers\Customer->detailwebinar('img', 'lampung cerdas.webp')
 7 SYSTEMPATH\CodeIgniter.php(497): CodeIgniter\CodeIgniter->runController(Object(App\Controllers\Customer))
 8 SYSTEMPATH\CodeIgniter.php(366): CodeIgniter\CodeIgniter->handleRequest(null, Object(Config\Cache), false)
 9 FCPATH\index.php(67): CodeIgniter\CodeIgniter->run()
10 SYSTEMPATH\Commands\Server\rewrite.php(47): require_once('D:\\xampp\\htdocs\\Webinar\\public\\index.php')
CRITICAL - 2024-04-16 13:40:05 --> Undefined array key 0
in APPPATH\Views\user\deskripsi.php on line 6.
 1 APPPATH\Views\user\deskripsi.php(6): CodeIgniter\Debug\Exceptions->errorHandler(2, 'Undefined array key 0', 'D:\\xampp\\htdocs\\Webinar\\app\\Views\\user\\deskripsi.php', 6)
 2 SYSTEMPATH\View\View.php(224): include('D:\\xampp\\htdocs\\Webinar\\app\\Views\\user\\deskripsi.php')
 3 SYSTEMPATH\View\View.php(227): CodeIgniter\View\View->CodeIgniter\View\{closure}()
 4 SYSTEMPATH\Common.php(1180): CodeIgniter\View\View->render('user/deskripsi', [], true)
 5 APPPATH\Controllers\Customer.php(33): view('user/deskripsi')
 6 SYSTEMPATH\CodeIgniter.php(932): App\Controllers\Customer->detailwebinar('img', 'lampung cerdas.webp')
 7 SYSTEMPATH\CodeIgniter.php(497): CodeIgniter\CodeIgniter->runController(Object(App\Controllers\Customer))
 8 SYSTEMPATH\CodeIgniter.php(366): CodeIgniter\CodeIgniter->handleRequest(null, Object(Config\Cache), false)
 9 FCPATH\index.php(67): CodeIgniter\CodeIgniter->run()
10 SYSTEMPATH\Commands\Server\rewrite.php(47): require_once('D:\\xampp\\htdocs\\Webinar\\public\\index.php')
CRITICAL - 2024-04-16 13:40:30 --> Undefined array key 0
in APPPATH\Views\user\deskripsi.php on line 6.
 1 APPPATH\Views\user\deskripsi.php(6): CodeIgniter\Debug\Exceptions->errorHandler(2, 'Undefined array key 0', 'D:\\xampp\\htdocs\\Webinar\\app\\Views\\user\\deskripsi.php', 6)
 2 SYSTEMPATH\View\View.php(224): include('D:\\xampp\\htdocs\\Webinar\\app\\Views\\user\\deskripsi.php')
 3 SYSTEMPATH\View\View.php(227): CodeIgniter\View\View->CodeIgniter\View\{closure}()
 4 SYSTEMPATH\Common.php(1180): CodeIgniter\View\View->render('user/deskripsi', [], true)
 5 APPPATH\Controllers\Customer.php(33): view('user/deskripsi')
 6 SYSTEMPATH\CodeIgniter.php(932): App\Controllers\Customer->detailwebinar('img', 'lampung cerdas.webp')
 7 SYSTEMPATH\CodeIgniter.php(497): CodeIgniter\CodeIgniter->runController(Object(App\Controllers\Customer))
 8 SYSTEMPATH\CodeIgniter.php(366): CodeIgniter\CodeIgniter->handleRequest(null, Object(Config\Cache), false)
 9 FCPATH\index.php(67): CodeIgniter\CodeIgniter->run()
10 SYSTEMPATH\Commands\Server\rewrite.php(47): require_once('D:\\xampp\\htdocs\\Webinar\\public\\index.php')
CRITICAL - 2024-04-16 13:41:29 --> Undefined array key 0
in APPPATH\Views\user\deskripsi.php on line 6.
 1 APPPATH\Views\user\deskripsi.php(6): CodeIgniter\Debug\Exceptions->errorHandler(2, 'Undefined array key 0', 'D:\\xampp\\htdocs\\Webinar\\app\\Views\\user\\deskripsi.php', 6)
 2 SYSTEMPATH\View\View.php(224): include('D:\\xampp\\htdocs\\Webinar\\app\\Views\\user\\deskripsi.php')
 3 SYSTEMPATH\View\View.php(227): CodeIgniter\View\View->CodeIgniter\View\{closure}()
 4 SYSTEMPATH\Common.php(1180): CodeIgniter\View\View->render('user/deskripsi', [], true)
 5 APPPATH\Controllers\Customer.php(33): view('user/deskripsi')
 6 SYSTEMPATH\CodeIgniter.php(932): App\Controllers\Customer->detailwebinar('img', 'lampung cerdas.webp')
 7 SYSTEMPATH\CodeIgniter.php(497): CodeIgniter\CodeIgniter->runController(Object(App\Controllers\Customer))
 8 SYSTEMPATH\CodeIgniter.php(366): CodeIgniter\CodeIgniter->handleRequest(null, Object(Config\Cache), false)
 9 FCPATH\index.php(67): CodeIgniter\CodeIgniter->run()
10 SYSTEMPATH\Commands\Server\rewrite.php(47): require_once('D:\\xampp\\htdocs\\Webinar\\public\\index.php')
CRITICAL - 2024-04-16 13:41:48 --> Undefined array key 0
in APPPATH\Views\user\deskripsi.php on line 6.
 1 APPPATH\Views\user\deskripsi.php(6): CodeIgniter\Debug\Exceptions->errorHandler(2, 'Undefined array key 0', 'D:\\xampp\\htdocs\\Webinar\\app\\Views\\user\\deskripsi.php', 6)
 2 SYSTEMPATH\View\View.php(224): include('D:\\xampp\\htdocs\\Webinar\\app\\Views\\user\\deskripsi.php')
 3 SYSTEMPATH\View\View.php(227): CodeIgniter\View\View->CodeIgniter\View\{closure}()
 4 SYSTEMPATH\Common.php(1180): CodeIgniter\View\View->render('user/deskripsi', [], true)
 5 APPPATH\Controllers\Customer.php(33): view('user/deskripsi')
 6 SYSTEMPATH\CodeIgniter.php(932): App\Controllers\Customer->detailwebinar('img', 'lampung cerdas.webp')
 7 SYSTEMPATH\CodeIgniter.php(497): CodeIgniter\CodeIgniter->runController(Object(App\Controllers\Customer))
 8 SYSTEMPATH\CodeIgniter.php(366): CodeIgniter\CodeIgniter->handleRequest(null, Object(Config\Cache), false)
 9 FCPATH\index.php(67): CodeIgniter\CodeIgniter->run()
10 SYSTEMPATH\Commands\Server\rewrite.php(47): require_once('D:\\xampp\\htdocs\\Webinar\\public\\index.php')
CRITICAL - 2024-04-16 13:43:01 --> Undefined variable $pendaftar
in APPPATH\Views\dashboard.php on line 61.
 1 APPPATH\Views\dashboard.php(61): CodeIgniter\Debug\Exceptions->errorHandler(2, 'Undefined variable $pendaftar', 'D:\\xampp\\htdocs\\Webinar\\app\\Views\\dashboard.php', 61)
 2 SYSTEMPATH\View\View.php(224): include('D:\\xampp\\htdocs\\Webinar\\app\\Views\\dashboard.php')
 3 SYSTEMPATH\View\View.php(227): CodeIgniter\View\View->CodeIgniter\View\{closure}()
 4 SYSTEMPATH\Common.php(1180): CodeIgniter\View\View->render('dashboard', [], true)
 5 APPPATH\Controllers\Admin.php(41): view('dashboard')
 6 SYSTEMPATH\CodeIgniter.php(932): App\Controllers\Admin->dashboard()
 7 SYSTEMPATH\CodeIgniter.php(497): CodeIgniter\CodeIgniter->runController(Object(App\Controllers\Admin))
 8 SYSTEMPATH\CodeIgniter.php(366): CodeIgniter\CodeIgniter->handleRequest(null, Object(Config\Cache), false)
 9 FCPATH\index.php(67): CodeIgniter\CodeIgniter->run()
10 SYSTEMPATH\Commands\Server\rewrite.php(47): require_once('D:\\xampp\\htdocs\\Webinar\\public\\index.php')
CRITICAL - 2024-04-16 13:44:09 --> Undefined variable $pendaftar
in APPPATH\Views\dashboard.php on line 61.
 1 APPPATH\Views\dashboard.php(61): CodeIgniter\Debug\Exceptions->errorHandler(2, 'Undefined variable $pendaftar', 'D:\\xampp\\htdocs\\Webinar\\app\\Views\\dashboard.php', 61)
 2 SYSTEMPATH\View\View.php(224): include('D:\\xampp\\htdocs\\Webinar\\app\\Views\\dashboard.php')
 3 SYSTEMPATH\View\View.php(227): CodeIgniter\View\View->CodeIgniter\View\{closure}()
 4 SYSTEMPATH\Common.php(1180): CodeIgniter\View\View->render('dashboard', [], true)
 5 APPPATH\Controllers\Admin.php(41): view('dashboard')
 6 SYSTEMPATH\CodeIgniter.php(932): App\Controllers\Admin->dashboard()
 7 SYSTEMPATH\CodeIgniter.php(497): CodeIgniter\CodeIgniter->runController(Object(App\Controllers\Admin))
 8 SYSTEMPATH\CodeIgniter.php(366): CodeIgniter\CodeIgniter->handleRequest(null, Object(Config\Cache), false)
 9 FCPATH\index.php(67): CodeIgniter\CodeIgniter->run()
10 SYSTEMPATH\Commands\Server\rewrite.php(47): require_once('D:\\xampp\\htdocs\\Webinar\\public\\index.php')
CRITICAL - 2024-04-16 13:44:18 --> Undefined variable $pendaftar
in APPPATH\Views\dashboard.php on line 61.
 1 APPPATH\Views\dashboard.php(61): CodeIgniter\Debug\Exceptions->errorHandler(2, 'Undefined variable $pendaftar', 'D:\\xampp\\htdocs\\Webinar\\app\\Views\\dashboard.php', 61)
 2 SYSTEMPATH\View\View.php(224): include('D:\\xampp\\htdocs\\Webinar\\app\\Views\\dashboard.php')
 3 SYSTEMPATH\View\View.php(227): CodeIgniter\View\View->CodeIgniter\View\{closure}()
 4 SYSTEMPATH\Common.php(1180): CodeIgniter\View\View->render('dashboard', [], true)
 5 APPPATH\Controllers\Admin.php(41): view('dashboard')
 6 SYSTEMPATH\CodeIgniter.php(932): App\Controllers\Admin->dashboard()
 7 SYSTEMPATH\CodeIgniter.php(497): CodeIgniter\CodeIgniter->runController(Object(App\Controllers\Admin))
 8 SYSTEMPATH\CodeIgniter.php(366): CodeIgniter\CodeIgniter->handleRequest(null, Object(Config\Cache), false)
 9 FCPATH\index.php(67): CodeIgniter\CodeIgniter->run()
10 SYSTEMPATH\Commands\Server\rewrite.php(47): require_once('D:\\xampp\\htdocs\\Webinar\\public\\index.php')
CRITICAL - 2024-04-16 13:44:24 --> Undefined variable $pendaftar
in APPPATH\Views\dashboard.php on line 61.
 1 APPPATH\Views\dashboard.php(61): CodeIgniter\Debug\Exceptions->errorHandler(2, 'Undefined variable $pendaftar', 'D:\\xampp\\htdocs\\Webinar\\app\\Views\\dashboard.php', 61)
 2 SYSTEMPATH\View\View.php(224): include('D:\\xampp\\htdocs\\Webinar\\app\\Views\\dashboard.php')
 3 SYSTEMPATH\View\View.php(227): CodeIgniter\View\View->CodeIgniter\View\{closure}()
 4 SYSTEMPATH\Common.php(1180): CodeIgniter\View\View->render('dashboard', [], true)
 5 APPPATH\Controllers\Admin.php(41): view('dashboard')
 6 SYSTEMPATH\CodeIgniter.php(932): App\Controllers\Admin->dashboard()
 7 SYSTEMPATH\CodeIgniter.php(497): CodeIgniter\CodeIgniter->runController(Object(App\Controllers\Admin))
 8 SYSTEMPATH\CodeIgniter.php(366): CodeIgniter\CodeIgniter->handleRequest(null, Object(Config\Cache), false)
 9 FCPATH\index.php(67): CodeIgniter\CodeIgniter->run()
10 SYSTEMPATH\Commands\Server\rewrite.php(47): require_once('D:\\xampp\\htdocs\\Webinar\\public\\index.php')
CRITICAL - 2024-04-16 13:44:27 --> Undefined variable $pendaftar
in APPPATH\Views\dashboard.php on line 61.
 1 APPPATH\Views\dashboard.php(61): CodeIgniter\Debug\Exceptions->errorHandler(2, 'Undefined variable $pendaftar', 'D:\\xampp\\htdocs\\Webinar\\app\\Views\\dashboard.php', 61)
 2 SYSTEMPATH\View\View.php(224): include('D:\\xampp\\htdocs\\Webinar\\app\\Views\\dashboard.php')
 3 SYSTEMPATH\View\View.php(227): CodeIgniter\View\View->CodeIgniter\View\{closure}()
 4 SYSTEMPATH\Common.php(1180): CodeIgniter\View\View->render('dashboard', [], true)
 5 APPPATH\Controllers\Admin.php(41): view('dashboard')
 6 SYSTEMPATH\CodeIgniter.php(932): App\Controllers\Admin->dashboard()
 7 SYSTEMPATH\CodeIgniter.php(497): CodeIgniter\CodeIgniter->runController(Object(App\Controllers\Admin))
 8 SYSTEMPATH\CodeIgniter.php(366): CodeIgniter\CodeIgniter->handleRequest(null, Object(Config\Cache), false)
 9 FCPATH\index.php(67): CodeIgniter\CodeIgniter->run()
10 SYSTEMPATH\Commands\Server\rewrite.php(47): require_once('D:\\xampp\\htdocs\\Webinar\\public\\index.php')
CRITICAL - 2024-04-16 13:47:51 --> Undefined variable $pendaftar
in APPPATH\Views\dashboard.php on line 61.
 1 APPPATH\Views\dashboard.php(61): CodeIgniter\Debug\Exceptions->errorHandler(2, 'Undefined variable $pendaftar', 'D:\\xampp\\htdocs\\Webinar\\app\\Views\\dashboard.php', 61)
 2 SYSTEMPATH\View\View.php(224): include('D:\\xampp\\htdocs\\Webinar\\app\\Views\\dashboard.php')
 3 SYSTEMPATH\View\View.php(227): CodeIgniter\View\View->CodeIgniter\View\{closure}()
 4 SYSTEMPATH\Common.php(1180): CodeIgniter\View\View->render('dashboard', [], true)
 5 APPPATH\Controllers\Admin.php(41): view('dashboard')
 6 SYSTEMPATH\CodeIgniter.php(932): App\Controllers\Admin->dashboard()
 7 SYSTEMPATH\CodeIgniter.php(497): CodeIgniter\CodeIgniter->runController(Object(App\Controllers\Admin))
 8 SYSTEMPATH\CodeIgniter.php(366): CodeIgniter\CodeIgniter->handleRequest(null, Object(Config\Cache), false)
 9 FCPATH\index.php(67): CodeIgniter\CodeIgniter->run()
10 SYSTEMPATH\Commands\Server\rewrite.php(47): require_once('D:\\xampp\\htdocs\\Webinar\\public\\index.php')
CRITICAL - 2024-04-16 13:48:53 --> Undefined variable $pendaftar
in APPPATH\Views\dashboard.php on line 61.
 1 APPPATH\Views\dashboard.php(61): CodeIgniter\Debug\Exceptions->errorHandler(2, 'Undefined variable $pendaftar', 'D:\\xampp\\htdocs\\Webinar\\app\\Views\\dashboard.php', 61)
 2 SYSTEMPATH\View\View.php(224): include('D:\\xampp\\htdocs\\Webinar\\app\\Views\\dashboard.php')
 3 SYSTEMPATH\View\View.php(227): CodeIgniter\View\View->CodeIgniter\View\{closure}()
 4 SYSTEMPATH\Common.php(1180): CodeIgniter\View\View->render('dashboard', [], true)
 5 APPPATH\Controllers\Admin.php(41): view('dashboard')
 6 SYSTEMPATH\CodeIgniter.php(932): App\Controllers\Admin->dashboard()
 7 SYSTEMPATH\CodeIgniter.php(497): CodeIgniter\CodeIgniter->runController(Object(App\Controllers\Admin))
 8 SYSTEMPATH\CodeIgniter.php(366): CodeIgniter\CodeIgniter->handleRequest(null, Object(Config\Cache), false)
 9 FCPATH\index.php(67): CodeIgniter\CodeIgniter->run()
10 SYSTEMPATH\Commands\Server\rewrite.php(47): require_once('D:\\xampp\\htdocs\\Webinar\\public\\index.php')
CRITICAL - 2024-04-16 13:51:21 --> Undefined array key 0
in APPPATH\Views\user\deskripsi.php on line 6.
 1 APPPATH\Views\user\deskripsi.php(6): CodeIgniter\Debug\Exceptions->errorHandler(2, 'Undefined array key 0', 'D:\\xampp\\htdocs\\Webinar\\app\\Views\\user\\deskripsi.php', 6)
 2 SYSTEMPATH\View\View.php(224): include('D:\\xampp\\htdocs\\Webinar\\app\\Views\\user\\deskripsi.php')
 3 SYSTEMPATH\View\View.php(227): CodeIgniter\View\View->CodeIgniter\View\{closure}()
 4 SYSTEMPATH\Common.php(1180): CodeIgniter\View\View->render('user/deskripsi', [], true)
 5 APPPATH\Controllers\Customer.php(33): view('user/deskripsi')
 6 SYSTEMPATH\CodeIgniter.php(932): App\Controllers\Customer->detailwebinar('img', 'lampung cerdas.webp')
 7 SYSTEMPATH\CodeIgniter.php(497): CodeIgniter\CodeIgniter->runController(Object(App\Controllers\Customer))
 8 SYSTEMPATH\CodeIgniter.php(366): CodeIgniter\CodeIgniter->handleRequest(null, Object(Config\Cache), false)
 9 FCPATH\index.php(67): CodeIgniter\CodeIgniter->run()
10 SYSTEMPATH\Commands\Server\rewrite.php(47): require_once('D:\\xampp\\htdocs\\Webinar\\public\\index.php')
CRITICAL - 2024-04-16 13:53:20 --> Undefined array key 0
in APPPATH\Views\user\deskripsi.php on line 6.
 1 APPPATH\Views\user\deskripsi.php(6): CodeIgniter\Debug\Exceptions->errorHandler(2, 'Undefined array key 0', 'D:\\xampp\\htdocs\\Webinar\\app\\Views\\user\\deskripsi.php', 6)
 2 SYSTEMPATH\View\View.php(224): include('D:\\xampp\\htdocs\\Webinar\\app\\Views\\user\\deskripsi.php')
 3 SYSTEMPATH\View\View.php(227): CodeIgniter\View\View->CodeIgniter\View\{closure}()
 4 SYSTEMPATH\Common.php(1180): CodeIgniter\View\View->render('user/deskripsi', [], true)
 5 APPPATH\Controllers\Customer.php(33): view('user/deskripsi')
 6 SYSTEMPATH\CodeIgniter.php(932): App\Controllers\Customer->detailwebinar('img', 'lampung cerdas.webp')
 7 SYSTEMPATH\CodeIgniter.php(497): CodeIgniter\CodeIgniter->runController(Object(App\Controllers\Customer))
 8 SYSTEMPATH\CodeIgniter.php(366): CodeIgniter\CodeIgniter->handleRequest(null, Object(Config\Cache), false)
 9 FCPATH\index.php(67): CodeIgniter\CodeIgniter->run()
10 SYSTEMPATH\Commands\Server\rewrite.php(47): require_once('D:\\xampp\\htdocs\\Webinar\\public\\index.php')
CRITICAL - 2024-04-16 13:53:24 --> Undefined array key 0
in APPPATH\Views\user\deskripsi.php on line 6.
 1 APPPATH\Views\user\deskripsi.php(6): CodeIgniter\Debug\Exceptions->errorHandler(2, 'Undefined array key 0', 'D:\\xampp\\htdocs\\Webinar\\app\\Views\\user\\deskripsi.php', 6)
 2 SYSTEMPATH\View\View.php(224): include('D:\\xampp\\htdocs\\Webinar\\app\\Views\\user\\deskripsi.php')
 3 SYSTEMPATH\View\View.php(227): CodeIgniter\View\View->CodeIgniter\View\{closure}()
 4 SYSTEMPATH\Common.php(1180): CodeIgniter\View\View->render('user/deskripsi', [], true)
 5 APPPATH\Controllers\Customer.php(33): view('user/deskripsi')
 6 SYSTEMPATH\CodeIgniter.php(932): App\Controllers\Customer->detailwebinar('img', 'lampung cerdas.webp')
 7 SYSTEMPATH\CodeIgniter.php(497): CodeIgniter\CodeIgniter->runController(Object(App\Controllers\Customer))
 8 SYSTEMPATH\CodeIgniter.php(366): CodeIgniter\CodeIgniter->handleRequest(null, Object(Config\Cache), false)
 9 FCPATH\index.php(67): CodeIgniter\CodeIgniter->run()
10 SYSTEMPATH\Commands\Server\rewrite.php(47): require_once('D:\\xampp\\htdocs\\Webinar\\public\\index.php')
CRITICAL - 2024-04-16 13:53:48 --> Undefined array key 0
in APPPATH\Views\user\deskripsi.php on line 6.
 1 APPPATH\Views\user\deskripsi.php(6): CodeIgniter\Debug\Exceptions->errorHandler(2, 'Undefined array key 0', 'D:\\xampp\\htdocs\\Webinar\\app\\Views\\user\\deskripsi.php', 6)
 2 SYSTEMPATH\View\View.php(224): include('D:\\xampp\\htdocs\\Webinar\\app\\Views\\user\\deskripsi.php')
 3 SYSTEMPATH\View\View.php(227): CodeIgniter\View\View->CodeIgniter\View\{closure}()
 4 SYSTEMPATH\Common.php(1180): CodeIgniter\View\View->render('user/deskripsi', [], true)
 5 APPPATH\Controllers\Customer.php(33): view('user/deskripsi')
 6 SYSTEMPATH\CodeIgniter.php(932): App\Controllers\Customer->detailwebinar('img', 'lampung cerdas.webp')
 7 SYSTEMPATH\CodeIgniter.php(497): CodeIgniter\CodeIgniter->runController(Object(App\Controllers\Customer))
 8 SYSTEMPATH\CodeIgniter.php(366): CodeIgniter\CodeIgniter->handleRequest(null, Object(Config\Cache), false)
 9 FCPATH\index.php(67): CodeIgniter\CodeIgniter->run()
10 SYSTEMPATH\Commands\Server\rewrite.php(47): require_once('D:\\xampp\\htdocs\\Webinar\\public\\index.php')
CRITICAL - 2024-04-16 13:54:00 --> Undefined array key 0
in APPPATH\Views\user\deskripsi.php on line 6.
 1 APPPATH\Views\user\deskripsi.php(6): CodeIgniter\Debug\Exceptions->errorHandler(2, 'Undefined array key 0', 'D:\\xampp\\htdocs\\Webinar\\app\\Views\\user\\deskripsi.php', 6)
 2 SYSTEMPATH\View\View.php(224): include('D:\\xampp\\htdocs\\Webinar\\app\\Views\\user\\deskripsi.php')
 3 SYSTEMPATH\View\View.php(227): CodeIgniter\View\View->CodeIgniter\View\{closure}()
 4 SYSTEMPATH\Common.php(1180): CodeIgniter\View\View->render('user/deskripsi', [], true)
 5 APPPATH\Controllers\Customer.php(33): view('user/deskripsi')
 6 SYSTEMPATH\CodeIgniter.php(932): App\Controllers\Customer->detailwebinar('img', 'lampung cerdas.webp')
 7 SYSTEMPATH\CodeIgniter.php(497): CodeIgniter\CodeIgniter->runController(Object(App\Controllers\Customer))
 8 SYSTEMPATH\CodeIgniter.php(366): CodeIgniter\CodeIgniter->handleRequest(null, Object(Config\Cache), false)
 9 FCPATH\index.php(67): CodeIgniter\CodeIgniter->run()
10 SYSTEMPATH\Commands\Server\rewrite.php(47): require_once('D:\\xampp\\htdocs\\Webinar\\public\\index.php')
CRITICAL - 2024-04-16 13:54:18 --> Undefined array key 0
in APPPATH\Views\user\deskripsi.php on line 6.
 1 APPPATH\Views\user\deskripsi.php(6): CodeIgniter\Debug\Exceptions->errorHandler(2, 'Undefined array key 0', 'D:\\xampp\\htdocs\\Webinar\\app\\Views\\user\\deskripsi.php', 6)
 2 SYSTEMPATH\View\View.php(224): include('D:\\xampp\\htdocs\\Webinar\\app\\Views\\user\\deskripsi.php')
 3 SYSTEMPATH\View\View.php(227): CodeIgniter\View\View->CodeIgniter\View\{closure}()
 4 SYSTEMPATH\Common.php(1180): CodeIgniter\View\View->render('user/deskripsi', [], true)
 5 APPPATH\Controllers\Customer.php(33): view('user/deskripsi')
 6 SYSTEMPATH\CodeIgniter.php(932): App\Controllers\Customer->detailwebinar('img', 'lampung cerdas.webp')
 7 SYSTEMPATH\CodeIgniter.php(497): CodeIgniter\CodeIgniter->runController(Object(App\Controllers\Customer))
 8 SYSTEMPATH\CodeIgniter.php(366): CodeIgniter\CodeIgniter->handleRequest(null, Object(Config\Cache), false)
 9 FCPATH\index.php(67): CodeIgniter\CodeIgniter->run()
10 SYSTEMPATH\Commands\Server\rewrite.php(47): require_once('D:\\xampp\\htdocs\\Webinar\\public\\index.php')
CRITICAL - 2024-04-16 13:54:37 --> Undefined array key 0
in APPPATH\Views\user\deskripsi.php on line 6.
 1 APPPATH\Views\user\deskripsi.php(6): CodeIgniter\Debug\Exceptions->errorHandler(2, 'Undefined array key 0', 'D:\\xampp\\htdocs\\Webinar\\app\\Views\\user\\deskripsi.php', 6)
 2 SYSTEMPATH\View\View.php(224): include('D:\\xampp\\htdocs\\Webinar\\app\\Views\\user\\deskripsi.php')
 3 SYSTEMPATH\View\View.php(227): CodeIgniter\View\View->CodeIgniter\View\{closure}()
 4 SYSTEMPATH\Common.php(1180): CodeIgniter\View\View->render('user/deskripsi', [], true)
 5 APPPATH\Controllers\Customer.php(33): view('user/deskripsi')
 6 SYSTEMPATH\CodeIgniter.php(932): App\Controllers\Customer->detailwebinar('img', 'lampung cerdas.webp')
 7 SYSTEMPATH\CodeIgniter.php(497): CodeIgniter\CodeIgniter->runController(Object(App\Controllers\Customer))
 8 SYSTEMPATH\CodeIgniter.php(366): CodeIgniter\CodeIgniter->handleRequest(null, Object(Config\Cache), false)
 9 FCPATH\index.php(67): CodeIgniter\CodeIgniter->run()
10 SYSTEMPATH\Commands\Server\rewrite.php(47): require_once('D:\\xampp\\htdocs\\Webinar\\public\\index.php')
CRITICAL - 2024-04-16 13:54:45 --> Undefined array key 0
in APPPATH\Views\user\deskripsi.php on line 6.
 1 APPPATH\Views\user\deskripsi.php(6): CodeIgniter\Debug\Exceptions->errorHandler(2, 'Undefined array key 0', 'D:\\xampp\\htdocs\\Webinar\\app\\Views\\user\\deskripsi.php', 6)
 2 SYSTEMPATH\View\View.php(224): include('D:\\xampp\\htdocs\\Webinar\\app\\Views\\user\\deskripsi.php')
 3 SYSTEMPATH\View\View.php(227): CodeIgniter\View\View->CodeIgniter\View\{closure}()
 4 SYSTEMPATH\Common.php(1180): CodeIgniter\View\View->render('user/deskripsi', [], true)
 5 APPPATH\Controllers\Customer.php(33): view('user/deskripsi')
 6 SYSTEMPATH\CodeIgniter.php(932): App\Controllers\Customer->detailwebinar('img', 'lampung cerdas.webp')
 7 SYSTEMPATH\CodeIgniter.php(497): CodeIgniter\CodeIgniter->runController(Object(App\Controllers\Customer))
 8 SYSTEMPATH\CodeIgniter.php(366): CodeIgniter\CodeIgniter->handleRequest(null, Object(Config\Cache), false)
 9 FCPATH\index.php(67): CodeIgniter\CodeIgniter->run()
10 SYSTEMPATH\Commands\Server\rewrite.php(47): require_once('D:\\xampp\\htdocs\\Webinar\\public\\index.php')
CRITICAL - 2024-04-16 13:55:28 --> Undefined array key 0
in APPPATH\Views\user\deskripsi.php on line 6.
 1 APPPATH\Views\user\deskripsi.php(6): CodeIgniter\Debug\Exceptions->errorHandler(2, 'Undefined array key 0', 'D:\\xampp\\htdocs\\Webinar\\app\\Views\\user\\deskripsi.php', 6)
 2 SYSTEMPATH\View\View.php(224): include('D:\\xampp\\htdocs\\Webinar\\app\\Views\\user\\deskripsi.php')
 3 SYSTEMPATH\View\View.php(227): CodeIgniter\View\View->CodeIgniter\View\{closure}()
 4 SYSTEMPATH\Common.php(1180): CodeIgniter\View\View->render('user/deskripsi', [], true)
 5 APPPATH\Controllers\Customer.php(33): view('user/deskripsi')
 6 SYSTEMPATH\CodeIgniter.php(932): App\Controllers\Customer->detailwebinar('img', 'lampung cerdas.webp')
 7 SYSTEMPATH\CodeIgniter.php(497): CodeIgniter\CodeIgniter->runController(Object(App\Controllers\Customer))
 8 SYSTEMPATH\CodeIgniter.php(366): CodeIgniter\CodeIgniter->handleRequest(null, Object(Config\Cache), false)
 9 FCPATH\index.php(67): CodeIgniter\CodeIgniter->run()
10 SYSTEMPATH\Commands\Server\rewrite.php(47): require_once('D:\\xampp\\htdocs\\Webinar\\public\\index.php')
CRITICAL - 2024-04-16 13:58:23 --> Undefined array key 0
in APPPATH\Views\user\deskripsi.php on line 6.
 1 APPPATH\Views\user\deskripsi.php(6): CodeIgniter\Debug\Exceptions->errorHandler(2, 'Undefined array key 0', 'D:\\xampp\\htdocs\\Webinar\\app\\Views\\user\\deskripsi.php', 6)
 2 SYSTEMPATH\View\View.php(224): include('D:\\xampp\\htdocs\\Webinar\\app\\Views\\user\\deskripsi.php')
 3 SYSTEMPATH\View\View.php(227): CodeIgniter\View\View->CodeIgniter\View\{closure}()
 4 SYSTEMPATH\Common.php(1180): CodeIgniter\View\View->render('user/deskripsi', [], true)
 5 APPPATH\Controllers\Customer.php(33): view('user/deskripsi')
 6 SYSTEMPATH\CodeIgniter.php(932): App\Controllers\Customer->detailwebinar('img', 'lampung cerdas.webp')
 7 SYSTEMPATH\CodeIgniter.php(497): CodeIgniter\CodeIgniter->runController(Object(App\Controllers\Customer))
 8 SYSTEMPATH\CodeIgniter.php(366): CodeIgniter\CodeIgniter->handleRequest(null, Object(Config\Cache), false)
 9 FCPATH\index.php(67): CodeIgniter\CodeIgniter->run()
10 SYSTEMPATH\Commands\Server\rewrite.php(47): require_once('D:\\xampp\\htdocs\\Webinar\\public\\index.php')
CRITICAL - 2024-04-16 13:58:39 --> Undefined array key 0
in APPPATH\Views\user\deskripsi.php on line 6.
 1 APPPATH\Views\user\deskripsi.php(6): CodeIgniter\Debug\Exceptions->errorHandler(2, 'Undefined array key 0', 'D:\\xampp\\htdocs\\Webinar\\app\\Views\\user\\deskripsi.php', 6)
 2 SYSTEMPATH\View\View.php(224): include('D:\\xampp\\htdocs\\Webinar\\app\\Views\\user\\deskripsi.php')
 3 SYSTEMPATH\View\View.php(227): CodeIgniter\View\View->CodeIgniter\View\{closure}()
 4 SYSTEMPATH\Common.php(1180): CodeIgniter\View\View->render('user/deskripsi', [], true)
 5 APPPATH\Controllers\Customer.php(33): view('user/deskripsi')
 6 SYSTEMPATH\CodeIgniter.php(932): App\Controllers\Customer->detailwebinar('img', 'lampung cerdas.webp')
 7 SYSTEMPATH\CodeIgniter.php(497): CodeIgniter\CodeIgniter->runController(Object(App\Controllers\Customer))
 8 SYSTEMPATH\CodeIgniter.php(366): CodeIgniter\CodeIgniter->handleRequest(null, Object(Config\Cache), false)
 9 FCPATH\index.php(67): CodeIgniter\CodeIgniter->run()
10 SYSTEMPATH\Commands\Server\rewrite.php(47): require_once('D:\\xampp\\htdocs\\Webinar\\public\\index.php')
CRITICAL - 2024-04-16 13:58:49 --> Undefined array key 0
in APPPATH\Views\user\deskripsi.php on line 6.
 1 APPPATH\Views\user\deskripsi.php(6): CodeIgniter\Debug\Exceptions->errorHandler(2, 'Undefined array key 0', 'D:\\xampp\\htdocs\\Webinar\\app\\Views\\user\\deskripsi.php', 6)
 2 SYSTEMPATH\View\View.php(224): include('D:\\xampp\\htdocs\\Webinar\\app\\Views\\user\\deskripsi.php')
 3 SYSTEMPATH\View\View.php(227): CodeIgniter\View\View->CodeIgniter\View\{closure}()
 4 SYSTEMPATH\Common.php(1180): CodeIgniter\View\View->render('user/deskripsi', [], true)
 5 APPPATH\Controllers\Customer.php(33): view('user/deskripsi')
 6 SYSTEMPATH\CodeIgniter.php(932): App\Controllers\Customer->detailwebinar('img', 'lampung cerdas.webp')
 7 SYSTEMPATH\CodeIgniter.php(497): CodeIgniter\CodeIgniter->runController(Object(App\Controllers\Customer))
 8 SYSTEMPATH\CodeIgniter.php(366): CodeIgniter\CodeIgniter->handleRequest(null, Object(Config\Cache), false)
 9 FCPATH\index.php(67): CodeIgniter\CodeIgniter->run()
10 SYSTEMPATH\Commands\Server\rewrite.php(47): require_once('D:\\xampp\\htdocs\\Webinar\\public\\index.php')
CRITICAL - 2024-04-16 13:58:58 --> Undefined array key 0
in APPPATH\Views\user\deskripsi.php on line 6.
 1 APPPATH\Views\user\deskripsi.php(6): CodeIgniter\Debug\Exceptions->errorHandler(2, 'Undefined array key 0', 'D:\\xampp\\htdocs\\Webinar\\app\\Views\\user\\deskripsi.php', 6)
 2 SYSTEMPATH\View\View.php(224): include('D:\\xampp\\htdocs\\Webinar\\app\\Views\\user\\deskripsi.php')
 3 SYSTEMPATH\View\View.php(227): CodeIgniter\View\View->CodeIgniter\View\{closure}()
 4 SYSTEMPATH\Common.php(1180): CodeIgniter\View\View->render('user/deskripsi', [], true)
 5 APPPATH\Controllers\Customer.php(33): view('user/deskripsi')
 6 SYSTEMPATH\CodeIgniter.php(932): App\Controllers\Customer->detailwebinar('img', 'lampung cerdas.webp')
 7 SYSTEMPATH\CodeIgniter.php(497): CodeIgniter\CodeIgniter->runController(Object(App\Controllers\Customer))
 8 SYSTEMPATH\CodeIgniter.php(366): CodeIgniter\CodeIgniter->handleRequest(null, Object(Config\Cache), false)
 9 FCPATH\index.php(67): CodeIgniter\CodeIgniter->run()
10 SYSTEMPATH\Commands\Server\rewrite.php(47): require_once('D:\\xampp\\htdocs\\Webinar\\public\\index.php')
CRITICAL - 2024-04-16 13:59:35 --> Undefined array key 0
in APPPATH\Views\user\deskripsi.php on line 6.
 1 APPPATH\Views\user\deskripsi.php(6): CodeIgniter\Debug\Exceptions->errorHandler(2, 'Undefined array key 0', 'D:\\xampp\\htdocs\\Webinar\\app\\Views\\user\\deskripsi.php', 6)
 2 SYSTEMPATH\View\View.php(224): include('D:\\xampp\\htdocs\\Webinar\\app\\Views\\user\\deskripsi.php')
 3 SYSTEMPATH\View\View.php(227): CodeIgniter\View\View->CodeIgniter\View\{closure}()
 4 SYSTEMPATH\Common.php(1180): CodeIgniter\View\View->render('user/deskripsi', [], true)
 5 APPPATH\Controllers\Customer.php(33): view('user/deskripsi')
 6 SYSTEMPATH\CodeIgniter.php(932): App\Controllers\Customer->detailwebinar('img', 'lampung cerdas.webp')
 7 SYSTEMPATH\CodeIgniter.php(497): CodeIgniter\CodeIgniter->runController(Object(App\Controllers\Customer))
 8 SYSTEMPATH\CodeIgniter.php(366): CodeIgniter\CodeIgniter->handleRequest(null, Object(Config\Cache), false)
 9 FCPATH\index.php(67): CodeIgniter\CodeIgniter->run()
10 SYSTEMPATH\Commands\Server\rewrite.php(47): require_once('D:\\xampp\\htdocs\\Webinar\\public\\index.php')
CRITICAL - 2024-04-16 14:00:12 --> Undefined array key 0
in APPPATH\Views\user\deskripsi.php on line 6.
 1 APPPATH\Views\user\deskripsi.php(6): CodeIgniter\Debug\Exceptions->errorHandler(2, 'Undefined array key 0', 'D:\\xampp\\htdocs\\Webinar\\app\\Views\\user\\deskripsi.php', 6)
 2 SYSTEMPATH\View\View.php(224): include('D:\\xampp\\htdocs\\Webinar\\app\\Views\\user\\deskripsi.php')
 3 SYSTEMPATH\View\View.php(227): CodeIgniter\View\View->CodeIgniter\View\{closure}()
 4 SYSTEMPATH\Common.php(1180): CodeIgniter\View\View->render('user/deskripsi', [], true)
 5 APPPATH\Controllers\Customer.php(33): view('user/deskripsi')
 6 SYSTEMPATH\CodeIgniter.php(932): App\Controllers\Customer->detailwebinar('img', 'lampung cerdas.webp')
 7 SYSTEMPATH\CodeIgniter.php(497): CodeIgniter\CodeIgniter->runController(Object(App\Controllers\Customer))
 8 SYSTEMPATH\CodeIgniter.php(366): CodeIgniter\CodeIgniter->handleRequest(null, Object(Config\Cache), false)
 9 FCPATH\index.php(67): CodeIgniter\CodeIgniter->run()
10 SYSTEMPATH\Commands\Server\rewrite.php(47): require_once('D:\\xampp\\htdocs\\Webinar\\public\\index.php')
CRITICAL - 2024-04-16 14:00:37 --> Undefined array key 0
in APPPATH\Views\user\deskripsi.php on line 6.
 1 APPPATH\Views\user\deskripsi.php(6): CodeIgniter\Debug\Exceptions->errorHandler(2, 'Undefined array key 0', 'D:\\xampp\\htdocs\\Webinar\\app\\Views\\user\\deskripsi.php', 6)
 2 SYSTEMPATH\View\View.php(224): include('D:\\xampp\\htdocs\\Webinar\\app\\Views\\user\\deskripsi.php')
 3 SYSTEMPATH\View\View.php(227): CodeIgniter\View\View->CodeIgniter\View\{closure}()
 4 SYSTEMPATH\Common.php(1180): CodeIgniter\View\View->render('user/deskripsi', [], true)
 5 APPPATH\Controllers\Customer.php(33): view('user/deskripsi')
 6 SYSTEMPATH\CodeIgniter.php(932): App\Controllers\Customer->detailwebinar('img', 'lampung cerdas.webp')
 7 SYSTEMPATH\CodeIgniter.php(497): CodeIgniter\CodeIgniter->runController(Object(App\Controllers\Customer))
 8 SYSTEMPATH\CodeIgniter.php(366): CodeIgniter\CodeIgniter->handleRequest(null, Object(Config\Cache), false)
 9 FCPATH\index.php(67): CodeIgniter\CodeIgniter->run()
10 SYSTEMPATH\Commands\Server\rewrite.php(47): require_once('D:\\xampp\\htdocs\\Webinar\\public\\index.php')
CRITICAL - 2024-04-16 14:01:15 --> Undefined array key 0
in APPPATH\Views\user\deskripsi.php on line 6.
 1 APPPATH\Views\user\deskripsi.php(6): CodeIgniter\Debug\Exceptions->errorHandler(2, 'Undefined array key 0', 'D:\\xampp\\htdocs\\Webinar\\app\\Views\\user\\deskripsi.php', 6)
 2 SYSTEMPATH\View\View.php(224): include('D:\\xampp\\htdocs\\Webinar\\app\\Views\\user\\deskripsi.php')
 3 SYSTEMPATH\View\View.php(227): CodeIgniter\View\View->CodeIgniter\View\{closure}()
 4 SYSTEMPATH\Common.php(1180): CodeIgniter\View\View->render('user/deskripsi', [], true)
 5 APPPATH\Controllers\Customer.php(33): view('user/deskripsi')
 6 SYSTEMPATH\CodeIgniter.php(932): App\Controllers\Customer->detailwebinar('img', 'lampung cerdas.webp')
 7 SYSTEMPATH\CodeIgniter.php(497): CodeIgniter\CodeIgniter->runController(Object(App\Controllers\Customer))
 8 SYSTEMPATH\CodeIgniter.php(366): CodeIgniter\CodeIgniter->handleRequest(null, Object(Config\Cache), false)
 9 FCPATH\index.php(67): CodeIgniter\CodeIgniter->run()
10 SYSTEMPATH\Commands\Server\rewrite.php(47): require_once('D:\\xampp\\htdocs\\Webinar\\public\\index.php')
CRITICAL - 2024-04-16 14:03:12 --> Undefined array key 0
in APPPATH\Views\user\deskripsi.php on line 6.
 1 APPPATH\Views\user\deskripsi.php(6): CodeIgniter\Debug\Exceptions->errorHandler(2, 'Undefined array key 0', 'D:\\xampp\\htdocs\\Webinar\\app\\Views\\user\\deskripsi.php', 6)
 2 SYSTEMPATH\View\View.php(224): include('D:\\xampp\\htdocs\\Webinar\\app\\Views\\user\\deskripsi.php')
 3 SYSTEMPATH\View\View.php(227): CodeIgniter\View\View->CodeIgniter\View\{closure}()
 4 SYSTEMPATH\Common.php(1180): CodeIgniter\View\View->render('user/deskripsi', [], true)
 5 APPPATH\Controllers\Customer.php(33): view('user/deskripsi')
 6 SYSTEMPATH\CodeIgniter.php(932): App\Controllers\Customer->detailwebinar('img', 'lampung cerdas.webp')
 7 SYSTEMPATH\CodeIgniter.php(497): CodeIgniter\CodeIgniter->runController(Object(App\Controllers\Customer))
 8 SYSTEMPATH\CodeIgniter.php(366): CodeIgniter\CodeIgniter->handleRequest(null, Object(Config\Cache), false)
 9 FCPATH\index.php(67): CodeIgniter\CodeIgniter->run()
10 SYSTEMPATH\Commands\Server\rewrite.php(47): require_once('D:\\xampp\\htdocs\\Webinar\\public\\index.php')
CRITICAL - 2024-04-16 14:04:51 --> Undefined variable $pendaftar
in APPPATH\Views\dashboard.php on line 61.
 1 APPPATH\Views\dashboard.php(61): CodeIgniter\Debug\Exceptions->errorHandler(2, 'Undefined variable $pendaftar', 'D:\\xampp\\htdocs\\Webinar\\app\\Views\\dashboard.php', 61)
 2 SYSTEMPATH\View\View.php(224): include('D:\\xampp\\htdocs\\Webinar\\app\\Views\\dashboard.php')
 3 SYSTEMPATH\View\View.php(227): CodeIgniter\View\View->CodeIgniter\View\{closure}()
 4 SYSTEMPATH\Common.php(1180): CodeIgniter\View\View->render('dashboard', [], true)
 5 APPPATH\Controllers\Admin.php(41): view('dashboard')
 6 SYSTEMPATH\CodeIgniter.php(932): App\Controllers\Admin->dashboard()
 7 SYSTEMPATH\CodeIgniter.php(497): CodeIgniter\CodeIgniter->runController(Object(App\Controllers\Admin))
 8 SYSTEMPATH\CodeIgniter.php(366): CodeIgniter\CodeIgniter->handleRequest(null, Object(Config\Cache), false)
 9 FCPATH\index.php(67): CodeIgniter\CodeIgniter->run()
10 SYSTEMPATH\Commands\Server\rewrite.php(47): require_once('D:\\xampp\\htdocs\\Webinar\\public\\index.php')
