CRITICAL - 2024-03-30 12:24:03 --> Invalid file: "layout/header.php"
in SYSTEMPATH\Exceptions\FrameworkException.php on line 33.
 1 SYSTEMPATH\View\View.php(212): CodeIgniter\Exceptions\FrameworkException::forInvalidFile('layout/header.php')
 2 SYSTEMPATH\Common.php(1180): CodeIgniter\View\View->render('layout/header', [], true)
 3 APPPATH\Controllers\Customer.php(135): view('layout/header')
 4 SYSTEMPATH\CodeIgniter.php(932): App\Controllers\Customer->storepresensi()
 5 SYSTEMPATH\CodeIgniter.php(497): CodeIgniter\CodeIgniter->runController(Object(App\Controllers\Customer))
 6 SYSTEMPATH\CodeIgniter.php(366): CodeIgniter\CodeIgniter->handleRequest(null, Object(Config\Cache), false)
 7 FCPATH\index.php(67): CodeIgniter\CodeIgniter->run()
 8 SYSTEMPATH\Commands\Server\rewrite.php(47): require_once('D:\\xampp\\htdocs\\Webinar\\public\\index.php')
CRITICAL - 2024-03-30 12:52:48 --> Undefined variable $id
in APPPATH\Views\user\login.php on line 60.
 1 APPPATH\Views\user\login.php(60): CodeIgniter\Debug\Exceptions->errorHandler(2, 'Undefined variable $id', 'D:\\xampp\\htdocs\\Webinar\\app\\Views\\user\\login.php', 60)
 2 SYSTEMPATH\View\View.php(224): include('D:\\xampp\\htdocs\\Webinar\\app\\Views\\user\\login.php')
 3 SYSTEMPATH\View\View.php(227): CodeIgniter\View\View->CodeIgniter\View\{closure}()
 4 SYSTEMPATH\Common.php(1180): CodeIgniter\View\View->render('user/login', [], true)
 5 APPPATH\Controllers\Customer.php(141): view('user/login')
 6 SYSTEMPATH\CodeIgniter.php(932): App\Controllers\Customer->login()
 7 SYSTEMPATH\CodeIgniter.php(497): CodeIgniter\CodeIgniter->runController(Object(App\Controllers\Customer))
 8 SYSTEMPATH\CodeIgniter.php(366): CodeIgniter\CodeIgniter->handleRequest(null, Object(Config\Cache), false)
 9 FCPATH\index.php(67): CodeIgniter\CodeIgniter->run()
10 SYSTEMPATH\Commands\Server\rewrite.php(47): require_once('D:\\xampp\\htdocs\\Webinar\\public\\index.php')
