CRITICAL - 2023-07-19 11:41:09 --> fopen(D:\xampp\htdocs\Webinar\writable\export/data_peserta_webinar_20230719114109.xlsx): Failed to open stream: No such file or directory
in VENDORPATH\phpoffice\phpspreadsheet\src\PhpSpreadsheet\Writer\BaseWriter.php on line 128.
 1 [internal function]: CodeIgniter\Debug\Exceptions->errorHandler(2, 'fopen(D:\\xampp\\htdocs\\Webinar\\writable\\export/data_peserta_webinar_20230719114109.xlsx): Failed to open stream: No such file or directory', 'D:\\xampp\\htdocs\\Webinar\\vendor\\phpoffice\\phpspreadsheet\\src\\PhpSpreadsheet\\Writer\\BaseWriter.php', 128)
 2 VENDORPATH\phpoffice\phpspreadsheet\src\PhpSpreadsheet\Writer\BaseWriter.php(128): fopen('D:\\xampp\\htdocs\\Webinar\\writable\\export/data_peserta_webinar_20230719114109.xlsx', 'wb')
 3 VENDORPATH\phpoffice\phpspreadsheet\src\PhpSpreadsheet\Writer\Xlsx.php(546): PhpOffice\PhpSpreadsheet\Writer\BaseWriter->openFileHandle('D:\\xampp\\htdocs\\Webinar\\writable\\export/data_peserta_webinar_20230719114109.xlsx')
 4 APPPATH\Controllers\Admin.php(323): PhpOffice\PhpSpreadsheet\Writer\Xlsx->save('D:\\xampp\\htdocs\\Webinar\\writable\\export/data_peserta_webinar_20230719114109.xlsx')
 5 SYSTEMPATH\CodeIgniter.php(932): App\Controllers\Admin->exportpeserta()
 6 SYSTEMPATH\CodeIgniter.php(497): CodeIgniter\CodeIgniter->runController(Object(App\Controllers\Admin))
 7 SYSTEMPATH\CodeIgniter.php(366): CodeIgniter\CodeIgniter->handleRequest(null, Object(Config\Cache), false)
 8 FCPATH\index.php(67): CodeIgniter\CodeIgniter->run()
 9 SYSTEMPATH\Commands\Server\rewrite.php(47): require_once('D:\\xampp\\htdocs\\Webinar\\public\\index.php')
CRITICAL - 2023-07-19 11:42:17 --> fopen(D:\xampp\htdocs\Webinar\writable\assets/export/data_peserta_webinar_20230719114217.xlsx): Failed to open stream: No such file or directory
in VENDORPATH\phpoffice\phpspreadsheet\src\PhpSpreadsheet\Writer\BaseWriter.php on line 128.
 1 [internal function]: CodeIgniter\Debug\Exceptions->errorHandler(2, 'fopen(D:\\xampp\\htdocs\\Webinar\\writable\\assets/export/data_peserta_webinar_20230719114217.xlsx): Failed to open stream: No such file or directory', 'D:\\xampp\\htdocs\\Webinar\\vendor\\phpoffice\\phpspreadsheet\\src\\PhpSpreadsheet\\Writer\\BaseWriter.php', 128)
 2 VENDORPATH\phpoffice\phpspreadsheet\src\PhpSpreadsheet\Writer\BaseWriter.php(128): fopen('D:\\xampp\\htdocs\\Webinar\\writable\\assets/export/data_peserta_webinar_20230719114217.xlsx', 'wb')
 3 VENDORPATH\phpoffice\phpspreadsheet\src\PhpSpreadsheet\Writer\Xlsx.php(546): PhpOffice\PhpSpreadsheet\Writer\BaseWriter->openFileHandle('D:\\xampp\\htdocs\\Webinar\\writable\\assets/export/data_peserta_webinar_20230719114217.xlsx')
 4 APPPATH\Controllers\Admin.php(323): PhpOffice\PhpSpreadsheet\Writer\Xlsx->save('D:\\xampp\\htdocs\\Webinar\\writable\\assets/export/data_peserta_webinar_20230719114217.xlsx')
 5 SYSTEMPATH\CodeIgniter.php(932): App\Controllers\Admin->exportpeserta()
 6 SYSTEMPATH\CodeIgniter.php(497): CodeIgniter\CodeIgniter->runController(Object(App\Controllers\Admin))
 7 SYSTEMPATH\CodeIgniter.php(366): CodeIgniter\CodeIgniter->handleRequest(null, Object(Config\Cache), false)
 8 FCPATH\index.php(67): CodeIgniter\CodeIgniter->run()
 9 SYSTEMPATH\Commands\Server\rewrite.php(47): require_once('D:\\xampp\\htdocs\\Webinar\\public\\index.php')
CRITICAL - 2023-07-19 11:42:55 --> fopen(D:\xampp\htdocs\Webinar\writable\./assets/export/data_peserta_webinar_20230719114255.xlsx): Failed to open stream: No such file or directory
in VENDORPATH\phpoffice\phpspreadsheet\src\PhpSpreadsheet\Writer\BaseWriter.php on line 128.
 1 [internal function]: CodeIgniter\Debug\Exceptions->errorHandler(2, 'fopen(D:\\xampp\\htdocs\\Webinar\\writable\\./assets/export/data_peserta_webinar_20230719114255.xlsx): Failed to open stream: No such file or directory', 'D:\\xampp\\htdocs\\Webinar\\vendor\\phpoffice\\phpspreadsheet\\src\\PhpSpreadsheet\\Writer\\BaseWriter.php', 128)
 2 VENDORPATH\phpoffice\phpspreadsheet\src\PhpSpreadsheet\Writer\BaseWriter.php(128): fopen('D:\\xampp\\htdocs\\Webinar\\writable\\./assets/export/data_peserta_webinar_20230719114255.xlsx', 'wb')
 3 VENDORPATH\phpoffice\phpspreadsheet\src\PhpSpreadsheet\Writer\Xlsx.php(546): PhpOffice\PhpSpreadsheet\Writer\BaseWriter->openFileHandle('D:\\xampp\\htdocs\\Webinar\\writable\\./assets/export/data_peserta_webinar_20230719114255.xlsx')
 4 APPPATH\Controllers\Admin.php(323): PhpOffice\PhpSpreadsheet\Writer\Xlsx->save('D:\\xampp\\htdocs\\Webinar\\writable\\./assets/export/data_peserta_webinar_20230719114255.xlsx')
 5 SYSTEMPATH\CodeIgniter.php(932): App\Controllers\Admin->exportpeserta()
 6 SYSTEMPATH\CodeIgniter.php(497): CodeIgniter\CodeIgniter->runController(Object(App\Controllers\Admin))
 7 SYSTEMPATH\CodeIgniter.php(366): CodeIgniter\CodeIgniter->handleRequest(null, Object(Config\Cache), false)
 8 FCPATH\index.php(67): CodeIgniter\CodeIgniter->run()
 9 SYSTEMPATH\Commands\Server\rewrite.php(47): require_once('D:\\xampp\\htdocs\\Webinar\\public\\index.php')
CRITICAL - 2023-07-19 11:43:04 --> fopen(D:\xampp\htdocs\Webinar\writable\../assets/export/data_peserta_webinar_20230719114304.xlsx): Failed to open stream: No such file or directory
in VENDORPATH\phpoffice\phpspreadsheet\src\PhpSpreadsheet\Writer\BaseWriter.php on line 128.
 1 [internal function]: CodeIgniter\Debug\Exceptions->errorHandler(2, 'fopen(D:\\xampp\\htdocs\\Webinar\\writable\\../assets/export/data_peserta_webinar_20230719114304.xlsx): Failed to open stream: No such file or directory', 'D:\\xampp\\htdocs\\Webinar\\vendor\\phpoffice\\phpspreadsheet\\src\\PhpSpreadsheet\\Writer\\BaseWriter.php', 128)
 2 VENDORPATH\phpoffice\phpspreadsheet\src\PhpSpreadsheet\Writer\BaseWriter.php(128): fopen('D:\\xampp\\htdocs\\Webinar\\writable\\../assets/export/data_peserta_webinar_20230719114304.xlsx', 'wb')
 3 VENDORPATH\phpoffice\phpspreadsheet\src\PhpSpreadsheet\Writer\Xlsx.php(546): PhpOffice\PhpSpreadsheet\Writer\BaseWriter->openFileHandle('D:\\xampp\\htdocs\\Webinar\\writable\\../assets/export/data_peserta_webinar_20230719114304.xlsx')
 4 APPPATH\Controllers\Admin.php(323): PhpOffice\PhpSpreadsheet\Writer\Xlsx->save('D:\\xampp\\htdocs\\Webinar\\writable\\../assets/export/data_peserta_webinar_20230719114304.xlsx')
 5 SYSTEMPATH\CodeIgniter.php(932): App\Controllers\Admin->exportpeserta()
 6 SYSTEMPATH\CodeIgniter.php(497): CodeIgniter\CodeIgniter->runController(Object(App\Controllers\Admin))
 7 SYSTEMPATH\CodeIgniter.php(366): CodeIgniter\CodeIgniter->handleRequest(null, Object(Config\Cache), false)
 8 FCPATH\index.php(67): CodeIgniter\CodeIgniter->run()
 9 SYSTEMPATH\Commands\Server\rewrite.php(47): require_once('D:\\xampp\\htdocs\\Webinar\\public\\index.php')
CRITICAL - 2023-07-19 11:45:57 --> fopen(D:\xampp\htdocs\Webinar\writable\/../assets/export/data_peserta_webinar_20230719114557.xlsx): Failed to open stream: No such file or directory
in VENDORPATH\phpoffice\phpspreadsheet\src\PhpSpreadsheet\Writer\BaseWriter.php on line 128.
 1 [internal function]: CodeIgniter\Debug\Exceptions->errorHandler(2, 'fopen(D:\\xampp\\htdocs\\Webinar\\writable\\/../assets/export/data_peserta_webinar_20230719114557.xlsx): Failed to open stream: No such file or directory', 'D:\\xampp\\htdocs\\Webinar\\vendor\\phpoffice\\phpspreadsheet\\src\\PhpSpreadsheet\\Writer\\BaseWriter.php', 128)
 2 VENDORPATH\phpoffice\phpspreadsheet\src\PhpSpreadsheet\Writer\BaseWriter.php(128): fopen('D:\\xampp\\htdocs\\Webinar\\writable\\/../assets/export/data_peserta_webinar_20230719114557.xlsx', 'wb')
 3 VENDORPATH\phpoffice\phpspreadsheet\src\PhpSpreadsheet\Writer\Xlsx.php(546): PhpOffice\PhpSpreadsheet\Writer\BaseWriter->openFileHandle('D:\\xampp\\htdocs\\Webinar\\writable\\/../assets/export/data_peserta_webinar_20230719114557.xlsx')
 4 APPPATH\Controllers\Admin.php(323): PhpOffice\PhpSpreadsheet\Writer\Xlsx->save('D:\\xampp\\htdocs\\Webinar\\writable\\/../assets/export/data_peserta_webinar_20230719114557.xlsx')
 5 SYSTEMPATH\CodeIgniter.php(932): App\Controllers\Admin->exportpeserta()
 6 SYSTEMPATH\CodeIgniter.php(497): CodeIgniter\CodeIgniter->runController(Object(App\Controllers\Admin))
 7 SYSTEMPATH\CodeIgniter.php(366): CodeIgniter\CodeIgniter->handleRequest(null, Object(Config\Cache), false)
 8 FCPATH\index.php(67): CodeIgniter\CodeIgniter->run()
 9 SYSTEMPATH\Commands\Server\rewrite.php(47): require_once('D:\\xampp\\htdocs\\Webinar\\public\\index.php')
CRITICAL - 2023-07-19 11:58:37 --> Call to undefined method PhpOffice\PhpSpreadsheet\Worksheet\Worksheet::setActiveSheetIndex()
in APPPATH\Controllers\Admin.php on line 304.
 1 SYSTEMPATH\CodeIgniter.php(932): App\Controllers\Admin->exportpeserta('1')
 2 SYSTEMPATH\CodeIgniter.php(497): CodeIgniter\CodeIgniter->runController(Object(App\Controllers\Admin))
 3 SYSTEMPATH\CodeIgniter.php(366): CodeIgniter\CodeIgniter->handleRequest(null, Object(Config\Cache), false)
 4 FCPATH\index.php(67): CodeIgniter\CodeIgniter->run()
 5 SYSTEMPATH\Commands\Server\rewrite.php(47): require_once('D:\\xampp\\htdocs\\Webinar\\public\\index.php')
CRITICAL - 2023-07-19 12:00:40 --> Call to undefined method PhpOffice\PhpSpreadsheet\Spreadsheet::setCellValue()
in APPPATH\Controllers\Admin.php on line 313.
 1 SYSTEMPATH\CodeIgniter.php(932): App\Controllers\Admin->exportpeserta('1')
 2 SYSTEMPATH\CodeIgniter.php(497): CodeIgniter\CodeIgniter->runController(Object(App\Controllers\Admin))
 3 SYSTEMPATH\CodeIgniter.php(366): CodeIgniter\CodeIgniter->handleRequest(null, Object(Config\Cache), false)
 4 FCPATH\index.php(67): CodeIgniter\CodeIgniter->run()
 5 SYSTEMPATH\Commands\Server\rewrite.php(47): require_once('D:\\xampp\\htdocs\\Webinar\\public\\index.php')
CRITICAL - 2023-07-19 12:00:46 --> Call to undefined method PhpOffice\PhpSpreadsheet\Spreadsheet::setCellValue()
in APPPATH\Controllers\Admin.php on line 313.
 1 SYSTEMPATH\CodeIgniter.php(932): App\Controllers\Admin->exportpeserta('1')
 2 SYSTEMPATH\CodeIgniter.php(497): CodeIgniter\CodeIgniter->runController(Object(App\Controllers\Admin))
 3 SYSTEMPATH\CodeIgniter.php(366): CodeIgniter\CodeIgniter->handleRequest(null, Object(Config\Cache), false)
 4 FCPATH\index.php(67): CodeIgniter\CodeIgniter->run()
 5 SYSTEMPATH\Commands\Server\rewrite.php(47): require_once('D:\\xampp\\htdocs\\Webinar\\public\\index.php')
CRITICAL - 2023-07-19 12:01:21 --> Call to undefined method PhpOffice\PhpSpreadsheet\Spreadsheet::setCellValue()
in APPPATH\Controllers\Admin.php on line 313.
 1 SYSTEMPATH\CodeIgniter.php(932): App\Controllers\Admin->exportpeserta('1')
 2 SYSTEMPATH\CodeIgniter.php(497): CodeIgniter\CodeIgniter->runController(Object(App\Controllers\Admin))
 3 SYSTEMPATH\CodeIgniter.php(366): CodeIgniter\CodeIgniter->handleRequest(null, Object(Config\Cache), false)
 4 FCPATH\index.php(67): CodeIgniter\CodeIgniter->run()
 5 SYSTEMPATH\Commands\Server\rewrite.php(47): require_once('D:\\xampp\\htdocs\\Webinar\\public\\index.php')
CRITICAL - 2023-07-19 12:01:23 --> Call to undefined method PhpOffice\PhpSpreadsheet\Spreadsheet::setCellValue()
in APPPATH\Controllers\Admin.php on line 313.
 1 SYSTEMPATH\CodeIgniter.php(932): App\Controllers\Admin->exportpeserta('1')
 2 SYSTEMPATH\CodeIgniter.php(497): CodeIgniter\CodeIgniter->runController(Object(App\Controllers\Admin))
 3 SYSTEMPATH\CodeIgniter.php(366): CodeIgniter\CodeIgniter->handleRequest(null, Object(Config\Cache), false)
 4 FCPATH\index.php(67): CodeIgniter\CodeIgniter->run()
 5 SYSTEMPATH\Commands\Server\rewrite.php(47): require_once('D:\\xampp\\htdocs\\Webinar\\public\\index.php')
CRITICAL - 2023-07-19 12:01:49 --> Call to undefined method PhpOffice\PhpSpreadsheet\Spreadsheet::setCellValue()
in APPPATH\Controllers\Admin.php on line 313.
 1 SYSTEMPATH\CodeIgniter.php(932): App\Controllers\Admin->exportpeserta('1')
 2 SYSTEMPATH\CodeIgniter.php(497): CodeIgniter\CodeIgniter->runController(Object(App\Controllers\Admin))
 3 SYSTEMPATH\CodeIgniter.php(366): CodeIgniter\CodeIgniter->handleRequest(null, Object(Config\Cache), false)
 4 FCPATH\index.php(67): CodeIgniter\CodeIgniter->run()
 5 SYSTEMPATH\Commands\Server\rewrite.php(47): require_once('D:\\xampp\\htdocs\\Webinar\\public\\index.php')
CRITICAL - 2023-07-19 12:03:35 --> Call to undefined method PhpOffice\PhpSpreadsheet\Spreadsheet::setCellValue()
in APPPATH\Controllers\Admin.php on line 313.
 1 SYSTEMPATH\CodeIgniter.php(932): App\Controllers\Admin->exportpeserta('1')
 2 SYSTEMPATH\CodeIgniter.php(497): CodeIgniter\CodeIgniter->runController(Object(App\Controllers\Admin))
 3 SYSTEMPATH\CodeIgniter.php(366): CodeIgniter\CodeIgniter->handleRequest(null, Object(Config\Cache), false)
 4 FCPATH\index.php(67): CodeIgniter\CodeIgniter->run()
 5 SYSTEMPATH\Commands\Server\rewrite.php(47): require_once('D:\\xampp\\htdocs\\Webinar\\public\\index.php')
CRITICAL - 2023-07-19 12:06:27 --> Call to undefined method PhpOffice\PhpSpreadsheet\Spreadsheet::setCellValue()
in APPPATH\Controllers\Admin.php on line 314.
 1 SYSTEMPATH\CodeIgniter.php(932): App\Controllers\Admin->exportpeserta('1')
 2 SYSTEMPATH\CodeIgniter.php(497): CodeIgniter\CodeIgniter->runController(Object(App\Controllers\Admin))
 3 SYSTEMPATH\CodeIgniter.php(366): CodeIgniter\CodeIgniter->handleRequest(null, Object(Config\Cache), false)
 4 FCPATH\index.php(67): CodeIgniter\CodeIgniter->run()
 5 SYSTEMPATH\Commands\Server\rewrite.php(47): require_once('D:\\xampp\\htdocs\\Webinar\\public\\index.php')
CRITICAL - 2023-07-19 12:06:45 --> Call to undefined method PhpOffice\PhpSpreadsheet\Spreadsheet::setCellValue()
in APPPATH\Controllers\Admin.php on line 314.
 1 SYSTEMPATH\CodeIgniter.php(932): App\Controllers\Admin->exportpeserta('1')
 2 SYSTEMPATH\CodeIgniter.php(497): CodeIgniter\CodeIgniter->runController(Object(App\Controllers\Admin))
 3 SYSTEMPATH\CodeIgniter.php(366): CodeIgniter\CodeIgniter->handleRequest(null, Object(Config\Cache), false)
 4 FCPATH\index.php(67): CodeIgniter\CodeIgniter->run()
 5 SYSTEMPATH\Commands\Server\rewrite.php(47): require_once('D:\\xampp\\htdocs\\Webinar\\public\\index.php')
CRITICAL - 2023-07-19 12:09:16 --> Call to undefined method PhpOffice\PhpSpreadsheet\Worksheet\Worksheet::setActiveSheetIndex()
in APPPATH\Controllers\Admin.php on line 335.
 1 SYSTEMPATH\CodeIgniter.php(932): App\Controllers\Admin->exportpresensi('1')
 2 SYSTEMPATH\CodeIgniter.php(497): CodeIgniter\CodeIgniter->runController(Object(App\Controllers\Admin))
 3 SYSTEMPATH\CodeIgniter.php(366): CodeIgniter\CodeIgniter->handleRequest(null, Object(Config\Cache), false)
 4 FCPATH\index.php(67): CodeIgniter\CodeIgniter->run()
 5 SYSTEMPATH\Commands\Server\rewrite.php(47): require_once('D:\\xampp\\htdocs\\Webinar\\public\\index.php')
CRITICAL - 2023-07-19 12:09:40 --> Undefined variable $data
in APPPATH\Controllers\Admin.php on line 345.
 1 APPPATH\Controllers\Admin.php(345): CodeIgniter\Debug\Exceptions->errorHandler(2, 'Undefined variable $data', 'D:\\xampp\\htdocs\\Webinar\\app\\Controllers\\Admin.php', 345)
 2 SYSTEMPATH\CodeIgniter.php(932): App\Controllers\Admin->exportpresensi('1')
 3 SYSTEMPATH\CodeIgniter.php(497): CodeIgniter\CodeIgniter->runController(Object(App\Controllers\Admin))
 4 SYSTEMPATH\CodeIgniter.php(366): CodeIgniter\CodeIgniter->handleRequest(null, Object(Config\Cache), false)
 5 FCPATH\index.php(67): CodeIgniter\CodeIgniter->run()
 6 SYSTEMPATH\Commands\Server\rewrite.php(47): require_once('D:\\xampp\\htdocs\\Webinar\\public\\index.php')
CRITICAL - 2023-07-19 12:10:19 --> Call to undefined method PhpOffice\PhpSpreadsheet\Spreadsheet::setCellValue()
in APPPATH\Controllers\Admin.php on line 350.
 1 SYSTEMPATH\CodeIgniter.php(932): App\Controllers\Admin->exportpresensi('1')
 2 SYSTEMPATH\CodeIgniter.php(497): CodeIgniter\CodeIgniter->runController(Object(App\Controllers\Admin))
 3 SYSTEMPATH\CodeIgniter.php(366): CodeIgniter\CodeIgniter->handleRequest(null, Object(Config\Cache), false)
 4 FCPATH\index.php(67): CodeIgniter\CodeIgniter->run()
 5 SYSTEMPATH\Commands\Server\rewrite.php(47): require_once('D:\\xampp\\htdocs\\Webinar\\public\\index.php')
CRITICAL - 2023-07-19 12:27:45 --> Call to undefined method PhpOffice\PhpSpreadsheet\Spreadsheet::setCellValue()
in APPPATH\Controllers\Admin.php on line 350.
 1 SYSTEMPATH\CodeIgniter.php(932): App\Controllers\Admin->exportpresensi('1')
 2 SYSTEMPATH\CodeIgniter.php(497): CodeIgniter\CodeIgniter->runController(Object(App\Controllers\Admin))
 3 SYSTEMPATH\CodeIgniter.php(366): CodeIgniter\CodeIgniter->handleRequest(null, Object(Config\Cache), false)
 4 FCPATH\index.php(67): CodeIgniter\CodeIgniter->run()
 5 SYSTEMPATH\Commands\Server\rewrite.php(47): require_once('D:\\xampp\\htdocs\\Webinar\\public\\index.php')
CRITICAL - 2023-07-19 12:28:10 --> Call to undefined method PhpOffice\PhpSpreadsheet\Spreadsheet::setCellValue()
in APPPATH\Controllers\Admin.php on line 314.
 1 SYSTEMPATH\CodeIgniter.php(932): App\Controllers\Admin->exportpeserta('1')
 2 SYSTEMPATH\CodeIgniter.php(497): CodeIgniter\CodeIgniter->runController(Object(App\Controllers\Admin))
 3 SYSTEMPATH\CodeIgniter.php(366): CodeIgniter\CodeIgniter->handleRequest(null, Object(Config\Cache), false)
 4 FCPATH\index.php(67): CodeIgniter\CodeIgniter->run()
 5 SYSTEMPATH\Commands\Server\rewrite.php(47): require_once('D:\\xampp\\htdocs\\Webinar\\public\\index.php')
CRITICAL - 2023-07-19 12:29:18 --> Call to undefined method PhpOffice\PhpSpreadsheet\Spreadsheet::setCellValue()
in APPPATH\Controllers\Admin.php on line 314.
 1 SYSTEMPATH\CodeIgniter.php(932): App\Controllers\Admin->exportpeserta('1')
 2 SYSTEMPATH\CodeIgniter.php(497): CodeIgniter\CodeIgniter->runController(Object(App\Controllers\Admin))
 3 SYSTEMPATH\CodeIgniter.php(366): CodeIgniter\CodeIgniter->handleRequest(null, Object(Config\Cache), false)
 4 FCPATH\index.php(67): CodeIgniter\CodeIgniter->run()
 5 SYSTEMPATH\Commands\Server\rewrite.php(47): require_once('D:\\xampp\\htdocs\\Webinar\\public\\index.php')
CRITICAL - 2023-07-19 12:29:21 --> Call to undefined method PhpOffice\PhpSpreadsheet\Spreadsheet::setCellValue()
in APPPATH\Controllers\Admin.php on line 314.
 1 SYSTEMPATH\CodeIgniter.php(932): App\Controllers\Admin->exportpeserta('1')
 2 SYSTEMPATH\CodeIgniter.php(497): CodeIgniter\CodeIgniter->runController(Object(App\Controllers\Admin))
 3 SYSTEMPATH\CodeIgniter.php(366): CodeIgniter\CodeIgniter->handleRequest(null, Object(Config\Cache), false)
 4 FCPATH\index.php(67): CodeIgniter\CodeIgniter->run()
 5 SYSTEMPATH\Commands\Server\rewrite.php(47): require_once('D:\\xampp\\htdocs\\Webinar\\public\\index.php')
CRITICAL - 2023-07-19 12:29:57 --> Call to undefined method PhpOffice\PhpSpreadsheet\Spreadsheet::setCellValue()
in APPPATH\Controllers\Admin.php on line 313.
 1 SYSTEMPATH\CodeIgniter.php(932): App\Controllers\Admin->exportpeserta('1')
 2 SYSTEMPATH\CodeIgniter.php(497): CodeIgniter\CodeIgniter->runController(Object(App\Controllers\Admin))
 3 SYSTEMPATH\CodeIgniter.php(366): CodeIgniter\CodeIgniter->handleRequest(null, Object(Config\Cache), false)
 4 FCPATH\index.php(67): CodeIgniter\CodeIgniter->run()
 5 SYSTEMPATH\Commands\Server\rewrite.php(47): require_once('D:\\xampp\\htdocs\\Webinar\\public\\index.php')
CRITICAL - 2023-07-19 21:14:33 --> Call to undefined method PhpOffice\PhpSpreadsheet\Spreadsheet::setCellValue()
in APPPATH\Controllers\Admin.php on line 313.
 1 SYSTEMPATH\CodeIgniter.php(932): App\Controllers\Admin->exportpeserta('1')
 2 SYSTEMPATH\CodeIgniter.php(497): CodeIgniter\CodeIgniter->runController(Object(App\Controllers\Admin))
 3 SYSTEMPATH\CodeIgniter.php(366): CodeIgniter\CodeIgniter->handleRequest(null, Object(Config\Cache), false)
 4 FCPATH\index.php(67): CodeIgniter\CodeIgniter->run()
 5 SYSTEMPATH\Commands\Server\rewrite.php(47): require_once('D:\\xampp\\htdocs\\Webinar\\public\\index.php')
CRITICAL - 2023-07-19 22:06:51 --> Call to undefined method PhpOffice\PhpSpreadsheet\Spreadsheet::setCellValue()
in APPPATH\Controllers\Admin.php on line 313.
 1 SYSTEMPATH\CodeIgniter.php(932): App\Controllers\Admin->exportpeserta('1')
 2 SYSTEMPATH\CodeIgniter.php(497): CodeIgniter\CodeIgniter->runController(Object(App\Controllers\Admin))
 3 SYSTEMPATH\CodeIgniter.php(366): CodeIgniter\CodeIgniter->handleRequest(null, Object(Config\Cache), false)
 4 FCPATH\index.php(67): CodeIgniter\CodeIgniter->run()
 5 SYSTEMPATH\Commands\Server\rewrite.php(47): require_once('D:\\xampp\\htdocs\\Webinar\\public\\index.php')
CRITICAL - 2023-07-19 22:07:36 --> Call to undefined method PhpOffice\PhpSpreadsheet\Worksheet\Worksheet::setActiveSheetIndex()
in APPPATH\Controllers\Admin.php on line 334.
 1 SYSTEMPATH\CodeIgniter.php(932): App\Controllers\Admin->exportpresensi('1')
 2 SYSTEMPATH\CodeIgniter.php(497): CodeIgniter\CodeIgniter->runController(Object(App\Controllers\Admin))
 3 SYSTEMPATH\CodeIgniter.php(366): CodeIgniter\CodeIgniter->handleRequest(null, Object(Config\Cache), false)
 4 FCPATH\index.php(67): CodeIgniter\CodeIgniter->run()
 5 SYSTEMPATH\Commands\Server\rewrite.php(47): require_once('D:\\xampp\\htdocs\\Webinar\\public\\index.php')
CRITICAL - 2023-07-19 22:08:02 --> Undefined variable $data
in APPPATH\Controllers\Admin.php on line 343.
 1 APPPATH\Controllers\Admin.php(343): CodeIgniter\Debug\Exceptions->errorHandler(2, 'Undefined variable $data', 'D:\\xampp\\htdocs\\Webinar\\app\\Controllers\\Admin.php', 343)
 2 SYSTEMPATH\CodeIgniter.php(932): App\Controllers\Admin->exportpresensi('1')
 3 SYSTEMPATH\CodeIgniter.php(497): CodeIgniter\CodeIgniter->runController(Object(App\Controllers\Admin))
 4 SYSTEMPATH\CodeIgniter.php(366): CodeIgniter\CodeIgniter->handleRequest(null, Object(Config\Cache), false)
 5 FCPATH\index.php(67): CodeIgniter\CodeIgniter->run()
 6 SYSTEMPATH\Commands\Server\rewrite.php(47): require_once('D:\\xampp\\htdocs\\Webinar\\public\\index.php')
CRITICAL - 2023-07-19 22:09:07 --> Undefined variable $id_webinar
in APPPATH\Controllers\Admin.php on line 344.
 1 APPPATH\Controllers\Admin.php(344): CodeIgniter\Debug\Exceptions->errorHandler(2, 'Undefined variable $id_webinar', 'D:\\xampp\\htdocs\\Webinar\\app\\Controllers\\Admin.php', 344)
 2 SYSTEMPATH\CodeIgniter.php(932): App\Controllers\Admin->exportpresensi('1')
 3 SYSTEMPATH\CodeIgniter.php(497): CodeIgniter\CodeIgniter->runController(Object(App\Controllers\Admin))
 4 SYSTEMPATH\CodeIgniter.php(366): CodeIgniter\CodeIgniter->handleRequest(null, Object(Config\Cache), false)
 5 FCPATH\index.php(67): CodeIgniter\CodeIgniter->run()
 6 SYSTEMPATH\Commands\Server\rewrite.php(47): require_once('D:\\xampp\\htdocs\\Webinar\\public\\index.php')
CRITICAL - 2023-07-19 22:11:15 --> Call to undefined method PhpOffice\PhpSpreadsheet\Spreadsheet::setCellValue()
in APPPATH\Controllers\Admin.php on line 346.
 1 SYSTEMPATH\CodeIgniter.php(932): App\Controllers\Admin->exportpresensi('1')
 2 SYSTEMPATH\CodeIgniter.php(497): CodeIgniter\CodeIgniter->runController(Object(App\Controllers\Admin))
 3 SYSTEMPATH\CodeIgniter.php(366): CodeIgniter\CodeIgniter->handleRequest(null, Object(Config\Cache), false)
 4 FCPATH\index.php(67): CodeIgniter\CodeIgniter->run()
 5 SYSTEMPATH\Commands\Server\rewrite.php(47): require_once('D:\\xampp\\htdocs\\Webinar\\public\\index.php')
CRITICAL - 2023-07-19 22:15:19 --> Call to undefined method PhpOffice\PhpSpreadsheet\Spreadsheet::setCellValue()
in APPPATH\Controllers\Admin.php on line 314.
 1 SYSTEMPATH\CodeIgniter.php(932): App\Controllers\Admin->exportpeserta('1')
 2 SYSTEMPATH\CodeIgniter.php(497): CodeIgniter\CodeIgniter->runController(Object(App\Controllers\Admin))
 3 SYSTEMPATH\CodeIgniter.php(366): CodeIgniter\CodeIgniter->handleRequest(null, Object(Config\Cache), false)
 4 FCPATH\index.php(67): CodeIgniter\CodeIgniter->run()
 5 SYSTEMPATH\Commands\Server\rewrite.php(47): require_once('D:\\xampp\\htdocs\\Webinar\\public\\index.php')
CRITICAL - 2023-07-19 22:15:42 --> Call to undefined method PhpOffice\PhpSpreadsheet\Spreadsheet::setCellValue()
in APPPATH\Controllers\Admin.php on line 314.
 1 SYSTEMPATH\CodeIgniter.php(932): App\Controllers\Admin->exportpeserta('1')
 2 SYSTEMPATH\CodeIgniter.php(497): CodeIgniter\CodeIgniter->runController(Object(App\Controllers\Admin))
 3 SYSTEMPATH\CodeIgniter.php(366): CodeIgniter\CodeIgniter->handleRequest(null, Object(Config\Cache), false)
 4 FCPATH\index.php(67): CodeIgniter\CodeIgniter->run()
 5 SYSTEMPATH\Commands\Server\rewrite.php(47): require_once('D:\\xampp\\htdocs\\Webinar\\public\\index.php')
CRITICAL - 2023-07-19 22:16:20 --> Call to undefined method PhpOffice\PhpSpreadsheet\Spreadsheet::setCellValue()
in APPPATH\Controllers\Admin.php on line 313.
 1 SYSTEMPATH\CodeIgniter.php(932): App\Controllers\Admin->exportpeserta('1')
 2 SYSTEMPATH\CodeIgniter.php(497): CodeIgniter\CodeIgniter->runController(Object(App\Controllers\Admin))
 3 SYSTEMPATH\CodeIgniter.php(366): CodeIgniter\CodeIgniter->handleRequest(null, Object(Config\Cache), false)
 4 FCPATH\index.php(67): CodeIgniter\CodeIgniter->run()
 5 SYSTEMPATH\Commands\Server\rewrite.php(47): require_once('D:\\xampp\\htdocs\\Webinar\\public\\index.php')
CRITICAL - 2023-07-19 22:17:27 --> Call to undefined method PhpOffice\PhpSpreadsheet\Spreadsheet::setCellValue()
in APPPATH\Controllers\Admin.php on line 313.
 1 SYSTEMPATH\CodeIgniter.php(932): App\Controllers\Admin->exportpeserta('1')
 2 SYSTEMPATH\CodeIgniter.php(497): CodeIgniter\CodeIgniter->runController(Object(App\Controllers\Admin))
 3 SYSTEMPATH\CodeIgniter.php(366): CodeIgniter\CodeIgniter->handleRequest(null, Object(Config\Cache), false)
 4 FCPATH\index.php(67): CodeIgniter\CodeIgniter->run()
 5 SYSTEMPATH\Commands\Server\rewrite.php(47): require_once('D:\\xampp\\htdocs\\Webinar\\public\\index.php')
CRITICAL - 2023-07-19 22:17:29 --> Call to undefined method PhpOffice\PhpSpreadsheet\Spreadsheet::setCellValue()
in APPPATH\Controllers\Admin.php on line 313.
 1 SYSTEMPATH\CodeIgniter.php(932): App\Controllers\Admin->exportpeserta('1')
 2 SYSTEMPATH\CodeIgniter.php(497): CodeIgniter\CodeIgniter->runController(Object(App\Controllers\Admin))
 3 SYSTEMPATH\CodeIgniter.php(366): CodeIgniter\CodeIgniter->handleRequest(null, Object(Config\Cache), false)
 4 FCPATH\index.php(67): CodeIgniter\CodeIgniter->run()
 5 SYSTEMPATH\Commands\Server\rewrite.php(47): require_once('D:\\xampp\\htdocs\\Webinar\\public\\index.php')
CRITICAL - 2023-07-19 22:17:56 --> Call to undefined method PhpOffice\PhpSpreadsheet\Spreadsheet::setCellValue()
in APPPATH\Controllers\Admin.php on line 313.
 1 SYSTEMPATH\CodeIgniter.php(932): App\Controllers\Admin->exportpeserta('1')
 2 SYSTEMPATH\CodeIgniter.php(497): CodeIgniter\CodeIgniter->runController(Object(App\Controllers\Admin))
 3 SYSTEMPATH\CodeIgniter.php(366): CodeIgniter\CodeIgniter->handleRequest(null, Object(Config\Cache), false)
 4 FCPATH\index.php(67): CodeIgniter\CodeIgniter->run()
 5 SYSTEMPATH\Commands\Server\rewrite.php(47): require_once('D:\\xampp\\htdocs\\Webinar\\public\\index.php')
CRITICAL - 2023-07-19 22:18:22 --> Call to undefined method PhpOffice\PhpSpreadsheet\Spreadsheet::setCellValue()
in APPPATH\Controllers\Admin.php on line 313.
 1 SYSTEMPATH\CodeIgniter.php(932): App\Controllers\Admin->exportpeserta('1')
 2 SYSTEMPATH\CodeIgniter.php(497): CodeIgniter\CodeIgniter->runController(Object(App\Controllers\Admin))
 3 SYSTEMPATH\CodeIgniter.php(366): CodeIgniter\CodeIgniter->handleRequest(null, Object(Config\Cache), false)
 4 FCPATH\index.php(67): CodeIgniter\CodeIgniter->run()
 5 SYSTEMPATH\Commands\Server\rewrite.php(47): require_once('D:\\xampp\\htdocs\\Webinar\\public\\index.php')
CRITICAL - 2023-07-19 22:18:24 --> Call to undefined method PhpOffice\PhpSpreadsheet\Spreadsheet::setCellValue()
in APPPATH\Controllers\Admin.php on line 313.
 1 SYSTEMPATH\CodeIgniter.php(932): App\Controllers\Admin->exportpeserta('1')
 2 SYSTEMPATH\CodeIgniter.php(497): CodeIgniter\CodeIgniter->runController(Object(App\Controllers\Admin))
 3 SYSTEMPATH\CodeIgniter.php(366): CodeIgniter\CodeIgniter->handleRequest(null, Object(Config\Cache), false)
 4 FCPATH\index.php(67): CodeIgniter\CodeIgniter->run()
 5 SYSTEMPATH\Commands\Server\rewrite.php(47): require_once('D:\\xampp\\htdocs\\Webinar\\public\\index.php')
CRITICAL - 2023-07-19 22:18:38 --> Undefined variable $sheet
in APPPATH\Controllers\Admin.php on line 313.
 1 APPPATH\Controllers\Admin.php(313): CodeIgniter\Debug\Exceptions->errorHandler(2, 'Undefined variable $sheet', 'D:\\xampp\\htdocs\\Webinar\\app\\Controllers\\Admin.php', 313)
 2 SYSTEMPATH\CodeIgniter.php(932): App\Controllers\Admin->exportpeserta('1')
 3 SYSTEMPATH\CodeIgniter.php(497): CodeIgniter\CodeIgniter->runController(Object(App\Controllers\Admin))
 4 SYSTEMPATH\CodeIgniter.php(366): CodeIgniter\CodeIgniter->handleRequest(null, Object(Config\Cache), false)
 5 FCPATH\index.php(67): CodeIgniter\CodeIgniter->run()
 6 SYSTEMPATH\Commands\Server\rewrite.php(47): require_once('D:\\xampp\\htdocs\\Webinar\\public\\index.php')
CRITICAL - 2023-07-19 22:18:57 --> Undefined variable $spreadsheet
in APPPATH\Controllers\Admin.php on line 303.
 1 APPPATH\Controllers\Admin.php(303): CodeIgniter\Debug\Exceptions->errorHandler(2, 'Undefined variable $spreadsheet', 'D:\\xampp\\htdocs\\Webinar\\app\\Controllers\\Admin.php', 303)
 2 SYSTEMPATH\CodeIgniter.php(932): App\Controllers\Admin->exportpeserta('1')
 3 SYSTEMPATH\CodeIgniter.php(497): CodeIgniter\CodeIgniter->runController(Object(App\Controllers\Admin))
 4 SYSTEMPATH\CodeIgniter.php(366): CodeIgniter\CodeIgniter->handleRequest(null, Object(Config\Cache), false)
 5 FCPATH\index.php(67): CodeIgniter\CodeIgniter->run()
 6 SYSTEMPATH\Commands\Server\rewrite.php(47): require_once('D:\\xampp\\htdocs\\Webinar\\public\\index.php')
CRITICAL - 2023-07-19 22:19:07 --> Undefined variable $spreadsheet
in APPPATH\Controllers\Admin.php on line 303.
 1 APPPATH\Controllers\Admin.php(303): CodeIgniter\Debug\Exceptions->errorHandler(2, 'Undefined variable $spreadsheet', 'D:\\xampp\\htdocs\\Webinar\\app\\Controllers\\Admin.php', 303)
 2 SYSTEMPATH\CodeIgniter.php(932): App\Controllers\Admin->exportpeserta('1')
 3 SYSTEMPATH\CodeIgniter.php(497): CodeIgniter\CodeIgniter->runController(Object(App\Controllers\Admin))
 4 SYSTEMPATH\CodeIgniter.php(366): CodeIgniter\CodeIgniter->handleRequest(null, Object(Config\Cache), false)
 5 FCPATH\index.php(67): CodeIgniter\CodeIgniter->run()
 6 SYSTEMPATH\Commands\Server\rewrite.php(47): require_once('D:\\xampp\\htdocs\\Webinar\\public\\index.php')
CRITICAL - 2023-07-19 22:19:27 --> Call to undefined method PhpOffice\PhpSpreadsheet\Spreadsheet::setCellValue()
in APPPATH\Controllers\Admin.php on line 313.
 1 SYSTEMPATH\CodeIgniter.php(932): App\Controllers\Admin->exportpeserta('1')
 2 SYSTEMPATH\CodeIgniter.php(497): CodeIgniter\CodeIgniter->runController(Object(App\Controllers\Admin))
 3 SYSTEMPATH\CodeIgniter.php(366): CodeIgniter\CodeIgniter->handleRequest(null, Object(Config\Cache), false)
 4 FCPATH\index.php(67): CodeIgniter\CodeIgniter->run()
 5 SYSTEMPATH\Commands\Server\rewrite.php(47): require_once('D:\\xampp\\htdocs\\Webinar\\public\\index.php')
CRITICAL - 2023-07-19 22:20:04 --> Call to undefined method PhpOffice\PhpSpreadsheet\Spreadsheet::setCellValue()
in APPPATH\Controllers\Admin.php on line 313.
 1 SYSTEMPATH\CodeIgniter.php(932): App\Controllers\Admin->exportpeserta('1')
 2 SYSTEMPATH\CodeIgniter.php(497): CodeIgniter\CodeIgniter->runController(Object(App\Controllers\Admin))
 3 SYSTEMPATH\CodeIgniter.php(366): CodeIgniter\CodeIgniter->handleRequest(null, Object(Config\Cache), false)
 4 FCPATH\index.php(67): CodeIgniter\CodeIgniter->run()
 5 SYSTEMPATH\Commands\Server\rewrite.php(47): require_once('D:\\xampp\\htdocs\\Webinar\\public\\index.php')
CRITICAL - 2023-07-19 22:23:02 --> Attempt to read property "nama" on array
in APPPATH\Controllers\Admin.php on line 314.
 1 APPPATH\Controllers\Admin.php(314): CodeIgniter\Debug\Exceptions->errorHandler(2, 'Attempt to read property "nama" on array', 'D:\\xampp\\htdocs\\Webinar\\app\\Controllers\\Admin.php', 314)
 2 SYSTEMPATH\CodeIgniter.php(932): App\Controllers\Admin->exportpeserta('1')
 3 SYSTEMPATH\CodeIgniter.php(497): CodeIgniter\CodeIgniter->runController(Object(App\Controllers\Admin))
 4 SYSTEMPATH\CodeIgniter.php(366): CodeIgniter\CodeIgniter->handleRequest(null, Object(Config\Cache), false)
 5 FCPATH\index.php(67): CodeIgniter\CodeIgniter->run()
 6 SYSTEMPATH\Commands\Server\rewrite.php(47): require_once('D:\\xampp\\htdocs\\Webinar\\public\\index.php')
CRITICAL - 2023-07-19 22:23:37 --> Attempt to read property "email" on array
in APPPATH\Controllers\Admin.php on line 315.
 1 APPPATH\Controllers\Admin.php(315): CodeIgniter\Debug\Exceptions->errorHandler(2, 'Attempt to read property "email" on array', 'D:\\xampp\\htdocs\\Webinar\\app\\Controllers\\Admin.php', 315)
 2 SYSTEMPATH\CodeIgniter.php(932): App\Controllers\Admin->exportpeserta('1')
 3 SYSTEMPATH\CodeIgniter.php(497): CodeIgniter\CodeIgniter->runController(Object(App\Controllers\Admin))
 4 SYSTEMPATH\CodeIgniter.php(366): CodeIgniter\CodeIgniter->handleRequest(null, Object(Config\Cache), false)
 5 FCPATH\index.php(67): CodeIgniter\CodeIgniter->run()
 6 SYSTEMPATH\Commands\Server\rewrite.php(47): require_once('D:\\xampp\\htdocs\\Webinar\\public\\index.php')
CRITICAL - 2023-07-19 22:24:42 --> Attempt to read property "nama" on array
in APPPATH\Controllers\Admin.php on line 348.
 1 APPPATH\Controllers\Admin.php(348): CodeIgniter\Debug\Exceptions->errorHandler(2, 'Attempt to read property "nama" on array', 'D:\\xampp\\htdocs\\Webinar\\app\\Controllers\\Admin.php', 348)
 2 SYSTEMPATH\CodeIgniter.php(932): App\Controllers\Admin->exportpresensi('1')
 3 SYSTEMPATH\CodeIgniter.php(497): CodeIgniter\CodeIgniter->runController(Object(App\Controllers\Admin))
 4 SYSTEMPATH\CodeIgniter.php(366): CodeIgniter\CodeIgniter->handleRequest(null, Object(Config\Cache), false)
 5 FCPATH\index.php(67): CodeIgniter\CodeIgniter->run()
 6 SYSTEMPATH\Commands\Server\rewrite.php(47): require_once('D:\\xampp\\htdocs\\Webinar\\public\\index.php')
CRITICAL - 2023-07-19 22:33:46 --> Class "App\Controllers\PhpOffice\PhpSpreadsheet\Style\Fill" not found
in APPPATH\Controllers\Admin.php on line 321.
 1 SYSTEMPATH\CodeIgniter.php(932): App\Controllers\Admin->exportpeserta('1')
 2 SYSTEMPATH\CodeIgniter.php(497): CodeIgniter\CodeIgniter->runController(Object(App\Controllers\Admin))
 3 SYSTEMPATH\CodeIgniter.php(366): CodeIgniter\CodeIgniter->handleRequest(null, Object(Config\Cache), false)
 4 FCPATH\index.php(67): CodeIgniter\CodeIgniter->run()
 5 SYSTEMPATH\Commands\Server\rewrite.php(47): require_once('D:\\xampp\\htdocs\\Webinar\\public\\index.php')
CRITICAL - 2023-07-19 22:46:43 --> Undefined variable $styleAray
in APPPATH\Controllers\Admin.php on line 332.
 1 APPPATH\Controllers\Admin.php(332): CodeIgniter\Debug\Exceptions->errorHandler(2, 'Undefined variable $styleAray', 'D:\\xampp\\htdocs\\Webinar\\app\\Controllers\\Admin.php', 332)
 2 SYSTEMPATH\CodeIgniter.php(932): App\Controllers\Admin->exportpeserta('1')
 3 SYSTEMPATH\CodeIgniter.php(497): CodeIgniter\CodeIgniter->runController(Object(App\Controllers\Admin))
 4 SYSTEMPATH\CodeIgniter.php(366): CodeIgniter\CodeIgniter->handleRequest(null, Object(Config\Cache), false)
 5 FCPATH\index.php(67): CodeIgniter\CodeIgniter->run()
 6 SYSTEMPATH\Commands\Server\rewrite.php(47): require_once('D:\\xampp\\htdocs\\Webinar\\public\\index.php')
CRITICAL - 2023-07-19 22:52:27 --> Undefined array key 0
in APPPATH\Views\deskripsi.php on line 3.
 1 APPPATH\Views\deskripsi.php(3): CodeIgniter\Debug\Exceptions->errorHandler(2, 'Undefined array key 0', 'D:\\xampp\\htdocs\\Webinar\\app\\Views\\deskripsi.php', 3)
 2 SYSTEMPATH\View\View.php(224): include('D:\\xampp\\htdocs\\Webinar\\app\\Views\\deskripsi.php')
 3 SYSTEMPATH\View\View.php(227): CodeIgniter\View\View->CodeIgniter\View\{closure}()
 4 SYSTEMPATH\Common.php(1180): CodeIgniter\View\View->render('deskripsi', [], true)
 5 APPPATH\Controllers\Customer.php(32): view('deskripsi')
 6 SYSTEMPATH\CodeIgniter.php(932): App\Controllers\Customer->detailwebinar('owl.carousel.min.css')
 7 SYSTEMPATH\CodeIgniter.php(497): CodeIgniter\CodeIgniter->runController(Object(App\Controllers\Customer))
 8 SYSTEMPATH\CodeIgniter.php(366): CodeIgniter\CodeIgniter->handleRequest(null, Object(Config\Cache), false)
 9 FCPATH\index.php(67): CodeIgniter\CodeIgniter->run()
10 SYSTEMPATH\Commands\Server\rewrite.php(47): require_once('D:\\xampp\\htdocs\\Webinar\\public\\index.php')
CRITICAL - 2023-07-19 22:52:27 --> Undefined array key 0
in APPPATH\Views\deskripsi.php on line 3.
 1 APPPATH\Views\deskripsi.php(3): CodeIgniter\Debug\Exceptions->errorHandler(2, 'Undefined array key 0', 'D:\\xampp\\htdocs\\Webinar\\app\\Views\\deskripsi.php', 3)
 2 SYSTEMPATH\View\View.php(224): include('D:\\xampp\\htdocs\\Webinar\\app\\Views\\deskripsi.php')
 3 SYSTEMPATH\View\View.php(227): CodeIgniter\View\View->CodeIgniter\View\{closure}()
 4 SYSTEMPATH\Common.php(1180): CodeIgniter\View\View->render('deskripsi', [], true)
 5 APPPATH\Controllers\Customer.php(32): view('deskripsi')
 6 SYSTEMPATH\CodeIgniter.php(932): App\Controllers\Customer->detailwebinar('css', 'bootstrap.min.css')
 7 SYSTEMPATH\CodeIgniter.php(497): CodeIgniter\CodeIgniter->runController(Object(App\Controllers\Customer))
 8 SYSTEMPATH\CodeIgniter.php(366): CodeIgniter\CodeIgniter->handleRequest(null, Object(Config\Cache), false)
 9 FCPATH\index.php(67): CodeIgniter\CodeIgniter->run()
10 SYSTEMPATH\Commands\Server\rewrite.php(47): require_once('D:\\xampp\\htdocs\\Webinar\\public\\index.php')
CRITICAL - 2023-07-19 22:52:28 --> Undefined array key 0
in APPPATH\Views\deskripsi.php on line 3.
 1 APPPATH\Views\deskripsi.php(3): CodeIgniter\Debug\Exceptions->errorHandler(2, 'Undefined array key 0', 'D:\\xampp\\htdocs\\Webinar\\app\\Views\\deskripsi.php', 3)
 2 SYSTEMPATH\View\View.php(224): include('D:\\xampp\\htdocs\\Webinar\\app\\Views\\deskripsi.php')
 3 SYSTEMPATH\View\View.php(227): CodeIgniter\View\View->CodeIgniter\View\{closure}()
 4 SYSTEMPATH\Common.php(1180): CodeIgniter\View\View->render('deskripsi', [], true)
 5 APPPATH\Controllers\Customer.php(32): view('deskripsi')
 6 SYSTEMPATH\CodeIgniter.php(932): App\Controllers\Customer->detailwebinar('css', 'style.css')
 7 SYSTEMPATH\CodeIgniter.php(497): CodeIgniter\CodeIgniter->runController(Object(App\Controllers\Customer))
 8 SYSTEMPATH\CodeIgniter.php(366): CodeIgniter\CodeIgniter->handleRequest(null, Object(Config\Cache), false)
 9 FCPATH\index.php(67): CodeIgniter\CodeIgniter->run()
10 SYSTEMPATH\Commands\Server\rewrite.php(47): require_once('D:\\xampp\\htdocs\\Webinar\\public\\index.php')
CRITICAL - 2023-07-19 22:52:28 --> Undefined array key 0
in APPPATH\Views\deskripsi.php on line 3.
 1 APPPATH\Views\deskripsi.php(3): CodeIgniter\Debug\Exceptions->errorHandler(2, 'Undefined array key 0', 'D:\\xampp\\htdocs\\Webinar\\app\\Views\\deskripsi.php', 3)
 2 SYSTEMPATH\View\View.php(224): include('D:\\xampp\\htdocs\\Webinar\\app\\Views\\deskripsi.php')
 3 SYSTEMPATH\View\View.php(227): CodeIgniter\View\View->CodeIgniter\View\{closure}()
 4 SYSTEMPATH\Common.php(1180): CodeIgniter\View\View->render('deskripsi', [], true)
 5 APPPATH\Controllers\Customer.php(32): view('deskripsi')
 6 SYSTEMPATH\CodeIgniter.php(932): App\Controllers\Customer->detailwebinar('<')
 7 SYSTEMPATH\CodeIgniter.php(497): CodeIgniter\CodeIgniter->runController(Object(App\Controllers\Customer))
 8 SYSTEMPATH\CodeIgniter.php(366): CodeIgniter\CodeIgniter->handleRequest(null, Object(Config\Cache), false)
 9 FCPATH\index.php(67): CodeIgniter\CodeIgniter->run()
10 SYSTEMPATH\Commands\Server\rewrite.php(47): require_once('D:\\xampp\\htdocs\\Webinar\\public\\index.php')
CRITICAL - 2023-07-19 22:52:29 --> Undefined array key 0
in APPPATH\Views\deskripsi.php on line 3.
 1 APPPATH\Views\deskripsi.php(3): CodeIgniter\Debug\Exceptions->errorHandler(2, 'Undefined array key 0', 'D:\\xampp\\htdocs\\Webinar\\app\\Views\\deskripsi.php', 3)
 2 SYSTEMPATH\View\View.php(224): include('D:\\xampp\\htdocs\\Webinar\\app\\Views\\deskripsi.php')
 3 SYSTEMPATH\View\View.php(227): CodeIgniter\View\View->CodeIgniter\View\{closure}()
 4 SYSTEMPATH\Common.php(1180): CodeIgniter\View\View->render('deskripsi', [], true)
 5 APPPATH\Controllers\Customer.php(32): view('deskripsi')
 6 SYSTEMPATH\CodeIgniter.php(932): App\Controllers\Customer->detailwebinar('img', 'lampung cerdas.webp')
 7 SYSTEMPATH\CodeIgniter.php(497): CodeIgniter\CodeIgniter->runController(Object(App\Controllers\Customer))
 8 SYSTEMPATH\CodeIgniter.php(366): CodeIgniter\CodeIgniter->handleRequest(null, Object(Config\Cache), false)
 9 FCPATH\index.php(67): CodeIgniter\CodeIgniter->run()
10 SYSTEMPATH\Commands\Server\rewrite.php(47): require_once('D:\\xampp\\htdocs\\Webinar\\public\\index.php')
CRITICAL - 2023-07-19 22:52:52 --> Attempt to read property "pesan" on null
in APPPATH\Controllers\Customer.php on line 77.
 1 APPPATH\Controllers\Customer.php(77): CodeIgniter\Debug\Exceptions->errorHandler(2, 'Attempt to read property "pesan" on null', 'D:\\xampp\\htdocs\\Webinar\\app\\Controllers\\Customer.php', 77)
 2 SYSTEMPATH\CodeIgniter.php(932): App\Controllers\Customer->storependaftaran()
 3 SYSTEMPATH\CodeIgniter.php(497): CodeIgniter\CodeIgniter->runController(Object(App\Controllers\Customer))
 4 SYSTEMPATH\CodeIgniter.php(366): CodeIgniter\CodeIgniter->handleRequest(null, Object(Config\Cache), false)
 5 FCPATH\index.php(67): CodeIgniter\CodeIgniter->run()
 6 SYSTEMPATH\Commands\Server\rewrite.php(47): require_once('D:\\xampp\\htdocs\\Webinar\\public\\index.php')
CRITICAL - 2023-07-19 22:53:46 --> Attempt to read property "pesan" on null
in APPPATH\Controllers\Customer.php on line 77.
 1 APPPATH\Controllers\Customer.php(77): CodeIgniter\Debug\Exceptions->errorHandler(2, 'Attempt to read property "pesan" on null', 'D:\\xampp\\htdocs\\Webinar\\app\\Controllers\\Customer.php', 77)
 2 SYSTEMPATH\CodeIgniter.php(932): App\Controllers\Customer->storependaftaran()
 3 SYSTEMPATH\CodeIgniter.php(497): CodeIgniter\CodeIgniter->runController(Object(App\Controllers\Customer))
 4 SYSTEMPATH\CodeIgniter.php(366): CodeIgniter\CodeIgniter->handleRequest(null, Object(Config\Cache), false)
 5 FCPATH\index.php(67): CodeIgniter\CodeIgniter->run()
 6 SYSTEMPATH\Commands\Server\rewrite.php(47): require_once('D:\\xampp\\htdocs\\Webinar\\public\\index.php')
CRITICAL - 2023-07-19 22:53:52 --> Attempt to read property "pesan" on null
in APPPATH\Controllers\Customer.php on line 77.
 1 APPPATH\Controllers\Customer.php(77): CodeIgniter\Debug\Exceptions->errorHandler(2, 'Attempt to read property "pesan" on null', 'D:\\xampp\\htdocs\\Webinar\\app\\Controllers\\Customer.php', 77)
 2 SYSTEMPATH\CodeIgniter.php(932): App\Controllers\Customer->storependaftaran()
 3 SYSTEMPATH\CodeIgniter.php(497): CodeIgniter\CodeIgniter->runController(Object(App\Controllers\Customer))
 4 SYSTEMPATH\CodeIgniter.php(366): CodeIgniter\CodeIgniter->handleRequest(null, Object(Config\Cache), false)
 5 FCPATH\index.php(67): CodeIgniter\CodeIgniter->run()
 6 SYSTEMPATH\Commands\Server\rewrite.php(47): require_once('D:\\xampp\\htdocs\\Webinar\\public\\index.php')
CRITICAL - 2023-07-19 22:54:09 --> Attempt to read property "pesan" on null
in APPPATH\Controllers\Customer.php on line 77.
 1 APPPATH\Controllers\Customer.php(77): CodeIgniter\Debug\Exceptions->errorHandler(2, 'Attempt to read property "pesan" on null', 'D:\\xampp\\htdocs\\Webinar\\app\\Controllers\\Customer.php', 77)
 2 SYSTEMPATH\CodeIgniter.php(932): App\Controllers\Customer->storependaftaran()
 3 SYSTEMPATH\CodeIgniter.php(497): CodeIgniter\CodeIgniter->runController(Object(App\Controllers\Customer))
 4 SYSTEMPATH\CodeIgniter.php(366): CodeIgniter\CodeIgniter->handleRequest(null, Object(Config\Cache), false)
 5 FCPATH\index.php(67): CodeIgniter\CodeIgniter->run()
 6 SYSTEMPATH\Commands\Server\rewrite.php(47): require_once('D:\\xampp\\htdocs\\Webinar\\public\\index.php')
CRITICAL - 2023-07-19 22:58:34 --> Object of class stdClass could not be converted to string
in APPPATH\Views\datapeserta.php on line 18.
 1 SYSTEMPATH\View\View.php(224): include()
 2 SYSTEMPATH\View\View.php(227): CodeIgniter\View\View->CodeIgniter\View\{closure}()
 3 SYSTEMPATH\Common.php(1180): CodeIgniter\View\View->render('datapeserta', [], true)
 4 APPPATH\Controllers\Admin.php(204): view('datapeserta', [...])
 5 SYSTEMPATH\CodeIgniter.php(932): App\Controllers\Admin->datapeserta('2')
 6 SYSTEMPATH\CodeIgniter.php(497): CodeIgniter\CodeIgniter->runController(Object(App\Controllers\Admin))
 7 SYSTEMPATH\CodeIgniter.php(366): CodeIgniter\CodeIgniter->handleRequest(null, Object(Config\Cache), false)
 8 FCPATH\index.php(67): CodeIgniter\CodeIgniter->run()
 9 SYSTEMPATH\Commands\Server\rewrite.php(47): require_once('D:\\xampp\\htdocs\\Webinar\\public\\index.php')
CRITICAL - 2023-07-19 23:04:01 --> Undefined variable $id_webinar
in APPPATH\Views\datapeserta.php on line 15.
 1 APPPATH\Views\datapeserta.php(15): CodeIgniter\Debug\Exceptions->errorHandler(2, 'Undefined variable $id_webinar', 'D:\\xampp\\htdocs\\Webinar\\app\\Views\\datapeserta.php', 15)
 2 SYSTEMPATH\View\View.php(224): include('D:\\xampp\\htdocs\\Webinar\\app\\Views\\datapeserta.php')
 3 SYSTEMPATH\View\View.php(227): CodeIgniter\View\View->CodeIgniter\View\{closure}()
 4 SYSTEMPATH\Common.php(1180): CodeIgniter\View\View->render('datapeserta', [], true)
 5 APPPATH\Controllers\Admin.php(204): view('datapeserta', [...])
 6 SYSTEMPATH\CodeIgniter.php(932): App\Controllers\Admin->datapeserta('2')
 7 SYSTEMPATH\CodeIgniter.php(497): CodeIgniter\CodeIgniter->runController(Object(App\Controllers\Admin))
 8 SYSTEMPATH\CodeIgniter.php(366): CodeIgniter\CodeIgniter->handleRequest(null, Object(Config\Cache), false)
 9 FCPATH\index.php(67): CodeIgniter\CodeIgniter->run()
10 SYSTEMPATH\Commands\Server\rewrite.php(47): require_once('D:\\xampp\\htdocs\\Webinar\\public\\index.php')
CRITICAL - 2023-07-19 23:04:02 --> Undefined variable $id_webinar
in APPPATH\Views\datapeserta.php on line 15.
 1 APPPATH\Views\datapeserta.php(15): CodeIgniter\Debug\Exceptions->errorHandler(2, 'Undefined variable $id_webinar', 'D:\\xampp\\htdocs\\Webinar\\app\\Views\\datapeserta.php', 15)
 2 SYSTEMPATH\View\View.php(224): include('D:\\xampp\\htdocs\\Webinar\\app\\Views\\datapeserta.php')
 3 SYSTEMPATH\View\View.php(227): CodeIgniter\View\View->CodeIgniter\View\{closure}()
 4 SYSTEMPATH\Common.php(1180): CodeIgniter\View\View->render('datapeserta', [], true)
 5 APPPATH\Controllers\Admin.php(204): view('datapeserta', [...])
 6 SYSTEMPATH\CodeIgniter.php(932): App\Controllers\Admin->datapeserta('2')
 7 SYSTEMPATH\CodeIgniter.php(497): CodeIgniter\CodeIgniter->runController(Object(App\Controllers\Admin))
 8 SYSTEMPATH\CodeIgniter.php(366): CodeIgniter\CodeIgniter->handleRequest(null, Object(Config\Cache), false)
 9 FCPATH\index.php(67): CodeIgniter\CodeIgniter->run()
10 SYSTEMPATH\Commands\Server\rewrite.php(47): require_once('D:\\xampp\\htdocs\\Webinar\\public\\index.php')
CRITICAL - 2023-07-19 23:04:55 --> Undefined variable $id_webinar
in APPPATH\Views\datapeserta.php on line 15.
 1 APPPATH\Views\datapeserta.php(15): CodeIgniter\Debug\Exceptions->errorHandler(2, 'Undefined variable $id_webinar', 'D:\\xampp\\htdocs\\Webinar\\app\\Views\\datapeserta.php', 15)
 2 SYSTEMPATH\View\View.php(224): include('D:\\xampp\\htdocs\\Webinar\\app\\Views\\datapeserta.php')
 3 SYSTEMPATH\View\View.php(227): CodeIgniter\View\View->CodeIgniter\View\{closure}()
 4 SYSTEMPATH\Common.php(1180): CodeIgniter\View\View->render('datapeserta', [], true)
 5 APPPATH\Controllers\Admin.php(204): view('datapeserta', [...])
 6 SYSTEMPATH\CodeIgniter.php(932): App\Controllers\Admin->datapeserta('2')
 7 SYSTEMPATH\CodeIgniter.php(497): CodeIgniter\CodeIgniter->runController(Object(App\Controllers\Admin))
 8 SYSTEMPATH\CodeIgniter.php(366): CodeIgniter\CodeIgniter->handleRequest(null, Object(Config\Cache), false)
 9 FCPATH\index.php(67): CodeIgniter\CodeIgniter->run()
10 SYSTEMPATH\Commands\Server\rewrite.php(47): require_once('D:\\xampp\\htdocs\\Webinar\\public\\index.php')
CRITICAL - 2023-07-19 23:05:51 --> Undefined variable $id_webinar
in APPPATH\Views\datapeserta.php on line 14.
 1 APPPATH\Views\datapeserta.php(14): CodeIgniter\Debug\Exceptions->errorHandler(2, 'Undefined variable $id_webinar', 'D:\\xampp\\htdocs\\Webinar\\app\\Views\\datapeserta.php', 14)
 2 SYSTEMPATH\View\View.php(224): include('D:\\xampp\\htdocs\\Webinar\\app\\Views\\datapeserta.php')
 3 SYSTEMPATH\View\View.php(227): CodeIgniter\View\View->CodeIgniter\View\{closure}()
 4 SYSTEMPATH\Common.php(1180): CodeIgniter\View\View->render('datapeserta', [], true)
 5 APPPATH\Controllers\Admin.php(204): view('datapeserta', [...])
 6 SYSTEMPATH\CodeIgniter.php(932): App\Controllers\Admin->datapeserta('2')
 7 SYSTEMPATH\CodeIgniter.php(497): CodeIgniter\CodeIgniter->runController(Object(App\Controllers\Admin))
 8 SYSTEMPATH\CodeIgniter.php(366): CodeIgniter\CodeIgniter->handleRequest(null, Object(Config\Cache), false)
 9 FCPATH\index.php(67): CodeIgniter\CodeIgniter->run()
10 SYSTEMPATH\Commands\Server\rewrite.php(47): require_once('D:\\xampp\\htdocs\\Webinar\\public\\index.php')
ERROR - 2023-07-19 23:06:12 --> mysqli_sql_exception: Unknown column '$id_webinar' in 'where clause' in D:\xampp\htdocs\Webinar\system\Database\MySQLi\Connection.php:295
Stack trace:
#0 D:\xampp\htdocs\Webinar\system\Database\MySQLi\Connection.php(295): mysqli->query('SELECT * FROM p...', 0)
#1 D:\xampp\htdocs\Webinar\system\Database\BaseConnection.php(692): CodeIgniter\Database\MySQLi\Connection->execute('SELECT * FROM p...')
#2 D:\xampp\htdocs\Webinar\system\Database\BaseConnection.php(606): CodeIgniter\Database\BaseConnection->simpleQuery('SELECT * FROM p...')
#3 D:\xampp\htdocs\Webinar\app\Views\datapeserta.php(15): CodeIgniter\Database\BaseConnection->query('SELECT * FROM p...')
#4 D:\xampp\htdocs\Webinar\system\View\View.php(224): include('D:\\xampp\\htdocs...')
#5 D:\xampp\htdocs\Webinar\system\View\View.php(227): CodeIgniter\View\View->CodeIgniter\View\{closure}()
#6 D:\xampp\htdocs\Webinar\system\Common.php(1180): CodeIgniter\View\View->render('datapeserta', Array, true)
#7 D:\xampp\htdocs\Webinar\app\Controllers\Admin.php(204): view('datapeserta', Array)
#8 D:\xampp\htdocs\Webinar\system\CodeIgniter.php(932): App\Controllers\Admin->datapeserta('2')
#9 D:\xampp\htdocs\Webinar\system\CodeIgniter.php(497): CodeIgniter\CodeIgniter->runController(Object(App\Controllers\Admin))
#10 D:\xampp\htdocs\Webinar\system\CodeIgniter.php(366): CodeIgniter\CodeIgniter->handleRequest(NULL, Object(Config\Cache), false)
#11 D:\xampp\htdocs\Webinar\public\index.php(67): CodeIgniter\CodeIgniter->run()
#12 D:\xampp\htdocs\Webinar\system\Commands\Server\rewrite.php(47): require_once('D:\\xampp\\htdocs...')
#13 {main}
CRITICAL - 2023-07-19 23:06:12 --> Unknown column '$id_webinar' in 'where clause'
in SYSTEMPATH\Database\MySQLi\Connection.php on line 295.
 1 SYSTEMPATH\Database\MySQLi\Connection.php(295): mysqli->query('SELECT * FROM pendaftaran where id_webinar=$id_webinar', 0)
 2 SYSTEMPATH\Database\BaseConnection.php(692): CodeIgniter\Database\MySQLi\Connection->execute('SELECT * FROM pendaftaran where id_webinar=$id_webinar')
 3 SYSTEMPATH\Database\BaseConnection.php(606): CodeIgniter\Database\BaseConnection->simpleQuery('SELECT * FROM pendaftaran where id_webinar=$id_webinar')
 4 APPPATH\Views\datapeserta.php(15): CodeIgniter\Database\BaseConnection->query('SELECT * FROM pendaftaran where id_webinar=$id_webinar')
 5 SYSTEMPATH\View\View.php(224): include('D:\\xampp\\htdocs\\Webinar\\app\\Views\\datapeserta.php')
 6 SYSTEMPATH\View\View.php(227): CodeIgniter\View\View->CodeIgniter\View\{closure}()
 7 SYSTEMPATH\Common.php(1180): CodeIgniter\View\View->render('datapeserta', [], true)
 8 APPPATH\Controllers\Admin.php(204): view('datapeserta', [...])
 9 SYSTEMPATH\CodeIgniter.php(932): App\Controllers\Admin->datapeserta('2')
10 SYSTEMPATH\CodeIgniter.php(497): CodeIgniter\CodeIgniter->runController(Object(App\Controllers\Admin))
11 SYSTEMPATH\CodeIgniter.php(366): CodeIgniter\CodeIgniter->handleRequest(null, Object(Config\Cache), false)
12 FCPATH\index.php(67): CodeIgniter\CodeIgniter->run()
13 SYSTEMPATH\Commands\Server\rewrite.php(47): require_once('D:\\xampp\\htdocs\\Webinar\\public\\index.php')
CRITICAL - 2023-07-19 23:14:40 --> Undefined variable $tampildata
in APPPATH\Views\datapeserta.php on line 18.
 1 APPPATH\Views\datapeserta.php(18): CodeIgniter\Debug\Exceptions->errorHandler(2, 'Undefined variable $tampildata', 'D:\\xampp\\htdocs\\Webinar\\app\\Views\\datapeserta.php', 18)
 2 SYSTEMPATH\View\View.php(224): include('D:\\xampp\\htdocs\\Webinar\\app\\Views\\datapeserta.php')
 3 SYSTEMPATH\View\View.php(227): CodeIgniter\View\View->CodeIgniter\View\{closure}()
 4 SYSTEMPATH\Common.php(1180): CodeIgniter\View\View->render('datapeserta', [], true)
 5 APPPATH\Controllers\Admin.php(204): view('datapeserta', [...])
 6 SYSTEMPATH\CodeIgniter.php(932): App\Controllers\Admin->datapeserta('2')
 7 SYSTEMPATH\CodeIgniter.php(497): CodeIgniter\CodeIgniter->runController(Object(App\Controllers\Admin))
 8 SYSTEMPATH\CodeIgniter.php(366): CodeIgniter\CodeIgniter->handleRequest(null, Object(Config\Cache), false)
 9 FCPATH\index.php(67): CodeIgniter\CodeIgniter->run()
10 SYSTEMPATH\Commands\Server\rewrite.php(47): require_once('D:\\xampp\\htdocs\\Webinar\\public\\index.php')
