CRITICAL - 2024-03-25 04:20:51 --> Attempt to read property "poster" on string
in APPPATH\Views\user\Home.php on line 34.
 1 APPPATH\Views\user\Home.php(34): CodeIgniter\Debug\Exceptions->errorHandler(2, 'Attempt to read property "poster" on string', 'D:\\xampp\\htdocs\\Webinar\\app\\Views\\user\\Home.php', 34)
 2 SYSTEMPATH\View\View.php(224): include('D:\\xampp\\htdocs\\Webinar\\app\\Views\\user\\Home.php')
 3 SYSTEMPATH\View\View.php(227): CodeIgniter\View\View->CodeIgniter\View\{closure}()
 4 SYSTEMPATH\Common.php(1180): CodeIgniter\View\View->render('user/Home', [], true)
 5 APPPATH\Controllers\Customer.php(21): view('user/Home')
 6 SYSTEMPATH\CodeIgniter.php(932): App\Controllers\Customer->home('$1')
 7 SYSTEMPATH\CodeIgniter.php(497): CodeIgniter\CodeIgniter->runController(Object(App\Controllers\Customer))
 8 SYSTEMPATH\CodeIgniter.php(366): CodeIgniter\CodeIgniter->handleRequest(null, Object(Config\Cache), false)
 9 FCPATH\index.php(67): CodeIgniter\CodeIgniter->run()
10 SYSTEMPATH\Commands\Server\rewrite.php(47): require_once('D:\\xampp\\htdocs\\Webinar\\public\\index.php')
CRITICAL - 2024-03-25 04:21:07 --> Attempt to read property "poster" on string
in APPPATH\Views\user\Home.php on line 34.
 1 APPPATH\Views\user\Home.php(34): CodeIgniter\Debug\Exceptions->errorHandler(2, 'Attempt to read property "poster" on string', 'D:\\xampp\\htdocs\\Webinar\\app\\Views\\user\\Home.php', 34)
 2 SYSTEMPATH\View\View.php(224): include('D:\\xampp\\htdocs\\Webinar\\app\\Views\\user\\Home.php')
 3 SYSTEMPATH\View\View.php(227): CodeIgniter\View\View->CodeIgniter\View\{closure}()
 4 SYSTEMPATH\Common.php(1180): CodeIgniter\View\View->render('user/Home', [], true)
 5 APPPATH\Controllers\Customer.php(21): view('user/Home')
 6 SYSTEMPATH\CodeIgniter.php(932): App\Controllers\Customer->home('$1')
 7 SYSTEMPATH\CodeIgniter.php(497): CodeIgniter\CodeIgniter->runController(Object(App\Controllers\Customer))
 8 SYSTEMPATH\CodeIgniter.php(366): CodeIgniter\CodeIgniter->handleRequest(null, Object(Config\Cache), false)
 9 FCPATH\index.php(67): CodeIgniter\CodeIgniter->run()
10 SYSTEMPATH\Commands\Server\rewrite.php(47): require_once('D:\\xampp\\htdocs\\Webinar\\public\\index.php')
CRITICAL - 2024-03-25 04:27:44 --> Invalid file: "layout/header.php"
in SYSTEMPATH\Exceptions\FrameworkException.php on line 33.
 1 SYSTEMPATH\View\View.php(212): CodeIgniter\Exceptions\FrameworkException::forInvalidFile('layout/header.php')
 2 SYSTEMPATH\Common.php(1180): CodeIgniter\View\View->render('layout/header', [], true)
 3 APPPATH\Controllers\Customer.php(31): view('layout/header', [...])
 4 SYSTEMPATH\CodeIgniter.php(932): App\Controllers\Customer->detailwebinar('16')
 5 SYSTEMPATH\CodeIgniter.php(497): CodeIgniter\CodeIgniter->runController(Object(App\Controllers\Customer))
 6 SYSTEMPATH\CodeIgniter.php(366): CodeIgniter\CodeIgniter->handleRequest(null, Object(Config\Cache), false)
 7 FCPATH\index.php(67): CodeIgniter\CodeIgniter->run()
 8 SYSTEMPATH\Commands\Server\rewrite.php(47): require_once('D:\\xampp\\htdocs\\Webinar\\public\\index.php')
CRITICAL - 2024-03-25 04:46:32 --> Cannot use object of type stdClass as array
in APPPATH\Views\user\Home.php on line 24.
 1 SYSTEMPATH\View\View.php(224): include()
 2 SYSTEMPATH\View\View.php(227): CodeIgniter\View\View->CodeIgniter\View\{closure}()
 3 SYSTEMPATH\Common.php(1180): CodeIgniter\View\View->render('user/Home', [], true)
 4 APPPATH\Controllers\Customer.php(21): view('user/Home')
 5 SYSTEMPATH\CodeIgniter.php(932): App\Controllers\Customer->home('$1')
 6 SYSTEMPATH\CodeIgniter.php(497): CodeIgniter\CodeIgniter->runController(Object(App\Controllers\Customer))
 7 SYSTEMPATH\CodeIgniter.php(366): CodeIgniter\CodeIgniter->handleRequest(null, Object(Config\Cache), false)
 8 FCPATH\index.php(67): CodeIgniter\CodeIgniter->run()
 9 SYSTEMPATH\Commands\Server\rewrite.php(47): require_once('D:\\xampp\\htdocs\\Webinar\\public\\index.php')
CRITICAL - 2024-03-25 04:48:52 --> Cannot use object of type stdClass as array
in APPPATH\Views\user\Home.php on line 24.
 1 SYSTEMPATH\View\View.php(224): include()
 2 SYSTEMPATH\View\View.php(227): CodeIgniter\View\View->CodeIgniter\View\{closure}()
 3 SYSTEMPATH\Common.php(1180): CodeIgniter\View\View->render('user/Home', [], true)
 4 APPPATH\Controllers\Customer.php(21): view('user/Home')
 5 SYSTEMPATH\CodeIgniter.php(932): App\Controllers\Customer->home('$1')
 6 SYSTEMPATH\CodeIgniter.php(497): CodeIgniter\CodeIgniter->runController(Object(App\Controllers\Customer))
 7 SYSTEMPATH\CodeIgniter.php(366): CodeIgniter\CodeIgniter->handleRequest(null, Object(Config\Cache), false)
 8 FCPATH\index.php(67): CodeIgniter\CodeIgniter->run()
 9 SYSTEMPATH\Commands\Server\rewrite.php(47): require_once('D:\\xampp\\htdocs\\Webinar\\public\\index.php')
CRITICAL - 2024-03-25 05:18:42 --> Invalid file: "layout/header.php"
in SYSTEMPATH\Exceptions\FrameworkException.php on line 33.
 1 SYSTEMPATH\View\View.php(212): CodeIgniter\Exceptions\FrameworkException::forInvalidFile('layout/header.php')
 2 SYSTEMPATH\Common.php(1180): CodeIgniter\View\View->render('layout/header', [], true)
 3 APPPATH\Controllers\Customer.php(31): view('layout/header', [...])
 4 SYSTEMPATH\CodeIgniter.php(932): App\Controllers\Customer->detailwebinar('18')
 5 SYSTEMPATH\CodeIgniter.php(497): CodeIgniter\CodeIgniter->runController(Object(App\Controllers\Customer))
 6 SYSTEMPATH\CodeIgniter.php(366): CodeIgniter\CodeIgniter->handleRequest(null, Object(Config\Cache), false)
 7 FCPATH\index.php(67): CodeIgniter\CodeIgniter->run()
 8 SYSTEMPATH\Commands\Server\rewrite.php(47): require_once('D:\\xampp\\htdocs\\Webinar\\public\\index.php')
CRITICAL - 2024-03-25 05:18:56 --> Invalid file: "layout/header.php"
in SYSTEMPATH\Exceptions\FrameworkException.php on line 33.
 1 SYSTEMPATH\View\View.php(212): CodeIgniter\Exceptions\FrameworkException::forInvalidFile('layout/header.php')
 2 SYSTEMPATH\Common.php(1180): CodeIgniter\View\View->render('layout/header', [], true)
 3 APPPATH\Controllers\Customer.php(31): view('layout/header', [...])
 4 SYSTEMPATH\CodeIgniter.php(932): App\Controllers\Customer->detailwebinar('17')
 5 SYSTEMPATH\CodeIgniter.php(497): CodeIgniter\CodeIgniter->runController(Object(App\Controllers\Customer))
 6 SYSTEMPATH\CodeIgniter.php(366): CodeIgniter\CodeIgniter->handleRequest(null, Object(Config\Cache), false)
 7 FCPATH\index.php(67): CodeIgniter\CodeIgniter->run()
 8 SYSTEMPATH\Commands\Server\rewrite.php(47): require_once('D:\\xampp\\htdocs\\Webinar\\public\\index.php')
CRITICAL - 2024-03-25 05:19:32 --> Invalid file: "layout/header.php"
in SYSTEMPATH\Exceptions\FrameworkException.php on line 33.
 1 SYSTEMPATH\View\View.php(212): CodeIgniter\Exceptions\FrameworkException::forInvalidFile('layout/header.php')
 2 SYSTEMPATH\Common.php(1180): CodeIgniter\View\View->render('layout/header', [], true)
 3 APPPATH\Controllers\Customer.php(31): view('layout/header', [...])
 4 SYSTEMPATH\CodeIgniter.php(932): App\Controllers\Customer->detailwebinar('17')
 5 SYSTEMPATH\CodeIgniter.php(497): CodeIgniter\CodeIgniter->runController(Object(App\Controllers\Customer))
 6 SYSTEMPATH\CodeIgniter.php(366): CodeIgniter\CodeIgniter->handleRequest(null, Object(Config\Cache), false)
 7 FCPATH\index.php(67): CodeIgniter\CodeIgniter->run()
 8 SYSTEMPATH\Commands\Server\rewrite.php(47): require_once('D:\\xampp\\htdocs\\Webinar\\public\\index.php')
CRITICAL - 2024-03-25 05:19:38 --> Invalid file: "layout/header.php"
in SYSTEMPATH\Exceptions\FrameworkException.php on line 33.
 1 SYSTEMPATH\View\View.php(212): CodeIgniter\Exceptions\FrameworkException::forInvalidFile('layout/header.php')
 2 SYSTEMPATH\Common.php(1180): CodeIgniter\View\View->render('layout/header', [], true)
 3 APPPATH\Controllers\Customer.php(31): view('layout/header', [...])
 4 SYSTEMPATH\CodeIgniter.php(932): App\Controllers\Customer->detailwebinar('18')
 5 SYSTEMPATH\CodeIgniter.php(497): CodeIgniter\CodeIgniter->runController(Object(App\Controllers\Customer))
 6 SYSTEMPATH\CodeIgniter.php(366): CodeIgniter\CodeIgniter->handleRequest(null, Object(Config\Cache), false)
 7 FCPATH\index.php(67): CodeIgniter\CodeIgniter->run()
 8 SYSTEMPATH\Commands\Server\rewrite.php(47): require_once('D:\\xampp\\htdocs\\Webinar\\public\\index.php')
CRITICAL - 2024-03-25 05:19:51 --> Invalid file: "layout/header.php"
in SYSTEMPATH\Exceptions\FrameworkException.php on line 33.
 1 SYSTEMPATH\View\View.php(212): CodeIgniter\Exceptions\FrameworkException::forInvalidFile('layout/header.php')
 2 SYSTEMPATH\Common.php(1180): CodeIgniter\View\View->render('layout/header', [], true)
 3 APPPATH\Controllers\Customer.php(31): view('layout/header', [...])
 4 SYSTEMPATH\CodeIgniter.php(932): App\Controllers\Customer->detailwebinar('18')
 5 SYSTEMPATH\CodeIgniter.php(497): CodeIgniter\CodeIgniter->runController(Object(App\Controllers\Customer))
 6 SYSTEMPATH\CodeIgniter.php(366): CodeIgniter\CodeIgniter->handleRequest(null, Object(Config\Cache), false)
 7 FCPATH\index.php(67): CodeIgniter\CodeIgniter->run()
 8 SYSTEMPATH\Commands\Server\rewrite.php(47): require_once('D:\\xampp\\htdocs\\Webinar\\public\\index.php')
CRITICAL - 2024-03-25 05:19:55 --> Invalid file: "layout/header.php"
in SYSTEMPATH\Exceptions\FrameworkException.php on line 33.
 1 SYSTEMPATH\View\View.php(212): CodeIgniter\Exceptions\FrameworkException::forInvalidFile('layout/header.php')
 2 SYSTEMPATH\Common.php(1180): CodeIgniter\View\View->render('layout/header', [], true)
 3 APPPATH\Controllers\Customer.php(31): view('layout/header', [...])
 4 SYSTEMPATH\CodeIgniter.php(932): App\Controllers\Customer->detailwebinar('18')
 5 SYSTEMPATH\CodeIgniter.php(497): CodeIgniter\CodeIgniter->runController(Object(App\Controllers\Customer))
 6 SYSTEMPATH\CodeIgniter.php(366): CodeIgniter\CodeIgniter->handleRequest(null, Object(Config\Cache), false)
 7 FCPATH\index.php(67): CodeIgniter\CodeIgniter->run()
 8 SYSTEMPATH\Commands\Server\rewrite.php(47): require_once('D:\\xampp\\htdocs\\Webinar\\public\\index.php')
CRITICAL - 2024-03-25 05:20:35 --> Undefined array key 0
in APPPATH\Views\deskripsi.php on line 3.
 1 APPPATH\Views\deskripsi.php(3): CodeIgniter\Debug\Exceptions->errorHandler(2, 'Undefined array key 0', 'D:\\xampp\\htdocs\\Webinar\\app\\Views\\deskripsi.php', 3)
 2 SYSTEMPATH\View\View.php(224): include('D:\\xampp\\htdocs\\Webinar\\app\\Views\\deskripsi.php')
 3 SYSTEMPATH\View\View.php(227): CodeIgniter\View\View->CodeIgniter\View\{closure}()
 4 SYSTEMPATH\Common.php(1180): CodeIgniter\View\View->render('deskripsi', [], true)
 5 APPPATH\Controllers\Customer.php(32): view('deskripsi')
 6 SYSTEMPATH\CodeIgniter.php(932): App\Controllers\Customer->detailwebinar('css', 'style.css')
 7 SYSTEMPATH\CodeIgniter.php(497): CodeIgniter\CodeIgniter->runController(Object(App\Controllers\Customer))
 8 SYSTEMPATH\CodeIgniter.php(366): CodeIgniter\CodeIgniter->handleRequest(null, Object(Config\Cache), false)
 9 FCPATH\index.php(67): CodeIgniter\CodeIgniter->run()
10 SYSTEMPATH\Commands\Server\rewrite.php(47): require_once('D:\\xampp\\htdocs\\Webinar\\public\\index.php')
CRITICAL - 2024-03-25 05:20:35 --> Undefined array key 0
in APPPATH\Views\deskripsi.php on line 3.
 1 APPPATH\Views\deskripsi.php(3): CodeIgniter\Debug\Exceptions->errorHandler(2, 'Undefined array key 0', 'D:\\xampp\\htdocs\\Webinar\\app\\Views\\deskripsi.php', 3)
 2 SYSTEMPATH\View\View.php(224): include('D:\\xampp\\htdocs\\Webinar\\app\\Views\\deskripsi.php')
 3 SYSTEMPATH\View\View.php(227): CodeIgniter\View\View->CodeIgniter\View\{closure}()
 4 SYSTEMPATH\Common.php(1180): CodeIgniter\View\View->render('deskripsi', [], true)
 5 APPPATH\Controllers\Customer.php(32): view('deskripsi')
 6 SYSTEMPATH\CodeIgniter.php(932): App\Controllers\Customer->detailwebinar('<')
 7 SYSTEMPATH\CodeIgniter.php(497): CodeIgniter\CodeIgniter->runController(Object(App\Controllers\Customer))
 8 SYSTEMPATH\CodeIgniter.php(366): CodeIgniter\CodeIgniter->handleRequest(null, Object(Config\Cache), false)
 9 FCPATH\index.php(67): CodeIgniter\CodeIgniter->run()
10 SYSTEMPATH\Commands\Server\rewrite.php(47): require_once('D:\\xampp\\htdocs\\Webinar\\public\\index.php')
CRITICAL - 2024-03-25 05:20:35 --> Undefined array key 0
in APPPATH\Views\deskripsi.php on line 3.
 1 APPPATH\Views\deskripsi.php(3): CodeIgniter\Debug\Exceptions->errorHandler(2, 'Undefined array key 0', 'D:\\xampp\\htdocs\\Webinar\\app\\Views\\deskripsi.php', 3)
 2 SYSTEMPATH\View\View.php(224): include('D:\\xampp\\htdocs\\Webinar\\app\\Views\\deskripsi.php')
 3 SYSTEMPATH\View\View.php(227): CodeIgniter\View\View->CodeIgniter\View\{closure}()
 4 SYSTEMPATH\Common.php(1180): CodeIgniter\View\View->render('deskripsi', [], true)
 5 APPPATH\Controllers\Customer.php(32): view('deskripsi')
 6 SYSTEMPATH\CodeIgniter.php(932): App\Controllers\Customer->detailwebinar('img', 'lampung cerdas.webp')
 7 SYSTEMPATH\CodeIgniter.php(497): CodeIgniter\CodeIgniter->runController(Object(App\Controllers\Customer))
 8 SYSTEMPATH\CodeIgniter.php(366): CodeIgniter\CodeIgniter->handleRequest(null, Object(Config\Cache), false)
 9 FCPATH\index.php(67): CodeIgniter\CodeIgniter->run()
10 SYSTEMPATH\Commands\Server\rewrite.php(47): require_once('D:\\xampp\\htdocs\\Webinar\\public\\index.php')
CRITICAL - 2024-03-25 05:49:07 --> Undefined array key 0
in APPPATH\Views\deskripsi.php on line 3.
 1 APPPATH\Views\deskripsi.php(3): CodeIgniter\Debug\Exceptions->errorHandler(2, 'Undefined array key 0', 'D:\\xampp\\htdocs\\Webinar\\app\\Views\\deskripsi.php', 3)
 2 SYSTEMPATH\View\View.php(224): include('D:\\xampp\\htdocs\\Webinar\\app\\Views\\deskripsi.php')
 3 SYSTEMPATH\View\View.php(227): CodeIgniter\View\View->CodeIgniter\View\{closure}()
 4 SYSTEMPATH\Common.php(1180): CodeIgniter\View\View->render('deskripsi', [], true)
 5 APPPATH\Controllers\Customer.php(32): view('deskripsi')
 6 SYSTEMPATH\CodeIgniter.php(932): App\Controllers\Customer->detailwebinar('css', 'style.css')
 7 SYSTEMPATH\CodeIgniter.php(497): CodeIgniter\CodeIgniter->runController(Object(App\Controllers\Customer))
 8 SYSTEMPATH\CodeIgniter.php(366): CodeIgniter\CodeIgniter->handleRequest(null, Object(Config\Cache), false)
 9 FCPATH\index.php(67): CodeIgniter\CodeIgniter->run()
10 SYSTEMPATH\Commands\Server\rewrite.php(47): require_once('D:\\xampp\\htdocs\\Webinar\\public\\index.php')
CRITICAL - 2024-03-25 05:49:07 --> Undefined array key 0
in APPPATH\Views\deskripsi.php on line 3.
 1 APPPATH\Views\deskripsi.php(3): CodeIgniter\Debug\Exceptions->errorHandler(2, 'Undefined array key 0', 'D:\\xampp\\htdocs\\Webinar\\app\\Views\\deskripsi.php', 3)
 2 SYSTEMPATH\View\View.php(224): include('D:\\xampp\\htdocs\\Webinar\\app\\Views\\deskripsi.php')
 3 SYSTEMPATH\View\View.php(227): CodeIgniter\View\View->CodeIgniter\View\{closure}()
 4 SYSTEMPATH\Common.php(1180): CodeIgniter\View\View->render('deskripsi', [], true)
 5 APPPATH\Controllers\Customer.php(32): view('deskripsi')
 6 SYSTEMPATH\CodeIgniter.php(932): App\Controllers\Customer->detailwebinar('<')
 7 SYSTEMPATH\CodeIgniter.php(497): CodeIgniter\CodeIgniter->runController(Object(App\Controllers\Customer))
 8 SYSTEMPATH\CodeIgniter.php(366): CodeIgniter\CodeIgniter->handleRequest(null, Object(Config\Cache), false)
 9 FCPATH\index.php(67): CodeIgniter\CodeIgniter->run()
10 SYSTEMPATH\Commands\Server\rewrite.php(47): require_once('D:\\xampp\\htdocs\\Webinar\\public\\index.php')
CRITICAL - 2024-03-25 05:49:07 --> Undefined array key 0
in APPPATH\Views\deskripsi.php on line 3.
 1 APPPATH\Views\deskripsi.php(3): CodeIgniter\Debug\Exceptions->errorHandler(2, 'Undefined array key 0', 'D:\\xampp\\htdocs\\Webinar\\app\\Views\\deskripsi.php', 3)
 2 SYSTEMPATH\View\View.php(224): include('D:\\xampp\\htdocs\\Webinar\\app\\Views\\deskripsi.php')
 3 SYSTEMPATH\View\View.php(227): CodeIgniter\View\View->CodeIgniter\View\{closure}()
 4 SYSTEMPATH\Common.php(1180): CodeIgniter\View\View->render('deskripsi', [], true)
 5 APPPATH\Controllers\Customer.php(32): view('deskripsi')
 6 SYSTEMPATH\CodeIgniter.php(932): App\Controllers\Customer->detailwebinar('img', 'lampung cerdas.webp')
 7 SYSTEMPATH\CodeIgniter.php(497): CodeIgniter\CodeIgniter->runController(Object(App\Controllers\Customer))
 8 SYSTEMPATH\CodeIgniter.php(366): CodeIgniter\CodeIgniter->handleRequest(null, Object(Config\Cache), false)
 9 FCPATH\index.php(67): CodeIgniter\CodeIgniter->run()
10 SYSTEMPATH\Commands\Server\rewrite.php(47): require_once('D:\\xampp\\htdocs\\Webinar\\public\\index.php')
CRITICAL - 2024-03-25 06:17:42 --> Undefined array key 0
in APPPATH\Views\deskripsi.php on line 3.
 1 APPPATH\Views\deskripsi.php(3): CodeIgniter\Debug\Exceptions->errorHandler(2, 'Undefined array key 0', 'D:\\xampp\\htdocs\\Webinar\\app\\Views\\deskripsi.php', 3)
 2 SYSTEMPATH\View\View.php(224): include('D:\\xampp\\htdocs\\Webinar\\app\\Views\\deskripsi.php')
 3 SYSTEMPATH\View\View.php(227): CodeIgniter\View\View->CodeIgniter\View\{closure}()
 4 SYSTEMPATH\Common.php(1180): CodeIgniter\View\View->render('deskripsi', [], true)
 5 APPPATH\Controllers\Customer.php(32): view('deskripsi')
 6 SYSTEMPATH\CodeIgniter.php(932): App\Controllers\Customer->detailwebinar('css', 'style.css')
 7 SYSTEMPATH\CodeIgniter.php(497): CodeIgniter\CodeIgniter->runController(Object(App\Controllers\Customer))
 8 SYSTEMPATH\CodeIgniter.php(366): CodeIgniter\CodeIgniter->handleRequest(null, Object(Config\Cache), false)
 9 FCPATH\index.php(67): CodeIgniter\CodeIgniter->run()
10 SYSTEMPATH\Commands\Server\rewrite.php(47): require_once('D:\\xampp\\htdocs\\Webinar\\public\\index.php')
CRITICAL - 2024-03-25 06:17:42 --> Undefined array key 0
in APPPATH\Views\deskripsi.php on line 3.
 1 APPPATH\Views\deskripsi.php(3): CodeIgniter\Debug\Exceptions->errorHandler(2, 'Undefined array key 0', 'D:\\xampp\\htdocs\\Webinar\\app\\Views\\deskripsi.php', 3)
 2 SYSTEMPATH\View\View.php(224): include('D:\\xampp\\htdocs\\Webinar\\app\\Views\\deskripsi.php')
 3 SYSTEMPATH\View\View.php(227): CodeIgniter\View\View->CodeIgniter\View\{closure}()
 4 SYSTEMPATH\Common.php(1180): CodeIgniter\View\View->render('deskripsi', [], true)
 5 APPPATH\Controllers\Customer.php(32): view('deskripsi')
 6 SYSTEMPATH\CodeIgniter.php(932): App\Controllers\Customer->detailwebinar('<')
 7 SYSTEMPATH\CodeIgniter.php(497): CodeIgniter\CodeIgniter->runController(Object(App\Controllers\Customer))
 8 SYSTEMPATH\CodeIgniter.php(366): CodeIgniter\CodeIgniter->handleRequest(null, Object(Config\Cache), false)
 9 FCPATH\index.php(67): CodeIgniter\CodeIgniter->run()
10 SYSTEMPATH\Commands\Server\rewrite.php(47): require_once('D:\\xampp\\htdocs\\Webinar\\public\\index.php')
CRITICAL - 2024-03-25 06:17:43 --> Undefined array key 0
in APPPATH\Views\deskripsi.php on line 3.
 1 APPPATH\Views\deskripsi.php(3): CodeIgniter\Debug\Exceptions->errorHandler(2, 'Undefined array key 0', 'D:\\xampp\\htdocs\\Webinar\\app\\Views\\deskripsi.php', 3)
 2 SYSTEMPATH\View\View.php(224): include('D:\\xampp\\htdocs\\Webinar\\app\\Views\\deskripsi.php')
 3 SYSTEMPATH\View\View.php(227): CodeIgniter\View\View->CodeIgniter\View\{closure}()
 4 SYSTEMPATH\Common.php(1180): CodeIgniter\View\View->render('deskripsi', [], true)
 5 APPPATH\Controllers\Customer.php(32): view('deskripsi')
 6 SYSTEMPATH\CodeIgniter.php(932): App\Controllers\Customer->detailwebinar('img', 'lampung cerdas.webp')
 7 SYSTEMPATH\CodeIgniter.php(497): CodeIgniter\CodeIgniter->runController(Object(App\Controllers\Customer))
 8 SYSTEMPATH\CodeIgniter.php(366): CodeIgniter\CodeIgniter->handleRequest(null, Object(Config\Cache), false)
 9 FCPATH\index.php(67): CodeIgniter\CodeIgniter->run()
10 SYSTEMPATH\Commands\Server\rewrite.php(47): require_once('D:\\xampp\\htdocs\\Webinar\\public\\index.php')
CRITICAL - 2024-03-25 06:46:12 --> Undefined array key 0
in APPPATH\Views\deskripsi.php on line 3.
 1 APPPATH\Views\deskripsi.php(3): CodeIgniter\Debug\Exceptions->errorHandler(2, 'Undefined array key 0', 'D:\\xampp\\htdocs\\Webinar\\app\\Views\\deskripsi.php', 3)
 2 SYSTEMPATH\View\View.php(224): include('D:\\xampp\\htdocs\\Webinar\\app\\Views\\deskripsi.php')
 3 SYSTEMPATH\View\View.php(227): CodeIgniter\View\View->CodeIgniter\View\{closure}()
 4 SYSTEMPATH\Common.php(1180): CodeIgniter\View\View->render('deskripsi', [], true)
 5 APPPATH\Controllers\Customer.php(32): view('deskripsi')
 6 SYSTEMPATH\CodeIgniter.php(932): App\Controllers\Customer->detailwebinar('css', 'style.css')
 7 SYSTEMPATH\CodeIgniter.php(497): CodeIgniter\CodeIgniter->runController(Object(App\Controllers\Customer))
 8 SYSTEMPATH\CodeIgniter.php(366): CodeIgniter\CodeIgniter->handleRequest(null, Object(Config\Cache), false)
 9 FCPATH\index.php(67): CodeIgniter\CodeIgniter->run()
10 SYSTEMPATH\Commands\Server\rewrite.php(47): require_once('D:\\xampp\\htdocs\\Webinar\\public\\index.php')
CRITICAL - 2024-03-25 06:46:12 --> Undefined array key 0
in APPPATH\Views\deskripsi.php on line 3.
 1 APPPATH\Views\deskripsi.php(3): CodeIgniter\Debug\Exceptions->errorHandler(2, 'Undefined array key 0', 'D:\\xampp\\htdocs\\Webinar\\app\\Views\\deskripsi.php', 3)
 2 SYSTEMPATH\View\View.php(224): include('D:\\xampp\\htdocs\\Webinar\\app\\Views\\deskripsi.php')
 3 SYSTEMPATH\View\View.php(227): CodeIgniter\View\View->CodeIgniter\View\{closure}()
 4 SYSTEMPATH\Common.php(1180): CodeIgniter\View\View->render('deskripsi', [], true)
 5 APPPATH\Controllers\Customer.php(32): view('deskripsi')
 6 SYSTEMPATH\CodeIgniter.php(932): App\Controllers\Customer->detailwebinar('<')
 7 SYSTEMPATH\CodeIgniter.php(497): CodeIgniter\CodeIgniter->runController(Object(App\Controllers\Customer))
 8 SYSTEMPATH\CodeIgniter.php(366): CodeIgniter\CodeIgniter->handleRequest(null, Object(Config\Cache), false)
 9 FCPATH\index.php(67): CodeIgniter\CodeIgniter->run()
10 SYSTEMPATH\Commands\Server\rewrite.php(47): require_once('D:\\xampp\\htdocs\\Webinar\\public\\index.php')
CRITICAL - 2024-03-25 06:46:12 --> Undefined array key 0
in APPPATH\Views\deskripsi.php on line 3.
 1 APPPATH\Views\deskripsi.php(3): CodeIgniter\Debug\Exceptions->errorHandler(2, 'Undefined array key 0', 'D:\\xampp\\htdocs\\Webinar\\app\\Views\\deskripsi.php', 3)
 2 SYSTEMPATH\View\View.php(224): include('D:\\xampp\\htdocs\\Webinar\\app\\Views\\deskripsi.php')
 3 SYSTEMPATH\View\View.php(227): CodeIgniter\View\View->CodeIgniter\View\{closure}()
 4 SYSTEMPATH\Common.php(1180): CodeIgniter\View\View->render('deskripsi', [], true)
 5 APPPATH\Controllers\Customer.php(32): view('deskripsi')
 6 SYSTEMPATH\CodeIgniter.php(932): App\Controllers\Customer->detailwebinar('img', 'lampung cerdas.webp')
 7 SYSTEMPATH\CodeIgniter.php(497): CodeIgniter\CodeIgniter->runController(Object(App\Controllers\Customer))
 8 SYSTEMPATH\CodeIgniter.php(366): CodeIgniter\CodeIgniter->handleRequest(null, Object(Config\Cache), false)
 9 FCPATH\index.php(67): CodeIgniter\CodeIgniter->run()
10 SYSTEMPATH\Commands\Server\rewrite.php(47): require_once('D:\\xampp\\htdocs\\Webinar\\public\\index.php')
CRITICAL - 2024-03-25 06:47:10 --> Undefined array key 0
in APPPATH\Views\deskripsi.php on line 3.
 1 APPPATH\Views\deskripsi.php(3): CodeIgniter\Debug\Exceptions->errorHandler(2, 'Undefined array key 0', 'D:\\xampp\\htdocs\\Webinar\\app\\Views\\deskripsi.php', 3)
 2 SYSTEMPATH\View\View.php(224): include('D:\\xampp\\htdocs\\Webinar\\app\\Views\\deskripsi.php')
 3 SYSTEMPATH\View\View.php(227): CodeIgniter\View\View->CodeIgniter\View\{closure}()
 4 SYSTEMPATH\Common.php(1180): CodeIgniter\View\View->render('deskripsi', [], true)
 5 APPPATH\Controllers\Customer.php(32): view('deskripsi')
 6 SYSTEMPATH\CodeIgniter.php(932): App\Controllers\Customer->detailwebinar('css', 'style.css')
 7 SYSTEMPATH\CodeIgniter.php(497): CodeIgniter\CodeIgniter->runController(Object(App\Controllers\Customer))
 8 SYSTEMPATH\CodeIgniter.php(366): CodeIgniter\CodeIgniter->handleRequest(null, Object(Config\Cache), false)
 9 FCPATH\index.php(67): CodeIgniter\CodeIgniter->run()
10 SYSTEMPATH\Commands\Server\rewrite.php(47): require_once('D:\\xampp\\htdocs\\Webinar\\public\\index.php')
CRITICAL - 2024-03-25 06:47:10 --> Undefined array key 0
in APPPATH\Views\deskripsi.php on line 3.
 1 APPPATH\Views\deskripsi.php(3): CodeIgniter\Debug\Exceptions->errorHandler(2, 'Undefined array key 0', 'D:\\xampp\\htdocs\\Webinar\\app\\Views\\deskripsi.php', 3)
 2 SYSTEMPATH\View\View.php(224): include('D:\\xampp\\htdocs\\Webinar\\app\\Views\\deskripsi.php')
 3 SYSTEMPATH\View\View.php(227): CodeIgniter\View\View->CodeIgniter\View\{closure}()
 4 SYSTEMPATH\Common.php(1180): CodeIgniter\View\View->render('deskripsi', [], true)
 5 APPPATH\Controllers\Customer.php(32): view('deskripsi')
 6 SYSTEMPATH\CodeIgniter.php(932): App\Controllers\Customer->detailwebinar('<')
 7 SYSTEMPATH\CodeIgniter.php(497): CodeIgniter\CodeIgniter->runController(Object(App\Controllers\Customer))
 8 SYSTEMPATH\CodeIgniter.php(366): CodeIgniter\CodeIgniter->handleRequest(null, Object(Config\Cache), false)
 9 FCPATH\index.php(67): CodeIgniter\CodeIgniter->run()
10 SYSTEMPATH\Commands\Server\rewrite.php(47): require_once('D:\\xampp\\htdocs\\Webinar\\public\\index.php')
CRITICAL - 2024-03-25 06:47:10 --> Undefined array key 0
in APPPATH\Views\deskripsi.php on line 3.
 1 APPPATH\Views\deskripsi.php(3): CodeIgniter\Debug\Exceptions->errorHandler(2, 'Undefined array key 0', 'D:\\xampp\\htdocs\\Webinar\\app\\Views\\deskripsi.php', 3)
 2 SYSTEMPATH\View\View.php(224): include('D:\\xampp\\htdocs\\Webinar\\app\\Views\\deskripsi.php')
 3 SYSTEMPATH\View\View.php(227): CodeIgniter\View\View->CodeIgniter\View\{closure}()
 4 SYSTEMPATH\Common.php(1180): CodeIgniter\View\View->render('deskripsi', [], true)
 5 APPPATH\Controllers\Customer.php(32): view('deskripsi')
 6 SYSTEMPATH\CodeIgniter.php(932): App\Controllers\Customer->detailwebinar('img', 'lampung cerdas.webp')
 7 SYSTEMPATH\CodeIgniter.php(497): CodeIgniter\CodeIgniter->runController(Object(App\Controllers\Customer))
 8 SYSTEMPATH\CodeIgniter.php(366): CodeIgniter\CodeIgniter->handleRequest(null, Object(Config\Cache), false)
 9 FCPATH\index.php(67): CodeIgniter\CodeIgniter->run()
10 SYSTEMPATH\Commands\Server\rewrite.php(47): require_once('D:\\xampp\\htdocs\\Webinar\\public\\index.php')
CRITICAL - 2024-03-25 06:47:32 --> Undefined array key 0
in APPPATH\Views\deskripsi.php on line 3.
 1 APPPATH\Views\deskripsi.php(3): CodeIgniter\Debug\Exceptions->errorHandler(2, 'Undefined array key 0', 'D:\\xampp\\htdocs\\Webinar\\app\\Views\\deskripsi.php', 3)
 2 SYSTEMPATH\View\View.php(224): include('D:\\xampp\\htdocs\\Webinar\\app\\Views\\deskripsi.php')
 3 SYSTEMPATH\View\View.php(227): CodeIgniter\View\View->CodeIgniter\View\{closure}()
 4 SYSTEMPATH\Common.php(1180): CodeIgniter\View\View->render('deskripsi', [], true)
 5 APPPATH\Controllers\Customer.php(32): view('deskripsi')
 6 SYSTEMPATH\CodeIgniter.php(932): App\Controllers\Customer->detailwebinar('css', 'style.css')
 7 SYSTEMPATH\CodeIgniter.php(497): CodeIgniter\CodeIgniter->runController(Object(App\Controllers\Customer))
 8 SYSTEMPATH\CodeIgniter.php(366): CodeIgniter\CodeIgniter->handleRequest(null, Object(Config\Cache), false)
 9 FCPATH\index.php(67): CodeIgniter\CodeIgniter->run()
10 SYSTEMPATH\Commands\Server\rewrite.php(47): require_once('D:\\xampp\\htdocs\\Webinar\\public\\index.php')
CRITICAL - 2024-03-25 06:47:32 --> Undefined array key 0
in APPPATH\Views\deskripsi.php on line 3.
 1 APPPATH\Views\deskripsi.php(3): CodeIgniter\Debug\Exceptions->errorHandler(2, 'Undefined array key 0', 'D:\\xampp\\htdocs\\Webinar\\app\\Views\\deskripsi.php', 3)
 2 SYSTEMPATH\View\View.php(224): include('D:\\xampp\\htdocs\\Webinar\\app\\Views\\deskripsi.php')
 3 SYSTEMPATH\View\View.php(227): CodeIgniter\View\View->CodeIgniter\View\{closure}()
 4 SYSTEMPATH\Common.php(1180): CodeIgniter\View\View->render('deskripsi', [], true)
 5 APPPATH\Controllers\Customer.php(32): view('deskripsi')
 6 SYSTEMPATH\CodeIgniter.php(932): App\Controllers\Customer->detailwebinar('<')
 7 SYSTEMPATH\CodeIgniter.php(497): CodeIgniter\CodeIgniter->runController(Object(App\Controllers\Customer))
 8 SYSTEMPATH\CodeIgniter.php(366): CodeIgniter\CodeIgniter->handleRequest(null, Object(Config\Cache), false)
 9 FCPATH\index.php(67): CodeIgniter\CodeIgniter->run()
10 SYSTEMPATH\Commands\Server\rewrite.php(47): require_once('D:\\xampp\\htdocs\\Webinar\\public\\index.php')
CRITICAL - 2024-03-25 06:47:32 --> Undefined array key 0
in APPPATH\Views\deskripsi.php on line 3.
 1 APPPATH\Views\deskripsi.php(3): CodeIgniter\Debug\Exceptions->errorHandler(2, 'Undefined array key 0', 'D:\\xampp\\htdocs\\Webinar\\app\\Views\\deskripsi.php', 3)
 2 SYSTEMPATH\View\View.php(224): include('D:\\xampp\\htdocs\\Webinar\\app\\Views\\deskripsi.php')
 3 SYSTEMPATH\View\View.php(227): CodeIgniter\View\View->CodeIgniter\View\{closure}()
 4 SYSTEMPATH\Common.php(1180): CodeIgniter\View\View->render('deskripsi', [], true)
 5 APPPATH\Controllers\Customer.php(32): view('deskripsi')
 6 SYSTEMPATH\CodeIgniter.php(932): App\Controllers\Customer->detailwebinar('img', 'lampung cerdas.webp')
 7 SYSTEMPATH\CodeIgniter.php(497): CodeIgniter\CodeIgniter->runController(Object(App\Controllers\Customer))
 8 SYSTEMPATH\CodeIgniter.php(366): CodeIgniter\CodeIgniter->handleRequest(null, Object(Config\Cache), false)
 9 FCPATH\index.php(67): CodeIgniter\CodeIgniter->run()
10 SYSTEMPATH\Commands\Server\rewrite.php(47): require_once('D:\\xampp\\htdocs\\Webinar\\public\\index.php')
CRITICAL - 2024-03-25 06:47:48 --> Undefined array key 0
in APPPATH\Views\deskripsi.php on line 3.
 1 APPPATH\Views\deskripsi.php(3): CodeIgniter\Debug\Exceptions->errorHandler(2, 'Undefined array key 0', 'D:\\xampp\\htdocs\\Webinar\\app\\Views\\deskripsi.php', 3)
 2 SYSTEMPATH\View\View.php(224): include('D:\\xampp\\htdocs\\Webinar\\app\\Views\\deskripsi.php')
 3 SYSTEMPATH\View\View.php(227): CodeIgniter\View\View->CodeIgniter\View\{closure}()
 4 SYSTEMPATH\Common.php(1180): CodeIgniter\View\View->render('deskripsi', [], true)
 5 APPPATH\Controllers\Customer.php(32): view('deskripsi')
 6 SYSTEMPATH\CodeIgniter.php(932): App\Controllers\Customer->detailwebinar('css', 'style.css')
 7 SYSTEMPATH\CodeIgniter.php(497): CodeIgniter\CodeIgniter->runController(Object(App\Controllers\Customer))
 8 SYSTEMPATH\CodeIgniter.php(366): CodeIgniter\CodeIgniter->handleRequest(null, Object(Config\Cache), false)
 9 FCPATH\index.php(67): CodeIgniter\CodeIgniter->run()
10 SYSTEMPATH\Commands\Server\rewrite.php(47): require_once('D:\\xampp\\htdocs\\Webinar\\public\\index.php')
CRITICAL - 2024-03-25 06:47:48 --> Undefined array key 0
in APPPATH\Views\deskripsi.php on line 3.
 1 APPPATH\Views\deskripsi.php(3): CodeIgniter\Debug\Exceptions->errorHandler(2, 'Undefined array key 0', 'D:\\xampp\\htdocs\\Webinar\\app\\Views\\deskripsi.php', 3)
 2 SYSTEMPATH\View\View.php(224): include('D:\\xampp\\htdocs\\Webinar\\app\\Views\\deskripsi.php')
 3 SYSTEMPATH\View\View.php(227): CodeIgniter\View\View->CodeIgniter\View\{closure}()
 4 SYSTEMPATH\Common.php(1180): CodeIgniter\View\View->render('deskripsi', [], true)
 5 APPPATH\Controllers\Customer.php(32): view('deskripsi')
 6 SYSTEMPATH\CodeIgniter.php(932): App\Controllers\Customer->detailwebinar('<')
 7 SYSTEMPATH\CodeIgniter.php(497): CodeIgniter\CodeIgniter->runController(Object(App\Controllers\Customer))
 8 SYSTEMPATH\CodeIgniter.php(366): CodeIgniter\CodeIgniter->handleRequest(null, Object(Config\Cache), false)
 9 FCPATH\index.php(67): CodeIgniter\CodeIgniter->run()
10 SYSTEMPATH\Commands\Server\rewrite.php(47): require_once('D:\\xampp\\htdocs\\Webinar\\public\\index.php')
CRITICAL - 2024-03-25 06:47:48 --> Undefined array key 0
in APPPATH\Views\deskripsi.php on line 3.
 1 APPPATH\Views\deskripsi.php(3): CodeIgniter\Debug\Exceptions->errorHandler(2, 'Undefined array key 0', 'D:\\xampp\\htdocs\\Webinar\\app\\Views\\deskripsi.php', 3)
 2 SYSTEMPATH\View\View.php(224): include('D:\\xampp\\htdocs\\Webinar\\app\\Views\\deskripsi.php')
 3 SYSTEMPATH\View\View.php(227): CodeIgniter\View\View->CodeIgniter\View\{closure}()
 4 SYSTEMPATH\Common.php(1180): CodeIgniter\View\View->render('deskripsi', [], true)
 5 APPPATH\Controllers\Customer.php(32): view('deskripsi')
 6 SYSTEMPATH\CodeIgniter.php(932): App\Controllers\Customer->detailwebinar('img', 'lampung cerdas.webp')
 7 SYSTEMPATH\CodeIgniter.php(497): CodeIgniter\CodeIgniter->runController(Object(App\Controllers\Customer))
 8 SYSTEMPATH\CodeIgniter.php(366): CodeIgniter\CodeIgniter->handleRequest(null, Object(Config\Cache), false)
 9 FCPATH\index.php(67): CodeIgniter\CodeIgniter->run()
10 SYSTEMPATH\Commands\Server\rewrite.php(47): require_once('D:\\xampp\\htdocs\\Webinar\\public\\index.php')
CRITICAL - 2024-03-25 06:50:50 --> Undefined array key 0
in APPPATH\Views\user\deskripsi.php on line 3.
 1 APPPATH\Views\user\deskripsi.php(3): CodeIgniter\Debug\Exceptions->errorHandler(2, 'Undefined array key 0', 'D:\\xampp\\htdocs\\Webinar\\app\\Views\\user\\deskripsi.php', 3)
 2 SYSTEMPATH\View\View.php(224): include('D:\\xampp\\htdocs\\Webinar\\app\\Views\\user\\deskripsi.php')
 3 SYSTEMPATH\View\View.php(227): CodeIgniter\View\View->CodeIgniter\View\{closure}()
 4 SYSTEMPATH\Common.php(1180): CodeIgniter\View\View->render('user/deskripsi', [], true)
 5 APPPATH\Controllers\Customer.php(32): view('user/deskripsi')
 6 SYSTEMPATH\CodeIgniter.php(932): App\Controllers\Customer->detailwebinar('css', 'style.css')
 7 SYSTEMPATH\CodeIgniter.php(497): CodeIgniter\CodeIgniter->runController(Object(App\Controllers\Customer))
 8 SYSTEMPATH\CodeIgniter.php(366): CodeIgniter\CodeIgniter->handleRequest(null, Object(Config\Cache), false)
 9 FCPATH\index.php(67): CodeIgniter\CodeIgniter->run()
10 SYSTEMPATH\Commands\Server\rewrite.php(47): require_once('D:\\xampp\\htdocs\\Webinar\\public\\index.php')
CRITICAL - 2024-03-25 06:50:50 --> Undefined array key 0
in APPPATH\Views\user\deskripsi.php on line 3.
 1 APPPATH\Views\user\deskripsi.php(3): CodeIgniter\Debug\Exceptions->errorHandler(2, 'Undefined array key 0', 'D:\\xampp\\htdocs\\Webinar\\app\\Views\\user\\deskripsi.php', 3)
 2 SYSTEMPATH\View\View.php(224): include('D:\\xampp\\htdocs\\Webinar\\app\\Views\\user\\deskripsi.php')
 3 SYSTEMPATH\View\View.php(227): CodeIgniter\View\View->CodeIgniter\View\{closure}()
 4 SYSTEMPATH\Common.php(1180): CodeIgniter\View\View->render('user/deskripsi', [], true)
 5 APPPATH\Controllers\Customer.php(32): view('user/deskripsi')
 6 SYSTEMPATH\CodeIgniter.php(932): App\Controllers\Customer->detailwebinar('<')
 7 SYSTEMPATH\CodeIgniter.php(497): CodeIgniter\CodeIgniter->runController(Object(App\Controllers\Customer))
 8 SYSTEMPATH\CodeIgniter.php(366): CodeIgniter\CodeIgniter->handleRequest(null, Object(Config\Cache), false)
 9 FCPATH\index.php(67): CodeIgniter\CodeIgniter->run()
10 SYSTEMPATH\Commands\Server\rewrite.php(47): require_once('D:\\xampp\\htdocs\\Webinar\\public\\index.php')
CRITICAL - 2024-03-25 06:50:50 --> Undefined array key 0
in APPPATH\Views\user\deskripsi.php on line 3.
 1 APPPATH\Views\user\deskripsi.php(3): CodeIgniter\Debug\Exceptions->errorHandler(2, 'Undefined array key 0', 'D:\\xampp\\htdocs\\Webinar\\app\\Views\\user\\deskripsi.php', 3)
 2 SYSTEMPATH\View\View.php(224): include('D:\\xampp\\htdocs\\Webinar\\app\\Views\\user\\deskripsi.php')
 3 SYSTEMPATH\View\View.php(227): CodeIgniter\View\View->CodeIgniter\View\{closure}()
 4 SYSTEMPATH\Common.php(1180): CodeIgniter\View\View->render('user/deskripsi', [], true)
 5 APPPATH\Controllers\Customer.php(32): view('user/deskripsi')
 6 SYSTEMPATH\CodeIgniter.php(932): App\Controllers\Customer->detailwebinar('img', 'lampung cerdas.webp')
 7 SYSTEMPATH\CodeIgniter.php(497): CodeIgniter\CodeIgniter->runController(Object(App\Controllers\Customer))
 8 SYSTEMPATH\CodeIgniter.php(366): CodeIgniter\CodeIgniter->handleRequest(null, Object(Config\Cache), false)
 9 FCPATH\index.php(67): CodeIgniter\CodeIgniter->run()
10 SYSTEMPATH\Commands\Server\rewrite.php(47): require_once('D:\\xampp\\htdocs\\Webinar\\public\\index.php')
CRITICAL - 2024-03-25 06:52:06 --> Undefined array key 0
in APPPATH\Views\user\deskripsi.php on line 3.
 1 APPPATH\Views\user\deskripsi.php(3): CodeIgniter\Debug\Exceptions->errorHandler(2, 'Undefined array key 0', 'D:\\xampp\\htdocs\\Webinar\\app\\Views\\user\\deskripsi.php', 3)
 2 SYSTEMPATH\View\View.php(224): include('D:\\xampp\\htdocs\\Webinar\\app\\Views\\user\\deskripsi.php')
 3 SYSTEMPATH\View\View.php(227): CodeIgniter\View\View->CodeIgniter\View\{closure}()
 4 SYSTEMPATH\Common.php(1180): CodeIgniter\View\View->render('user/deskripsi', [], true)
 5 APPPATH\Controllers\Customer.php(32): view('user/deskripsi')
 6 SYSTEMPATH\CodeIgniter.php(932): App\Controllers\Customer->detailwebinar('css', 'style.css')
 7 SYSTEMPATH\CodeIgniter.php(497): CodeIgniter\CodeIgniter->runController(Object(App\Controllers\Customer))
 8 SYSTEMPATH\CodeIgniter.php(366): CodeIgniter\CodeIgniter->handleRequest(null, Object(Config\Cache), false)
 9 FCPATH\index.php(67): CodeIgniter\CodeIgniter->run()
10 SYSTEMPATH\Commands\Server\rewrite.php(47): require_once('D:\\xampp\\htdocs\\Webinar\\public\\index.php')
CRITICAL - 2024-03-25 06:52:06 --> Undefined array key 0
in APPPATH\Views\user\deskripsi.php on line 3.
 1 APPPATH\Views\user\deskripsi.php(3): CodeIgniter\Debug\Exceptions->errorHandler(2, 'Undefined array key 0', 'D:\\xampp\\htdocs\\Webinar\\app\\Views\\user\\deskripsi.php', 3)
 2 SYSTEMPATH\View\View.php(224): include('D:\\xampp\\htdocs\\Webinar\\app\\Views\\user\\deskripsi.php')
 3 SYSTEMPATH\View\View.php(227): CodeIgniter\View\View->CodeIgniter\View\{closure}()
 4 SYSTEMPATH\Common.php(1180): CodeIgniter\View\View->render('user/deskripsi', [], true)
 5 APPPATH\Controllers\Customer.php(32): view('user/deskripsi')
 6 SYSTEMPATH\CodeIgniter.php(932): App\Controllers\Customer->detailwebinar('<')
 7 SYSTEMPATH\CodeIgniter.php(497): CodeIgniter\CodeIgniter->runController(Object(App\Controllers\Customer))
 8 SYSTEMPATH\CodeIgniter.php(366): CodeIgniter\CodeIgniter->handleRequest(null, Object(Config\Cache), false)
 9 FCPATH\index.php(67): CodeIgniter\CodeIgniter->run()
10 SYSTEMPATH\Commands\Server\rewrite.php(47): require_once('D:\\xampp\\htdocs\\Webinar\\public\\index.php')
CRITICAL - 2024-03-25 06:52:06 --> Undefined array key 0
in APPPATH\Views\user\deskripsi.php on line 3.
 1 APPPATH\Views\user\deskripsi.php(3): CodeIgniter\Debug\Exceptions->errorHandler(2, 'Undefined array key 0', 'D:\\xampp\\htdocs\\Webinar\\app\\Views\\user\\deskripsi.php', 3)
 2 SYSTEMPATH\View\View.php(224): include('D:\\xampp\\htdocs\\Webinar\\app\\Views\\user\\deskripsi.php')
 3 SYSTEMPATH\View\View.php(227): CodeIgniter\View\View->CodeIgniter\View\{closure}()
 4 SYSTEMPATH\Common.php(1180): CodeIgniter\View\View->render('user/deskripsi', [], true)
 5 APPPATH\Controllers\Customer.php(32): view('user/deskripsi')
 6 SYSTEMPATH\CodeIgniter.php(932): App\Controllers\Customer->detailwebinar('img', 'lampung cerdas.webp')
 7 SYSTEMPATH\CodeIgniter.php(497): CodeIgniter\CodeIgniter->runController(Object(App\Controllers\Customer))
 8 SYSTEMPATH\CodeIgniter.php(366): CodeIgniter\CodeIgniter->handleRequest(null, Object(Config\Cache), false)
 9 FCPATH\index.php(67): CodeIgniter\CodeIgniter->run()
10 SYSTEMPATH\Commands\Server\rewrite.php(47): require_once('D:\\xampp\\htdocs\\Webinar\\public\\index.php')
CRITICAL - 2024-03-25 06:53:38 --> Undefined array key 0
in APPPATH\Views\user\deskripsi.php on line 3.
 1 APPPATH\Views\user\deskripsi.php(3): CodeIgniter\Debug\Exceptions->errorHandler(2, 'Undefined array key 0', 'D:\\xampp\\htdocs\\Webinar\\app\\Views\\user\\deskripsi.php', 3)
 2 SYSTEMPATH\View\View.php(224): include('D:\\xampp\\htdocs\\Webinar\\app\\Views\\user\\deskripsi.php')
 3 SYSTEMPATH\View\View.php(227): CodeIgniter\View\View->CodeIgniter\View\{closure}()
 4 SYSTEMPATH\Common.php(1180): CodeIgniter\View\View->render('user/deskripsi', [], true)
 5 APPPATH\Controllers\Customer.php(32): view('user/deskripsi')
 6 SYSTEMPATH\CodeIgniter.php(932): App\Controllers\Customer->detailwebinar('css', 'style.css')
 7 SYSTEMPATH\CodeIgniter.php(497): CodeIgniter\CodeIgniter->runController(Object(App\Controllers\Customer))
 8 SYSTEMPATH\CodeIgniter.php(366): CodeIgniter\CodeIgniter->handleRequest(null, Object(Config\Cache), false)
 9 FCPATH\index.php(67): CodeIgniter\CodeIgniter->run()
10 SYSTEMPATH\Commands\Server\rewrite.php(47): require_once('D:\\xampp\\htdocs\\Webinar\\public\\index.php')
CRITICAL - 2024-03-25 06:53:39 --> Undefined array key 0
in APPPATH\Views\user\deskripsi.php on line 3.
 1 APPPATH\Views\user\deskripsi.php(3): CodeIgniter\Debug\Exceptions->errorHandler(2, 'Undefined array key 0', 'D:\\xampp\\htdocs\\Webinar\\app\\Views\\user\\deskripsi.php', 3)
 2 SYSTEMPATH\View\View.php(224): include('D:\\xampp\\htdocs\\Webinar\\app\\Views\\user\\deskripsi.php')
 3 SYSTEMPATH\View\View.php(227): CodeIgniter\View\View->CodeIgniter\View\{closure}()
 4 SYSTEMPATH\Common.php(1180): CodeIgniter\View\View->render('user/deskripsi', [], true)
 5 APPPATH\Controllers\Customer.php(32): view('user/deskripsi')
 6 SYSTEMPATH\CodeIgniter.php(932): App\Controllers\Customer->detailwebinar('<')
 7 SYSTEMPATH\CodeIgniter.php(497): CodeIgniter\CodeIgniter->runController(Object(App\Controllers\Customer))
 8 SYSTEMPATH\CodeIgniter.php(366): CodeIgniter\CodeIgniter->handleRequest(null, Object(Config\Cache), false)
 9 FCPATH\index.php(67): CodeIgniter\CodeIgniter->run()
10 SYSTEMPATH\Commands\Server\rewrite.php(47): require_once('D:\\xampp\\htdocs\\Webinar\\public\\index.php')
CRITICAL - 2024-03-25 06:53:39 --> Undefined array key 0
in APPPATH\Views\user\deskripsi.php on line 3.
 1 APPPATH\Views\user\deskripsi.php(3): CodeIgniter\Debug\Exceptions->errorHandler(2, 'Undefined array key 0', 'D:\\xampp\\htdocs\\Webinar\\app\\Views\\user\\deskripsi.php', 3)
 2 SYSTEMPATH\View\View.php(224): include('D:\\xampp\\htdocs\\Webinar\\app\\Views\\user\\deskripsi.php')
 3 SYSTEMPATH\View\View.php(227): CodeIgniter\View\View->CodeIgniter\View\{closure}()
 4 SYSTEMPATH\Common.php(1180): CodeIgniter\View\View->render('user/deskripsi', [], true)
 5 APPPATH\Controllers\Customer.php(32): view('user/deskripsi')
 6 SYSTEMPATH\CodeIgniter.php(932): App\Controllers\Customer->detailwebinar('img', 'lampung cerdas.webp')
 7 SYSTEMPATH\CodeIgniter.php(497): CodeIgniter\CodeIgniter->runController(Object(App\Controllers\Customer))
 8 SYSTEMPATH\CodeIgniter.php(366): CodeIgniter\CodeIgniter->handleRequest(null, Object(Config\Cache), false)
 9 FCPATH\index.php(67): CodeIgniter\CodeIgniter->run()
10 SYSTEMPATH\Commands\Server\rewrite.php(47): require_once('D:\\xampp\\htdocs\\Webinar\\public\\index.php')
CRITICAL - 2024-03-25 06:53:43 --> Undefined array key 0
in APPPATH\Views\user\deskripsi.php on line 3.
 1 APPPATH\Views\user\deskripsi.php(3): CodeIgniter\Debug\Exceptions->errorHandler(2, 'Undefined array key 0', 'D:\\xampp\\htdocs\\Webinar\\app\\Views\\user\\deskripsi.php', 3)
 2 SYSTEMPATH\View\View.php(224): include('D:\\xampp\\htdocs\\Webinar\\app\\Views\\user\\deskripsi.php')
 3 SYSTEMPATH\View\View.php(227): CodeIgniter\View\View->CodeIgniter\View\{closure}()
 4 SYSTEMPATH\Common.php(1180): CodeIgniter\View\View->render('user/deskripsi', [], true)
 5 APPPATH\Controllers\Customer.php(32): view('user/deskripsi')
 6 SYSTEMPATH\CodeIgniter.php(932): App\Controllers\Customer->detailwebinar('css', 'style.css')
 7 SYSTEMPATH\CodeIgniter.php(497): CodeIgniter\CodeIgniter->runController(Object(App\Controllers\Customer))
 8 SYSTEMPATH\CodeIgniter.php(366): CodeIgniter\CodeIgniter->handleRequest(null, Object(Config\Cache), false)
 9 FCPATH\index.php(67): CodeIgniter\CodeIgniter->run()
10 SYSTEMPATH\Commands\Server\rewrite.php(47): require_once('D:\\xampp\\htdocs\\Webinar\\public\\index.php')
CRITICAL - 2024-03-25 06:53:44 --> Undefined array key 0
in APPPATH\Views\user\deskripsi.php on line 3.
 1 APPPATH\Views\user\deskripsi.php(3): CodeIgniter\Debug\Exceptions->errorHandler(2, 'Undefined array key 0', 'D:\\xampp\\htdocs\\Webinar\\app\\Views\\user\\deskripsi.php', 3)
 2 SYSTEMPATH\View\View.php(224): include('D:\\xampp\\htdocs\\Webinar\\app\\Views\\user\\deskripsi.php')
 3 SYSTEMPATH\View\View.php(227): CodeIgniter\View\View->CodeIgniter\View\{closure}()
 4 SYSTEMPATH\Common.php(1180): CodeIgniter\View\View->render('user/deskripsi', [], true)
 5 APPPATH\Controllers\Customer.php(32): view('user/deskripsi')
 6 SYSTEMPATH\CodeIgniter.php(932): App\Controllers\Customer->detailwebinar('<')
 7 SYSTEMPATH\CodeIgniter.php(497): CodeIgniter\CodeIgniter->runController(Object(App\Controllers\Customer))
 8 SYSTEMPATH\CodeIgniter.php(366): CodeIgniter\CodeIgniter->handleRequest(null, Object(Config\Cache), false)
 9 FCPATH\index.php(67): CodeIgniter\CodeIgniter->run()
10 SYSTEMPATH\Commands\Server\rewrite.php(47): require_once('D:\\xampp\\htdocs\\Webinar\\public\\index.php')
CRITICAL - 2024-03-25 06:53:55 --> Undefined array key 0
in APPPATH\Views\user\deskripsi.php on line 3.
 1 APPPATH\Views\user\deskripsi.php(3): CodeIgniter\Debug\Exceptions->errorHandler(2, 'Undefined array key 0', 'D:\\xampp\\htdocs\\Webinar\\app\\Views\\user\\deskripsi.php', 3)
 2 SYSTEMPATH\View\View.php(224): include('D:\\xampp\\htdocs\\Webinar\\app\\Views\\user\\deskripsi.php')
 3 SYSTEMPATH\View\View.php(227): CodeIgniter\View\View->CodeIgniter\View\{closure}()
 4 SYSTEMPATH\Common.php(1180): CodeIgniter\View\View->render('user/deskripsi', [], true)
 5 APPPATH\Controllers\Customer.php(32): view('user/deskripsi')
 6 SYSTEMPATH\CodeIgniter.php(932): App\Controllers\Customer->detailwebinar('css', 'style.css')
 7 SYSTEMPATH\CodeIgniter.php(497): CodeIgniter\CodeIgniter->runController(Object(App\Controllers\Customer))
 8 SYSTEMPATH\CodeIgniter.php(366): CodeIgniter\CodeIgniter->handleRequest(null, Object(Config\Cache), false)
 9 FCPATH\index.php(67): CodeIgniter\CodeIgniter->run()
10 SYSTEMPATH\Commands\Server\rewrite.php(47): require_once('D:\\xampp\\htdocs\\Webinar\\public\\index.php')
CRITICAL - 2024-03-25 06:53:56 --> Undefined array key 0
in APPPATH\Views\user\deskripsi.php on line 3.
 1 APPPATH\Views\user\deskripsi.php(3): CodeIgniter\Debug\Exceptions->errorHandler(2, 'Undefined array key 0', 'D:\\xampp\\htdocs\\Webinar\\app\\Views\\user\\deskripsi.php', 3)
 2 SYSTEMPATH\View\View.php(224): include('D:\\xampp\\htdocs\\Webinar\\app\\Views\\user\\deskripsi.php')
 3 SYSTEMPATH\View\View.php(227): CodeIgniter\View\View->CodeIgniter\View\{closure}()
 4 SYSTEMPATH\Common.php(1180): CodeIgniter\View\View->render('user/deskripsi', [], true)
 5 APPPATH\Controllers\Customer.php(32): view('user/deskripsi')
 6 SYSTEMPATH\CodeIgniter.php(932): App\Controllers\Customer->detailwebinar('css', 'style.css')
 7 SYSTEMPATH\CodeIgniter.php(497): CodeIgniter\CodeIgniter->runController(Object(App\Controllers\Customer))
 8 SYSTEMPATH\CodeIgniter.php(366): CodeIgniter\CodeIgniter->handleRequest(null, Object(Config\Cache), false)
 9 FCPATH\index.php(67): CodeIgniter\CodeIgniter->run()
10 SYSTEMPATH\Commands\Server\rewrite.php(47): require_once('D:\\xampp\\htdocs\\Webinar\\public\\index.php')
CRITICAL - 2024-03-25 06:53:56 --> Undefined array key 0
in APPPATH\Views\user\deskripsi.php on line 3.
 1 APPPATH\Views\user\deskripsi.php(3): CodeIgniter\Debug\Exceptions->errorHandler(2, 'Undefined array key 0', 'D:\\xampp\\htdocs\\Webinar\\app\\Views\\user\\deskripsi.php', 3)
 2 SYSTEMPATH\View\View.php(224): include('D:\\xampp\\htdocs\\Webinar\\app\\Views\\user\\deskripsi.php')
 3 SYSTEMPATH\View\View.php(227): CodeIgniter\View\View->CodeIgniter\View\{closure}()
 4 SYSTEMPATH\Common.php(1180): CodeIgniter\View\View->render('user/deskripsi', [], true)
 5 APPPATH\Controllers\Customer.php(32): view('user/deskripsi')
 6 SYSTEMPATH\CodeIgniter.php(932): App\Controllers\Customer->detailwebinar('<')
 7 SYSTEMPATH\CodeIgniter.php(497): CodeIgniter\CodeIgniter->runController(Object(App\Controllers\Customer))
 8 SYSTEMPATH\CodeIgniter.php(366): CodeIgniter\CodeIgniter->handleRequest(null, Object(Config\Cache), false)
 9 FCPATH\index.php(67): CodeIgniter\CodeIgniter->run()
10 SYSTEMPATH\Commands\Server\rewrite.php(47): require_once('D:\\xampp\\htdocs\\Webinar\\public\\index.php')
CRITICAL - 2024-03-25 06:53:56 --> Undefined array key 0
in APPPATH\Views\user\deskripsi.php on line 3.
 1 APPPATH\Views\user\deskripsi.php(3): CodeIgniter\Debug\Exceptions->errorHandler(2, 'Undefined array key 0', 'D:\\xampp\\htdocs\\Webinar\\app\\Views\\user\\deskripsi.php', 3)
 2 SYSTEMPATH\View\View.php(224): include('D:\\xampp\\htdocs\\Webinar\\app\\Views\\user\\deskripsi.php')
 3 SYSTEMPATH\View\View.php(227): CodeIgniter\View\View->CodeIgniter\View\{closure}()
 4 SYSTEMPATH\Common.php(1180): CodeIgniter\View\View->render('user/deskripsi', [], true)
 5 APPPATH\Controllers\Customer.php(32): view('user/deskripsi')
 6 SYSTEMPATH\CodeIgniter.php(932): App\Controllers\Customer->detailwebinar('<')
 7 SYSTEMPATH\CodeIgniter.php(497): CodeIgniter\CodeIgniter->runController(Object(App\Controllers\Customer))
 8 SYSTEMPATH\CodeIgniter.php(366): CodeIgniter\CodeIgniter->handleRequest(null, Object(Config\Cache), false)
 9 FCPATH\index.php(67): CodeIgniter\CodeIgniter->run()
10 SYSTEMPATH\Commands\Server\rewrite.php(47): require_once('D:\\xampp\\htdocs\\Webinar\\public\\index.php')
CRITICAL - 2024-03-25 06:54:45 --> Undefined array key 0
in APPPATH\Views\user\deskripsi.php on line 3.
 1 APPPATH\Views\user\deskripsi.php(3): CodeIgniter\Debug\Exceptions->errorHandler(2, 'Undefined array key 0', 'D:\\xampp\\htdocs\\Webinar\\app\\Views\\user\\deskripsi.php', 3)
 2 SYSTEMPATH\View\View.php(224): include('D:\\xampp\\htdocs\\Webinar\\app\\Views\\user\\deskripsi.php')
 3 SYSTEMPATH\View\View.php(227): CodeIgniter\View\View->CodeIgniter\View\{closure}()
 4 SYSTEMPATH\Common.php(1180): CodeIgniter\View\View->render('user/deskripsi', [], true)
 5 APPPATH\Controllers\Customer.php(32): view('user/deskripsi')
 6 SYSTEMPATH\CodeIgniter.php(932): App\Controllers\Customer->detailwebinar('css', 'style.css')
 7 SYSTEMPATH\CodeIgniter.php(497): CodeIgniter\CodeIgniter->runController(Object(App\Controllers\Customer))
 8 SYSTEMPATH\CodeIgniter.php(366): CodeIgniter\CodeIgniter->handleRequest(null, Object(Config\Cache), false)
 9 FCPATH\index.php(67): CodeIgniter\CodeIgniter->run()
10 SYSTEMPATH\Commands\Server\rewrite.php(47): require_once('D:\\xampp\\htdocs\\Webinar\\public\\index.php')
CRITICAL - 2024-03-25 06:54:46 --> Undefined array key 0
in APPPATH\Views\user\deskripsi.php on line 3.
 1 APPPATH\Views\user\deskripsi.php(3): CodeIgniter\Debug\Exceptions->errorHandler(2, 'Undefined array key 0', 'D:\\xampp\\htdocs\\Webinar\\app\\Views\\user\\deskripsi.php', 3)
 2 SYSTEMPATH\View\View.php(224): include('D:\\xampp\\htdocs\\Webinar\\app\\Views\\user\\deskripsi.php')
 3 SYSTEMPATH\View\View.php(227): CodeIgniter\View\View->CodeIgniter\View\{closure}()
 4 SYSTEMPATH\Common.php(1180): CodeIgniter\View\View->render('user/deskripsi', [], true)
 5 APPPATH\Controllers\Customer.php(32): view('user/deskripsi')
 6 SYSTEMPATH\CodeIgniter.php(932): App\Controllers\Customer->detailwebinar('css', 'style.css')
 7 SYSTEMPATH\CodeIgniter.php(497): CodeIgniter\CodeIgniter->runController(Object(App\Controllers\Customer))
 8 SYSTEMPATH\CodeIgniter.php(366): CodeIgniter\CodeIgniter->handleRequest(null, Object(Config\Cache), false)
 9 FCPATH\index.php(67): CodeIgniter\CodeIgniter->run()
10 SYSTEMPATH\Commands\Server\rewrite.php(47): require_once('D:\\xampp\\htdocs\\Webinar\\public\\index.php')
CRITICAL - 2024-03-25 06:54:46 --> Undefined array key 0
in APPPATH\Views\user\deskripsi.php on line 3.
 1 APPPATH\Views\user\deskripsi.php(3): CodeIgniter\Debug\Exceptions->errorHandler(2, 'Undefined array key 0', 'D:\\xampp\\htdocs\\Webinar\\app\\Views\\user\\deskripsi.php', 3)
 2 SYSTEMPATH\View\View.php(224): include('D:\\xampp\\htdocs\\Webinar\\app\\Views\\user\\deskripsi.php')
 3 SYSTEMPATH\View\View.php(227): CodeIgniter\View\View->CodeIgniter\View\{closure}()
 4 SYSTEMPATH\Common.php(1180): CodeIgniter\View\View->render('user/deskripsi', [], true)
 5 APPPATH\Controllers\Customer.php(32): view('user/deskripsi')
 6 SYSTEMPATH\CodeIgniter.php(932): App\Controllers\Customer->detailwebinar('<')
 7 SYSTEMPATH\CodeIgniter.php(497): CodeIgniter\CodeIgniter->runController(Object(App\Controllers\Customer))
 8 SYSTEMPATH\CodeIgniter.php(366): CodeIgniter\CodeIgniter->handleRequest(null, Object(Config\Cache), false)
 9 FCPATH\index.php(67): CodeIgniter\CodeIgniter->run()
10 SYSTEMPATH\Commands\Server\rewrite.php(47): require_once('D:\\xampp\\htdocs\\Webinar\\public\\index.php')
CRITICAL - 2024-03-25 06:54:46 --> Undefined array key 0
in APPPATH\Views\user\deskripsi.php on line 3.
 1 APPPATH\Views\user\deskripsi.php(3): CodeIgniter\Debug\Exceptions->errorHandler(2, 'Undefined array key 0', 'D:\\xampp\\htdocs\\Webinar\\app\\Views\\user\\deskripsi.php', 3)
 2 SYSTEMPATH\View\View.php(224): include('D:\\xampp\\htdocs\\Webinar\\app\\Views\\user\\deskripsi.php')
 3 SYSTEMPATH\View\View.php(227): CodeIgniter\View\View->CodeIgniter\View\{closure}()
 4 SYSTEMPATH\Common.php(1180): CodeIgniter\View\View->render('user/deskripsi', [], true)
 5 APPPATH\Controllers\Customer.php(32): view('user/deskripsi')
 6 SYSTEMPATH\CodeIgniter.php(932): App\Controllers\Customer->detailwebinar('<')
 7 SYSTEMPATH\CodeIgniter.php(497): CodeIgniter\CodeIgniter->runController(Object(App\Controllers\Customer))
 8 SYSTEMPATH\CodeIgniter.php(366): CodeIgniter\CodeIgniter->handleRequest(null, Object(Config\Cache), false)
 9 FCPATH\index.php(67): CodeIgniter\CodeIgniter->run()
10 SYSTEMPATH\Commands\Server\rewrite.php(47): require_once('D:\\xampp\\htdocs\\Webinar\\public\\index.php')
CRITICAL - 2024-03-25 06:55:45 --> Undefined array key 0
in APPPATH\Views\user\deskripsi.php on line 3.
 1 APPPATH\Views\user\deskripsi.php(3): CodeIgniter\Debug\Exceptions->errorHandler(2, 'Undefined array key 0', 'D:\\xampp\\htdocs\\Webinar\\app\\Views\\user\\deskripsi.php', 3)
 2 SYSTEMPATH\View\View.php(224): include('D:\\xampp\\htdocs\\Webinar\\app\\Views\\user\\deskripsi.php')
 3 SYSTEMPATH\View\View.php(227): CodeIgniter\View\View->CodeIgniter\View\{closure}()
 4 SYSTEMPATH\Common.php(1180): CodeIgniter\View\View->render('user/deskripsi', [], true)
 5 APPPATH\Controllers\Customer.php(32): view('user/deskripsi')
 6 SYSTEMPATH\CodeIgniter.php(932): App\Controllers\Customer->detailwebinar('css', 'style.css')
 7 SYSTEMPATH\CodeIgniter.php(497): CodeIgniter\CodeIgniter->runController(Object(App\Controllers\Customer))
 8 SYSTEMPATH\CodeIgniter.php(366): CodeIgniter\CodeIgniter->handleRequest(null, Object(Config\Cache), false)
 9 FCPATH\index.php(67): CodeIgniter\CodeIgniter->run()
10 SYSTEMPATH\Commands\Server\rewrite.php(47): require_once('D:\\xampp\\htdocs\\Webinar\\public\\index.php')
CRITICAL - 2024-03-25 06:55:45 --> Undefined array key 0
in APPPATH\Views\user\deskripsi.php on line 3.
 1 APPPATH\Views\user\deskripsi.php(3): CodeIgniter\Debug\Exceptions->errorHandler(2, 'Undefined array key 0', 'D:\\xampp\\htdocs\\Webinar\\app\\Views\\user\\deskripsi.php', 3)
 2 SYSTEMPATH\View\View.php(224): include('D:\\xampp\\htdocs\\Webinar\\app\\Views\\user\\deskripsi.php')
 3 SYSTEMPATH\View\View.php(227): CodeIgniter\View\View->CodeIgniter\View\{closure}()
 4 SYSTEMPATH\Common.php(1180): CodeIgniter\View\View->render('user/deskripsi', [], true)
 5 APPPATH\Controllers\Customer.php(32): view('user/deskripsi')
 6 SYSTEMPATH\CodeIgniter.php(932): App\Controllers\Customer->detailwebinar('<')
 7 SYSTEMPATH\CodeIgniter.php(497): CodeIgniter\CodeIgniter->runController(Object(App\Controllers\Customer))
 8 SYSTEMPATH\CodeIgniter.php(366): CodeIgniter\CodeIgniter->handleRequest(null, Object(Config\Cache), false)
 9 FCPATH\index.php(67): CodeIgniter\CodeIgniter->run()
10 SYSTEMPATH\Commands\Server\rewrite.php(47): require_once('D:\\xampp\\htdocs\\Webinar\\public\\index.php')
CRITICAL - 2024-03-25 06:55:45 --> Undefined array key 0
in APPPATH\Views\user\deskripsi.php on line 3.
 1 APPPATH\Views\user\deskripsi.php(3): CodeIgniter\Debug\Exceptions->errorHandler(2, 'Undefined array key 0', 'D:\\xampp\\htdocs\\Webinar\\app\\Views\\user\\deskripsi.php', 3)
 2 SYSTEMPATH\View\View.php(224): include('D:\\xampp\\htdocs\\Webinar\\app\\Views\\user\\deskripsi.php')
 3 SYSTEMPATH\View\View.php(227): CodeIgniter\View\View->CodeIgniter\View\{closure}()
 4 SYSTEMPATH\Common.php(1180): CodeIgniter\View\View->render('user/deskripsi', [], true)
 5 APPPATH\Controllers\Customer.php(32): view('user/deskripsi')
 6 SYSTEMPATH\CodeIgniter.php(932): App\Controllers\Customer->detailwebinar('img', 'lampung cerdas.webp')
 7 SYSTEMPATH\CodeIgniter.php(497): CodeIgniter\CodeIgniter->runController(Object(App\Controllers\Customer))
 8 SYSTEMPATH\CodeIgniter.php(366): CodeIgniter\CodeIgniter->handleRequest(null, Object(Config\Cache), false)
 9 FCPATH\index.php(67): CodeIgniter\CodeIgniter->run()
10 SYSTEMPATH\Commands\Server\rewrite.php(47): require_once('D:\\xampp\\htdocs\\Webinar\\public\\index.php')
