CRITICAL - 2024-03-29 11:28:20 --> Undefined array key 0
in APPPATH\Views\user\deskripsi.php on line 6.
 1 APPPATH\Views\user\deskripsi.php(6): CodeIgniter\Debug\Exceptions->errorHandler(2, 'Undefined array key 0', 'D:\\xampp\\htdocs\\Webinar\\app\\Views\\user\\deskripsi.php', 6)
 2 SYSTEMPATH\View\View.php(224): include('D:\\xampp\\htdocs\\Webinar\\app\\Views\\user\\deskripsi.php')
 3 SYSTEMPATH\View\View.php(227): CodeIgniter\View\View->CodeIgniter\View\{closure}()
 4 SYSTEMPATH\Common.php(1180): CodeIgniter\View\View->render('user/deskripsi', [], true)
 5 APPPATH\Controllers\Customer.php(32): view('user/deskripsi')
 6 SYSTEMPATH\CodeIgniter.php(932): App\Controllers\Customer->detailwebinar('img', 'lampung cerdas.webp')
 7 SYSTEMPATH\CodeIgniter.php(497): CodeIgniter\CodeIgniter->runController(Object(App\Controllers\Customer))
 8 SYSTEMPATH\CodeIgniter.php(366): CodeIgniter\CodeIgniter->handleRequest(null, Object(Config\Cache), false)
 9 FCPATH\index.php(67): CodeIgniter\CodeIgniter->run()
10 SYSTEMPATH\Commands\Server\rewrite.php(47): require_once('D:\\xampp\\htdocs\\Webinar\\public\\index.php')
CRITICAL - 2024-03-29 11:28:31 --> Attempt to read property "pesan" on null
in APPPATH\Controllers\Customer.php on line 80.
 1 APPPATH\Controllers\Customer.php(80): CodeIgniter\Debug\Exceptions->errorHandler(2, 'Attempt to read property "pesan" on null', 'D:\\xampp\\htdocs\\Webinar\\app\\Controllers\\Customer.php', 80)
 2 SYSTEMPATH\CodeIgniter.php(932): App\Controllers\Customer->storependaftaran()
 3 SYSTEMPATH\CodeIgniter.php(497): CodeIgniter\CodeIgniter->runController(Object(App\Controllers\Customer))
 4 SYSTEMPATH\CodeIgniter.php(366): CodeIgniter\CodeIgniter->handleRequest(null, Object(Config\Cache), false)
 5 FCPATH\index.php(67): CodeIgniter\CodeIgniter->run()
 6 SYSTEMPATH\Commands\Server\rewrite.php(47): require_once('D:\\xampp\\htdocs\\Webinar\\public\\index.php')
CRITICAL - 2024-03-29 11:38:48 --> Invalid file: "prisensi.php"
in SYSTEMPATH\Exceptions\FrameworkException.php on line 33.
 1 SYSTEMPATH\View\View.php(212): CodeIgniter\Exceptions\FrameworkException::forInvalidFile('prisensi.php')
 2 SYSTEMPATH\Common.php(1180): CodeIgniter\View\View->render('prisensi', [], true)
 3 APPPATH\Controllers\Customer.php(95): view('prisensi', [...])
 4 SYSTEMPATH\CodeIgniter.php(932): App\Controllers\Customer->presensi('19')
 5 SYSTEMPATH\CodeIgniter.php(497): CodeIgniter\CodeIgniter->runController(Object(App\Controllers\Customer))
 6 SYSTEMPATH\CodeIgniter.php(366): CodeIgniter\CodeIgniter->handleRequest(null, Object(Config\Cache), false)
 7 FCPATH\index.php(67): CodeIgniter\CodeIgniter->run()
 8 SYSTEMPATH\Commands\Server\rewrite.php(47): require_once('D:\\xampp\\htdocs\\Webinar\\public\\index.php')
ERROR - 2024-03-29 13:58:54 --> Error connecting to the database: mysqli_sql_exception: No connection could be made because the target machine actively refused it in D:\xampp\htdocs\Webinar\system\Database\MySQLi\Connection.php:174
Stack trace:
#0 D:\xampp\htdocs\Webinar\system\Database\MySQLi\Connection.php(174): mysqli->real_connect('localhost', 'root', '', 'sertifikat', 3306, '', 0)
#1 D:\xampp\htdocs\Webinar\system\Database\BaseConnection.php(391): CodeIgniter\Database\MySQLi\Connection->connect(false)
#2 D:\xampp\htdocs\Webinar\system\Database\BaseConnection.php(574): CodeIgniter\Database\BaseConnection->initialize()
#3 D:\xampp\htdocs\Webinar\app\Controllers\Customer.php(16): CodeIgniter\Database\BaseConnection->query('SELECT * FROM w...')
#4 D:\xampp\htdocs\Webinar\system\CodeIgniter.php(932): App\Controllers\Customer->home('$1')
#5 D:\xampp\htdocs\Webinar\system\CodeIgniter.php(497): CodeIgniter\CodeIgniter->runController(Object(App\Controllers\Customer))
#6 D:\xampp\htdocs\Webinar\system\CodeIgniter.php(366): CodeIgniter\CodeIgniter->handleRequest(NULL, Object(Config\Cache), false)
#7 D:\xampp\htdocs\Webinar\public\index.php(67): CodeIgniter\CodeIgniter->run()
#8 D:\xampp\htdocs\Webinar\system\Commands\Server\rewrite.php(47): require_once('D:\\xampp\\htdocs...')
#9 {main}

Next CodeIgniter\Database\Exceptions\DatabaseException: No connection could be made because the target machine actively refused it in D:\xampp\htdocs\Webinar\system\Database\MySQLi\Connection.php:218
Stack trace:
#0 D:\xampp\htdocs\Webinar\system\Database\BaseConnection.php(391): CodeIgniter\Database\MySQLi\Connection->connect(false)
#1 D:\xampp\htdocs\Webinar\system\Database\BaseConnection.php(574): CodeIgniter\Database\BaseConnection->initialize()
#2 D:\xampp\htdocs\Webinar\app\Controllers\Customer.php(16): CodeIgniter\Database\BaseConnection->query('SELECT * FROM w...')
#3 D:\xampp\htdocs\Webinar\system\CodeIgniter.php(932): App\Controllers\Customer->home('$1')
#4 D:\xampp\htdocs\Webinar\system\CodeIgniter.php(497): CodeIgniter\CodeIgniter->runController(Object(App\Controllers\Customer))
#5 D:\xampp\htdocs\Webinar\system\CodeIgniter.php(366): CodeIgniter\CodeIgniter->handleRequest(NULL, Object(Config\Cache), false)
#6 D:\xampp\htdocs\Webinar\public\index.php(67): CodeIgniter\CodeIgniter->run()
#7 D:\xampp\htdocs\Webinar\system\Commands\Server\rewrite.php(47): require_once('D:\\xampp\\htdocs...')
#8 {main}
CRITICAL - 2024-03-29 13:58:54 --> Unable to connect to the database.
Main connection [MySQLi]: No connection could be made because the target machine actively refused it
in SYSTEMPATH\Database\BaseConnection.php on line 427.
 1 SYSTEMPATH\Database\BaseConnection.php(574): CodeIgniter\Database\BaseConnection->initialize()
 2 APPPATH\Controllers\Customer.php(16): CodeIgniter\Database\BaseConnection->query('SELECT * FROM webinar order by id desc ')
 3 SYSTEMPATH\CodeIgniter.php(932): App\Controllers\Customer->home('$1')
 4 SYSTEMPATH\CodeIgniter.php(497): CodeIgniter\CodeIgniter->runController(Object(App\Controllers\Customer))
 5 SYSTEMPATH\CodeIgniter.php(366): CodeIgniter\CodeIgniter->handleRequest(null, Object(Config\Cache), false)
 6 FCPATH\index.php(67): CodeIgniter\CodeIgniter->run()
 7 SYSTEMPATH\Commands\Server\rewrite.php(47): require_once('D:\\xampp\\htdocs\\Webinar\\public\\index.php')
