CRITICAL - 2024-04-20 01:17:35 --> Undefined array key 0
in APPPATH\Views\user\deskripsi.php on line 6.
 1 APPPATH\Views\user\deskripsi.php(6): CodeIgniter\Debug\Exceptions->errorHandler(2, 'Undefined array key 0', 'D:\\xampp\\htdocs\\Webinar\\app\\Views\\user\\deskripsi.php', 6)
 2 SYSTEMPATH\View\View.php(224): include('D:\\xampp\\htdocs\\Webinar\\app\\Views\\user\\deskripsi.php')
 3 SYSTEMPATH\View\View.php(227): CodeIgniter\View\View->CodeIgniter\View\{closure}()
 4 SYSTEMPATH\Common.php(1180): CodeIgniter\View\View->render('user/deskripsi', [], true)
 5 APPPATH\Controllers\Customer.php(33): view('user/deskripsi')
 6 SYSTEMPATH\CodeIgniter.php(932): App\Controllers\Customer->detailwebinar('img', 'lampung cerdas.webp')
 7 SYSTEMPATH\CodeIgniter.php(497): CodeIgniter\CodeIgniter->runController(Object(App\Controllers\Customer))
 8 SYSTEMPATH\CodeIgniter.php(366): CodeIgniter\CodeIgniter->handleRequest(null, Object(Config\Cache), false)
 9 FCPATH\index.php(67): CodeIgniter\CodeIgniter->run()
10 SYSTEMPATH\Commands\Server\rewrite.php(47): require_once('D:\\xampp\\htdocs\\Webinar\\public\\index.php')
CRITICAL - 2024-04-20 01:17:44 --> Undefined array key 0
in APPPATH\Views\user\deskripsi.php on line 6.
 1 APPPATH\Views\user\deskripsi.php(6): CodeIgniter\Debug\Exceptions->errorHandler(2, 'Undefined array key 0', 'D:\\xampp\\htdocs\\Webinar\\app\\Views\\user\\deskripsi.php', 6)
 2 SYSTEMPATH\View\View.php(224): include('D:\\xampp\\htdocs\\Webinar\\app\\Views\\user\\deskripsi.php')
 3 SYSTEMPATH\View\View.php(227): CodeIgniter\View\View->CodeIgniter\View\{closure}()
 4 SYSTEMPATH\Common.php(1180): CodeIgniter\View\View->render('user/deskripsi', [], true)
 5 APPPATH\Controllers\Customer.php(33): view('user/deskripsi')
 6 SYSTEMPATH\CodeIgniter.php(932): App\Controllers\Customer->detailwebinar('img', 'lampung cerdas.webp')
 7 SYSTEMPATH\CodeIgniter.php(497): CodeIgniter\CodeIgniter->runController(Object(App\Controllers\Customer))
 8 SYSTEMPATH\CodeIgniter.php(366): CodeIgniter\CodeIgniter->handleRequest(null, Object(Config\Cache), false)
 9 FCPATH\index.php(67): CodeIgniter\CodeIgniter->run()
10 SYSTEMPATH\Commands\Server\rewrite.php(47): require_once('D:\\xampp\\htdocs\\Webinar\\public\\index.php')
CRITICAL - 2024-04-20 01:18:21 --> Undefined array key 0
in APPPATH\Views\user\deskripsi.php on line 6.
 1 APPPATH\Views\user\deskripsi.php(6): CodeIgniter\Debug\Exceptions->errorHandler(2, 'Undefined array key 0', 'D:\\xampp\\htdocs\\Webinar\\app\\Views\\user\\deskripsi.php', 6)
 2 SYSTEMPATH\View\View.php(224): include('D:\\xampp\\htdocs\\Webinar\\app\\Views\\user\\deskripsi.php')
 3 SYSTEMPATH\View\View.php(227): CodeIgniter\View\View->CodeIgniter\View\{closure}()
 4 SYSTEMPATH\Common.php(1180): CodeIgniter\View\View->render('user/deskripsi', [], true)
 5 APPPATH\Controllers\Customer.php(33): view('user/deskripsi')
 6 SYSTEMPATH\CodeIgniter.php(932): App\Controllers\Customer->detailwebinar('img', 'lampung cerdas.webp')
 7 SYSTEMPATH\CodeIgniter.php(497): CodeIgniter\CodeIgniter->runController(Object(App\Controllers\Customer))
 8 SYSTEMPATH\CodeIgniter.php(366): CodeIgniter\CodeIgniter->handleRequest(null, Object(Config\Cache), false)
 9 FCPATH\index.php(67): CodeIgniter\CodeIgniter->run()
10 SYSTEMPATH\Commands\Server\rewrite.php(47): require_once('D:\\xampp\\htdocs\\Webinar\\public\\index.php')
CRITICAL - 2024-04-20 01:18:36 --> Undefined array key 0
in APPPATH\Views\user\deskripsi.php on line 6.
 1 APPPATH\Views\user\deskripsi.php(6): CodeIgniter\Debug\Exceptions->errorHandler(2, 'Undefined array key 0', 'D:\\xampp\\htdocs\\Webinar\\app\\Views\\user\\deskripsi.php', 6)
 2 SYSTEMPATH\View\View.php(224): include('D:\\xampp\\htdocs\\Webinar\\app\\Views\\user\\deskripsi.php')
 3 SYSTEMPATH\View\View.php(227): CodeIgniter\View\View->CodeIgniter\View\{closure}()
 4 SYSTEMPATH\Common.php(1180): CodeIgniter\View\View->render('user/deskripsi', [], true)
 5 APPPATH\Controllers\Customer.php(33): view('user/deskripsi')
 6 SYSTEMPATH\CodeIgniter.php(932): App\Controllers\Customer->detailwebinar('img', 'lampung cerdas.webp')
 7 SYSTEMPATH\CodeIgniter.php(497): CodeIgniter\CodeIgniter->runController(Object(App\Controllers\Customer))
 8 SYSTEMPATH\CodeIgniter.php(366): CodeIgniter\CodeIgniter->handleRequest(null, Object(Config\Cache), false)
 9 FCPATH\index.php(67): CodeIgniter\CodeIgniter->run()
10 SYSTEMPATH\Commands\Server\rewrite.php(47): require_once('D:\\xampp\\htdocs\\Webinar\\public\\index.php')
CRITICAL - 2024-04-20 01:33:08 --> Undefined array key 0
in APPPATH\Views\user\deskripsi.php on line 6.
 1 APPPATH\Views\user\deskripsi.php(6): CodeIgniter\Debug\Exceptions->errorHandler(2, 'Undefined array key 0', 'D:\\xampp\\htdocs\\Webinar\\app\\Views\\user\\deskripsi.php', 6)
 2 SYSTEMPATH\View\View.php(224): include('D:\\xampp\\htdocs\\Webinar\\app\\Views\\user\\deskripsi.php')
 3 SYSTEMPATH\View\View.php(227): CodeIgniter\View\View->CodeIgniter\View\{closure}()
 4 SYSTEMPATH\Common.php(1180): CodeIgniter\View\View->render('user/deskripsi', [], true)
 5 APPPATH\Controllers\Customer.php(33): view('user/deskripsi')
 6 SYSTEMPATH\CodeIgniter.php(932): App\Controllers\Customer->detailwebinar('img', 'lampung cerdas.webp')
 7 SYSTEMPATH\CodeIgniter.php(497): CodeIgniter\CodeIgniter->runController(Object(App\Controllers\Customer))
 8 SYSTEMPATH\CodeIgniter.php(366): CodeIgniter\CodeIgniter->handleRequest(null, Object(Config\Cache), false)
 9 FCPATH\index.php(67): CodeIgniter\CodeIgniter->run()
10 SYSTEMPATH\Commands\Server\rewrite.php(47): require_once('D:\\xampp\\htdocs\\Webinar\\public\\index.php')
CRITICAL - 2024-04-20 01:33:58 --> Undefined array key 0
in APPPATH\Views\user\deskripsi.php on line 6.
 1 APPPATH\Views\user\deskripsi.php(6): CodeIgniter\Debug\Exceptions->errorHandler(2, 'Undefined array key 0', 'D:\\xampp\\htdocs\\Webinar\\app\\Views\\user\\deskripsi.php', 6)
 2 SYSTEMPATH\View\View.php(224): include('D:\\xampp\\htdocs\\Webinar\\app\\Views\\user\\deskripsi.php')
 3 SYSTEMPATH\View\View.php(227): CodeIgniter\View\View->CodeIgniter\View\{closure}()
 4 SYSTEMPATH\Common.php(1180): CodeIgniter\View\View->render('user/deskripsi', [], true)
 5 APPPATH\Controllers\Customer.php(33): view('user/deskripsi')
 6 SYSTEMPATH\CodeIgniter.php(932): App\Controllers\Customer->detailwebinar('img', 'lampung cerdas.webp')
 7 SYSTEMPATH\CodeIgniter.php(497): CodeIgniter\CodeIgniter->runController(Object(App\Controllers\Customer))
 8 SYSTEMPATH\CodeIgniter.php(366): CodeIgniter\CodeIgniter->handleRequest(null, Object(Config\Cache), false)
 9 FCPATH\index.php(67): CodeIgniter\CodeIgniter->run()
10 SYSTEMPATH\Commands\Server\rewrite.php(47): require_once('D:\\xampp\\htdocs\\Webinar\\public\\index.php')
CRITICAL - 2024-04-20 01:34:14 --> Undefined array key 0
in APPPATH\Views\user\deskripsi.php on line 6.
 1 APPPATH\Views\user\deskripsi.php(6): CodeIgniter\Debug\Exceptions->errorHandler(2, 'Undefined array key 0', 'D:\\xampp\\htdocs\\Webinar\\app\\Views\\user\\deskripsi.php', 6)
 2 SYSTEMPATH\View\View.php(224): include('D:\\xampp\\htdocs\\Webinar\\app\\Views\\user\\deskripsi.php')
 3 SYSTEMPATH\View\View.php(227): CodeIgniter\View\View->CodeIgniter\View\{closure}()
 4 SYSTEMPATH\Common.php(1180): CodeIgniter\View\View->render('user/deskripsi', [], true)
 5 APPPATH\Controllers\Customer.php(33): view('user/deskripsi')
 6 SYSTEMPATH\CodeIgniter.php(932): App\Controllers\Customer->detailwebinar('img', 'lampung cerdas.webp')
 7 SYSTEMPATH\CodeIgniter.php(497): CodeIgniter\CodeIgniter->runController(Object(App\Controllers\Customer))
 8 SYSTEMPATH\CodeIgniter.php(366): CodeIgniter\CodeIgniter->handleRequest(null, Object(Config\Cache), false)
 9 FCPATH\index.php(67): CodeIgniter\CodeIgniter->run()
10 SYSTEMPATH\Commands\Server\rewrite.php(47): require_once('D:\\xampp\\htdocs\\Webinar\\public\\index.php')
CRITICAL - 2024-04-20 01:34:49 --> Undefined array key 0
in APPPATH\Views\user\deskripsi.php on line 6.
 1 APPPATH\Views\user\deskripsi.php(6): CodeIgniter\Debug\Exceptions->errorHandler(2, 'Undefined array key 0', 'D:\\xampp\\htdocs\\Webinar\\app\\Views\\user\\deskripsi.php', 6)
 2 SYSTEMPATH\View\View.php(224): include('D:\\xampp\\htdocs\\Webinar\\app\\Views\\user\\deskripsi.php')
 3 SYSTEMPATH\View\View.php(227): CodeIgniter\View\View->CodeIgniter\View\{closure}()
 4 SYSTEMPATH\Common.php(1180): CodeIgniter\View\View->render('user/deskripsi', [], true)
 5 APPPATH\Controllers\Customer.php(33): view('user/deskripsi')
 6 SYSTEMPATH\CodeIgniter.php(932): App\Controllers\Customer->detailwebinar('img', 'lampung cerdas.webp')
 7 SYSTEMPATH\CodeIgniter.php(497): CodeIgniter\CodeIgniter->runController(Object(App\Controllers\Customer))
 8 SYSTEMPATH\CodeIgniter.php(366): CodeIgniter\CodeIgniter->handleRequest(null, Object(Config\Cache), false)
 9 FCPATH\index.php(67): CodeIgniter\CodeIgniter->run()
10 SYSTEMPATH\Commands\Server\rewrite.php(47): require_once('D:\\xampp\\htdocs\\Webinar\\public\\index.php')
CRITICAL - 2024-04-20 02:00:19 --> Undefined array key 0
in APPPATH\Views\user\deskripsi.php on line 6.
 1 APPPATH\Views\user\deskripsi.php(6): CodeIgniter\Debug\Exceptions->errorHandler(2, 'Undefined array key 0', 'D:\\xampp\\htdocs\\Webinar\\app\\Views\\user\\deskripsi.php', 6)
 2 SYSTEMPATH\View\View.php(224): include('D:\\xampp\\htdocs\\Webinar\\app\\Views\\user\\deskripsi.php')
 3 SYSTEMPATH\View\View.php(227): CodeIgniter\View\View->CodeIgniter\View\{closure}()
 4 SYSTEMPATH\Common.php(1180): CodeIgniter\View\View->render('user/deskripsi', [], true)
 5 APPPATH\Controllers\Customer.php(33): view('user/deskripsi')
 6 SYSTEMPATH\CodeIgniter.php(932): App\Controllers\Customer->detailwebinar('img', 'lampung cerdas.webp')
 7 SYSTEMPATH\CodeIgniter.php(497): CodeIgniter\CodeIgniter->runController(Object(App\Controllers\Customer))
 8 SYSTEMPATH\CodeIgniter.php(366): CodeIgniter\CodeIgniter->handleRequest(null, Object(Config\Cache), false)
 9 FCPATH\index.php(67): CodeIgniter\CodeIgniter->run()
10 SYSTEMPATH\Commands\Server\rewrite.php(47): require_once('D:\\xampp\\htdocs\\Webinar\\public\\index.php')
CRITICAL - 2024-04-20 02:24:04 --> Undefined array key 0
in APPPATH\Views\user\deskripsi.php on line 6.
 1 APPPATH\Views\user\deskripsi.php(6): CodeIgniter\Debug\Exceptions->errorHandler(2, 'Undefined array key 0', 'D:\\xampp\\htdocs\\Webinar\\app\\Views\\user\\deskripsi.php', 6)
 2 SYSTEMPATH\View\View.php(224): include('D:\\xampp\\htdocs\\Webinar\\app\\Views\\user\\deskripsi.php')
 3 SYSTEMPATH\View\View.php(227): CodeIgniter\View\View->CodeIgniter\View\{closure}()
 4 SYSTEMPATH\Common.php(1180): CodeIgniter\View\View->render('user/deskripsi', [], true)
 5 APPPATH\Controllers\Customer.php(33): view('user/deskripsi')
 6 SYSTEMPATH\CodeIgniter.php(932): App\Controllers\Customer->detailwebinar('img', 'lampung cerdas.webp')
 7 SYSTEMPATH\CodeIgniter.php(497): CodeIgniter\CodeIgniter->runController(Object(App\Controllers\Customer))
 8 SYSTEMPATH\CodeIgniter.php(366): CodeIgniter\CodeIgniter->handleRequest(null, Object(Config\Cache), false)
 9 FCPATH\index.php(67): CodeIgniter\CodeIgniter->run()
10 SYSTEMPATH\Commands\Server\rewrite.php(47): require_once('D:\\xampp\\htdocs\\Webinar\\public\\index.php')
CRITICAL - 2024-04-20 02:24:12 --> Undefined array key 0
in APPPATH\Views\user\deskripsi.php on line 6.
 1 APPPATH\Views\user\deskripsi.php(6): CodeIgniter\Debug\Exceptions->errorHandler(2, 'Undefined array key 0', 'D:\\xampp\\htdocs\\Webinar\\app\\Views\\user\\deskripsi.php', 6)
 2 SYSTEMPATH\View\View.php(224): include('D:\\xampp\\htdocs\\Webinar\\app\\Views\\user\\deskripsi.php')
 3 SYSTEMPATH\View\View.php(227): CodeIgniter\View\View->CodeIgniter\View\{closure}()
 4 SYSTEMPATH\Common.php(1180): CodeIgniter\View\View->render('user/deskripsi', [], true)
 5 APPPATH\Controllers\Customer.php(33): view('user/deskripsi')
 6 SYSTEMPATH\CodeIgniter.php(932): App\Controllers\Customer->detailwebinar('img', 'lampung cerdas.webp')
 7 SYSTEMPATH\CodeIgniter.php(497): CodeIgniter\CodeIgniter->runController(Object(App\Controllers\Customer))
 8 SYSTEMPATH\CodeIgniter.php(366): CodeIgniter\CodeIgniter->handleRequest(null, Object(Config\Cache), false)
 9 FCPATH\index.php(67): CodeIgniter\CodeIgniter->run()
10 SYSTEMPATH\Commands\Server\rewrite.php(47): require_once('D:\\xampp\\htdocs\\Webinar\\public\\index.php')
CRITICAL - 2024-04-20 02:24:30 --> Undefined array key 0
in APPPATH\Views\user\deskripsi.php on line 6.
 1 APPPATH\Views\user\deskripsi.php(6): CodeIgniter\Debug\Exceptions->errorHandler(2, 'Undefined array key 0', 'D:\\xampp\\htdocs\\Webinar\\app\\Views\\user\\deskripsi.php', 6)
 2 SYSTEMPATH\View\View.php(224): include('D:\\xampp\\htdocs\\Webinar\\app\\Views\\user\\deskripsi.php')
 3 SYSTEMPATH\View\View.php(227): CodeIgniter\View\View->CodeIgniter\View\{closure}()
 4 SYSTEMPATH\Common.php(1180): CodeIgniter\View\View->render('user/deskripsi', [], true)
 5 APPPATH\Controllers\Customer.php(33): view('user/deskripsi')
 6 SYSTEMPATH\CodeIgniter.php(932): App\Controllers\Customer->detailwebinar('img', 'lampung cerdas.webp')
 7 SYSTEMPATH\CodeIgniter.php(497): CodeIgniter\CodeIgniter->runController(Object(App\Controllers\Customer))
 8 SYSTEMPATH\CodeIgniter.php(366): CodeIgniter\CodeIgniter->handleRequest(null, Object(Config\Cache), false)
 9 FCPATH\index.php(67): CodeIgniter\CodeIgniter->run()
10 SYSTEMPATH\Commands\Server\rewrite.php(47): require_once('D:\\xampp\\htdocs\\Webinar\\public\\index.php')
CRITICAL - 2024-04-20 02:26:32 --> Undefined array key 0
in APPPATH\Views\user\deskripsi.php on line 6.
 1 APPPATH\Views\user\deskripsi.php(6): CodeIgniter\Debug\Exceptions->errorHandler(2, 'Undefined array key 0', 'D:\\xampp\\htdocs\\Webinar\\app\\Views\\user\\deskripsi.php', 6)
 2 SYSTEMPATH\View\View.php(224): include('D:\\xampp\\htdocs\\Webinar\\app\\Views\\user\\deskripsi.php')
 3 SYSTEMPATH\View\View.php(227): CodeIgniter\View\View->CodeIgniter\View\{closure}()
 4 SYSTEMPATH\Common.php(1180): CodeIgniter\View\View->render('user/deskripsi', [], true)
 5 APPPATH\Controllers\Customer.php(33): view('user/deskripsi')
 6 SYSTEMPATH\CodeIgniter.php(932): App\Controllers\Customer->detailwebinar('img', 'lampung cerdas.webp')
 7 SYSTEMPATH\CodeIgniter.php(497): CodeIgniter\CodeIgniter->runController(Object(App\Controllers\Customer))
 8 SYSTEMPATH\CodeIgniter.php(366): CodeIgniter\CodeIgniter->handleRequest(null, Object(Config\Cache), false)
 9 FCPATH\index.php(67): CodeIgniter\CodeIgniter->run()
10 SYSTEMPATH\Commands\Server\rewrite.php(47): require_once('D:\\xampp\\htdocs\\Webinar\\public\\index.php')
CRITICAL - 2024-04-20 02:28:36 --> Undefined array key 0
in APPPATH\Views\user\deskripsi.php on line 6.
 1 APPPATH\Views\user\deskripsi.php(6): CodeIgniter\Debug\Exceptions->errorHandler(2, 'Undefined array key 0', 'D:\\xampp\\htdocs\\Webinar\\app\\Views\\user\\deskripsi.php', 6)
 2 SYSTEMPATH\View\View.php(224): include('D:\\xampp\\htdocs\\Webinar\\app\\Views\\user\\deskripsi.php')
 3 SYSTEMPATH\View\View.php(227): CodeIgniter\View\View->CodeIgniter\View\{closure}()
 4 SYSTEMPATH\Common.php(1180): CodeIgniter\View\View->render('user/deskripsi', [], true)
 5 APPPATH\Controllers\Customer.php(33): view('user/deskripsi')
 6 SYSTEMPATH\CodeIgniter.php(932): App\Controllers\Customer->detailwebinar('img', 'lampung cerdas.webp')
 7 SYSTEMPATH\CodeIgniter.php(497): CodeIgniter\CodeIgniter->runController(Object(App\Controllers\Customer))
 8 SYSTEMPATH\CodeIgniter.php(366): CodeIgniter\CodeIgniter->handleRequest(null, Object(Config\Cache), false)
 9 FCPATH\index.php(67): CodeIgniter\CodeIgniter->run()
10 SYSTEMPATH\Commands\Server\rewrite.php(47): require_once('D:\\xampp\\htdocs\\Webinar\\public\\index.php')
CRITICAL - 2024-04-20 02:28:40 --> Undefined array key 0
in APPPATH\Views\user\deskripsi.php on line 6.
 1 APPPATH\Views\user\deskripsi.php(6): CodeIgniter\Debug\Exceptions->errorHandler(2, 'Undefined array key 0', 'D:\\xampp\\htdocs\\Webinar\\app\\Views\\user\\deskripsi.php', 6)
 2 SYSTEMPATH\View\View.php(224): include('D:\\xampp\\htdocs\\Webinar\\app\\Views\\user\\deskripsi.php')
 3 SYSTEMPATH\View\View.php(227): CodeIgniter\View\View->CodeIgniter\View\{closure}()
 4 SYSTEMPATH\Common.php(1180): CodeIgniter\View\View->render('user/deskripsi', [], true)
 5 APPPATH\Controllers\Customer.php(33): view('user/deskripsi')
 6 SYSTEMPATH\CodeIgniter.php(932): App\Controllers\Customer->detailwebinar('img', 'lampung cerdas.webp')
 7 SYSTEMPATH\CodeIgniter.php(497): CodeIgniter\CodeIgniter->runController(Object(App\Controllers\Customer))
 8 SYSTEMPATH\CodeIgniter.php(366): CodeIgniter\CodeIgniter->handleRequest(null, Object(Config\Cache), false)
 9 FCPATH\index.php(67): CodeIgniter\CodeIgniter->run()
10 SYSTEMPATH\Commands\Server\rewrite.php(47): require_once('D:\\xampp\\htdocs\\Webinar\\public\\index.php')
CRITICAL - 2024-04-20 02:28:43 --> Undefined array key 0
in APPPATH\Views\user\deskripsi.php on line 6.
 1 APPPATH\Views\user\deskripsi.php(6): CodeIgniter\Debug\Exceptions->errorHandler(2, 'Undefined array key 0', 'D:\\xampp\\htdocs\\Webinar\\app\\Views\\user\\deskripsi.php', 6)
 2 SYSTEMPATH\View\View.php(224): include('D:\\xampp\\htdocs\\Webinar\\app\\Views\\user\\deskripsi.php')
 3 SYSTEMPATH\View\View.php(227): CodeIgniter\View\View->CodeIgniter\View\{closure}()
 4 SYSTEMPATH\Common.php(1180): CodeIgniter\View\View->render('user/deskripsi', [], true)
 5 APPPATH\Controllers\Customer.php(33): view('user/deskripsi')
 6 SYSTEMPATH\CodeIgniter.php(932): App\Controllers\Customer->detailwebinar('img', 'lampung cerdas.webp')
 7 SYSTEMPATH\CodeIgniter.php(497): CodeIgniter\CodeIgniter->runController(Object(App\Controllers\Customer))
 8 SYSTEMPATH\CodeIgniter.php(366): CodeIgniter\CodeIgniter->handleRequest(null, Object(Config\Cache), false)
 9 FCPATH\index.php(67): CodeIgniter\CodeIgniter->run()
10 SYSTEMPATH\Commands\Server\rewrite.php(47): require_once('D:\\xampp\\htdocs\\Webinar\\public\\index.php')
CRITICAL - 2024-04-20 02:29:46 --> Undefined array key 0
in APPPATH\Views\user\deskripsi.php on line 6.
 1 APPPATH\Views\user\deskripsi.php(6): CodeIgniter\Debug\Exceptions->errorHandler(2, 'Undefined array key 0', 'D:\\xampp\\htdocs\\Webinar\\app\\Views\\user\\deskripsi.php', 6)
 2 SYSTEMPATH\View\View.php(224): include('D:\\xampp\\htdocs\\Webinar\\app\\Views\\user\\deskripsi.php')
 3 SYSTEMPATH\View\View.php(227): CodeIgniter\View\View->CodeIgniter\View\{closure}()
 4 SYSTEMPATH\Common.php(1180): CodeIgniter\View\View->render('user/deskripsi', [], true)
 5 APPPATH\Controllers\Customer.php(33): view('user/deskripsi')
 6 SYSTEMPATH\CodeIgniter.php(932): App\Controllers\Customer->detailwebinar('img', 'lampung cerdas.webp')
 7 SYSTEMPATH\CodeIgniter.php(497): CodeIgniter\CodeIgniter->runController(Object(App\Controllers\Customer))
 8 SYSTEMPATH\CodeIgniter.php(366): CodeIgniter\CodeIgniter->handleRequest(null, Object(Config\Cache), false)
 9 FCPATH\index.php(67): CodeIgniter\CodeIgniter->run()
10 SYSTEMPATH\Commands\Server\rewrite.php(47): require_once('D:\\xampp\\htdocs\\Webinar\\public\\index.php')
CRITICAL - 2024-04-20 02:29:53 --> Undefined array key 0
in APPPATH\Views\user\deskripsi.php on line 6.
 1 APPPATH\Views\user\deskripsi.php(6): CodeIgniter\Debug\Exceptions->errorHandler(2, 'Undefined array key 0', 'D:\\xampp\\htdocs\\Webinar\\app\\Views\\user\\deskripsi.php', 6)
 2 SYSTEMPATH\View\View.php(224): include('D:\\xampp\\htdocs\\Webinar\\app\\Views\\user\\deskripsi.php')
 3 SYSTEMPATH\View\View.php(227): CodeIgniter\View\View->CodeIgniter\View\{closure}()
 4 SYSTEMPATH\Common.php(1180): CodeIgniter\View\View->render('user/deskripsi', [], true)
 5 APPPATH\Controllers\Customer.php(33): view('user/deskripsi')
 6 SYSTEMPATH\CodeIgniter.php(932): App\Controllers\Customer->detailwebinar('img', 'lampung cerdas.webp')
 7 SYSTEMPATH\CodeIgniter.php(497): CodeIgniter\CodeIgniter->runController(Object(App\Controllers\Customer))
 8 SYSTEMPATH\CodeIgniter.php(366): CodeIgniter\CodeIgniter->handleRequest(null, Object(Config\Cache), false)
 9 FCPATH\index.php(67): CodeIgniter\CodeIgniter->run()
10 SYSTEMPATH\Commands\Server\rewrite.php(47): require_once('D:\\xampp\\htdocs\\Webinar\\public\\index.php')
CRITICAL - 2024-04-20 02:29:56 --> Undefined array key 0
in APPPATH\Views\user\deskripsi.php on line 6.
 1 APPPATH\Views\user\deskripsi.php(6): CodeIgniter\Debug\Exceptions->errorHandler(2, 'Undefined array key 0', 'D:\\xampp\\htdocs\\Webinar\\app\\Views\\user\\deskripsi.php', 6)
 2 SYSTEMPATH\View\View.php(224): include('D:\\xampp\\htdocs\\Webinar\\app\\Views\\user\\deskripsi.php')
 3 SYSTEMPATH\View\View.php(227): CodeIgniter\View\View->CodeIgniter\View\{closure}()
 4 SYSTEMPATH\Common.php(1180): CodeIgniter\View\View->render('user/deskripsi', [], true)
 5 APPPATH\Controllers\Customer.php(33): view('user/deskripsi')
 6 SYSTEMPATH\CodeIgniter.php(932): App\Controllers\Customer->detailwebinar('img', 'lampung cerdas.webp')
 7 SYSTEMPATH\CodeIgniter.php(497): CodeIgniter\CodeIgniter->runController(Object(App\Controllers\Customer))
 8 SYSTEMPATH\CodeIgniter.php(366): CodeIgniter\CodeIgniter->handleRequest(null, Object(Config\Cache), false)
 9 FCPATH\index.php(67): CodeIgniter\CodeIgniter->run()
10 SYSTEMPATH\Commands\Server\rewrite.php(47): require_once('D:\\xampp\\htdocs\\Webinar\\public\\index.php')
CRITICAL - 2024-04-20 02:30:32 --> Undefined array key 0
in APPPATH\Views\user\deskripsi.php on line 6.
 1 APPPATH\Views\user\deskripsi.php(6): CodeIgniter\Debug\Exceptions->errorHandler(2, 'Undefined array key 0', 'D:\\xampp\\htdocs\\Webinar\\app\\Views\\user\\deskripsi.php', 6)
 2 SYSTEMPATH\View\View.php(224): include('D:\\xampp\\htdocs\\Webinar\\app\\Views\\user\\deskripsi.php')
 3 SYSTEMPATH\View\View.php(227): CodeIgniter\View\View->CodeIgniter\View\{closure}()
 4 SYSTEMPATH\Common.php(1180): CodeIgniter\View\View->render('user/deskripsi', [], true)
 5 APPPATH\Controllers\Customer.php(33): view('user/deskripsi')
 6 SYSTEMPATH\CodeIgniter.php(932): App\Controllers\Customer->detailwebinar('img', 'lampung cerdas.webp')
 7 SYSTEMPATH\CodeIgniter.php(497): CodeIgniter\CodeIgniter->runController(Object(App\Controllers\Customer))
 8 SYSTEMPATH\CodeIgniter.php(366): CodeIgniter\CodeIgniter->handleRequest(null, Object(Config\Cache), false)
 9 FCPATH\index.php(67): CodeIgniter\CodeIgniter->run()
10 SYSTEMPATH\Commands\Server\rewrite.php(47): require_once('D:\\xampp\\htdocs\\Webinar\\public\\index.php')
CRITICAL - 2024-04-20 02:31:24 --> Undefined array key 0
in APPPATH\Views\user\deskripsi.php on line 6.
 1 APPPATH\Views\user\deskripsi.php(6): CodeIgniter\Debug\Exceptions->errorHandler(2, 'Undefined array key 0', 'D:\\xampp\\htdocs\\Webinar\\app\\Views\\user\\deskripsi.php', 6)
 2 SYSTEMPATH\View\View.php(224): include('D:\\xampp\\htdocs\\Webinar\\app\\Views\\user\\deskripsi.php')
 3 SYSTEMPATH\View\View.php(227): CodeIgniter\View\View->CodeIgniter\View\{closure}()
 4 SYSTEMPATH\Common.php(1180): CodeIgniter\View\View->render('user/deskripsi', [], true)
 5 APPPATH\Controllers\Customer.php(33): view('user/deskripsi')
 6 SYSTEMPATH\CodeIgniter.php(932): App\Controllers\Customer->detailwebinar('img', 'lampung cerdas.webp')
 7 SYSTEMPATH\CodeIgniter.php(497): CodeIgniter\CodeIgniter->runController(Object(App\Controllers\Customer))
 8 SYSTEMPATH\CodeIgniter.php(366): CodeIgniter\CodeIgniter->handleRequest(null, Object(Config\Cache), false)
 9 FCPATH\index.php(67): CodeIgniter\CodeIgniter->run()
10 SYSTEMPATH\Commands\Server\rewrite.php(47): require_once('D:\\xampp\\htdocs\\Webinar\\public\\index.php')
CRITICAL - 2024-04-20 02:31:28 --> Undefined array key 0
in APPPATH\Views\user\deskripsi.php on line 6.
 1 APPPATH\Views\user\deskripsi.php(6): CodeIgniter\Debug\Exceptions->errorHandler(2, 'Undefined array key 0', 'D:\\xampp\\htdocs\\Webinar\\app\\Views\\user\\deskripsi.php', 6)
 2 SYSTEMPATH\View\View.php(224): include('D:\\xampp\\htdocs\\Webinar\\app\\Views\\user\\deskripsi.php')
 3 SYSTEMPATH\View\View.php(227): CodeIgniter\View\View->CodeIgniter\View\{closure}()
 4 SYSTEMPATH\Common.php(1180): CodeIgniter\View\View->render('user/deskripsi', [], true)
 5 APPPATH\Controllers\Customer.php(33): view('user/deskripsi')
 6 SYSTEMPATH\CodeIgniter.php(932): App\Controllers\Customer->detailwebinar('img', 'lampung cerdas.webp')
 7 SYSTEMPATH\CodeIgniter.php(497): CodeIgniter\CodeIgniter->runController(Object(App\Controllers\Customer))
 8 SYSTEMPATH\CodeIgniter.php(366): CodeIgniter\CodeIgniter->handleRequest(null, Object(Config\Cache), false)
 9 FCPATH\index.php(67): CodeIgniter\CodeIgniter->run()
10 SYSTEMPATH\Commands\Server\rewrite.php(47): require_once('D:\\xampp\\htdocs\\Webinar\\public\\index.php')
CRITICAL - 2024-04-20 02:33:57 --> Undefined array key 0
in APPPATH\Views\user\deskripsi.php on line 6.
 1 APPPATH\Views\user\deskripsi.php(6): CodeIgniter\Debug\Exceptions->errorHandler(2, 'Undefined array key 0', 'D:\\xampp\\htdocs\\Webinar\\app\\Views\\user\\deskripsi.php', 6)
 2 SYSTEMPATH\View\View.php(224): include('D:\\xampp\\htdocs\\Webinar\\app\\Views\\user\\deskripsi.php')
 3 SYSTEMPATH\View\View.php(227): CodeIgniter\View\View->CodeIgniter\View\{closure}()
 4 SYSTEMPATH\Common.php(1180): CodeIgniter\View\View->render('user/deskripsi', [], true)
 5 APPPATH\Controllers\Customer.php(33): view('user/deskripsi')
 6 SYSTEMPATH\CodeIgniter.php(932): App\Controllers\Customer->detailwebinar('img', 'lampung cerdas.webp')
 7 SYSTEMPATH\CodeIgniter.php(497): CodeIgniter\CodeIgniter->runController(Object(App\Controllers\Customer))
 8 SYSTEMPATH\CodeIgniter.php(366): CodeIgniter\CodeIgniter->handleRequest(null, Object(Config\Cache), false)
 9 FCPATH\index.php(67): CodeIgniter\CodeIgniter->run()
10 SYSTEMPATH\Commands\Server\rewrite.php(47): require_once('D:\\xampp\\htdocs\\Webinar\\public\\index.php')
CRITICAL - 2024-04-20 02:34:39 --> Undefined array key 0
in APPPATH\Views\user\deskripsi.php on line 6.
 1 APPPATH\Views\user\deskripsi.php(6): CodeIgniter\Debug\Exceptions->errorHandler(2, 'Undefined array key 0', 'D:\\xampp\\htdocs\\Webinar\\app\\Views\\user\\deskripsi.php', 6)
 2 SYSTEMPATH\View\View.php(224): include('D:\\xampp\\htdocs\\Webinar\\app\\Views\\user\\deskripsi.php')
 3 SYSTEMPATH\View\View.php(227): CodeIgniter\View\View->CodeIgniter\View\{closure}()
 4 SYSTEMPATH\Common.php(1180): CodeIgniter\View\View->render('user/deskripsi', [], true)
 5 APPPATH\Controllers\Customer.php(33): view('user/deskripsi')
 6 SYSTEMPATH\CodeIgniter.php(932): App\Controllers\Customer->detailwebinar('img', 'lampung cerdas.webp')
 7 SYSTEMPATH\CodeIgniter.php(497): CodeIgniter\CodeIgniter->runController(Object(App\Controllers\Customer))
 8 SYSTEMPATH\CodeIgniter.php(366): CodeIgniter\CodeIgniter->handleRequest(null, Object(Config\Cache), false)
 9 FCPATH\index.php(67): CodeIgniter\CodeIgniter->run()
10 SYSTEMPATH\Commands\Server\rewrite.php(47): require_once('D:\\xampp\\htdocs\\Webinar\\public\\index.php')
CRITICAL - 2024-04-20 02:35:11 --> Undefined array key 0
in APPPATH\Views\user\deskripsi.php on line 6.
 1 APPPATH\Views\user\deskripsi.php(6): CodeIgniter\Debug\Exceptions->errorHandler(2, 'Undefined array key 0', 'D:\\xampp\\htdocs\\Webinar\\app\\Views\\user\\deskripsi.php', 6)
 2 SYSTEMPATH\View\View.php(224): include('D:\\xampp\\htdocs\\Webinar\\app\\Views\\user\\deskripsi.php')
 3 SYSTEMPATH\View\View.php(227): CodeIgniter\View\View->CodeIgniter\View\{closure}()
 4 SYSTEMPATH\Common.php(1180): CodeIgniter\View\View->render('user/deskripsi', [], true)
 5 APPPATH\Controllers\Customer.php(33): view('user/deskripsi')
 6 SYSTEMPATH\CodeIgniter.php(932): App\Controllers\Customer->detailwebinar('img', 'lampung cerdas.webp')
 7 SYSTEMPATH\CodeIgniter.php(497): CodeIgniter\CodeIgniter->runController(Object(App\Controllers\Customer))
 8 SYSTEMPATH\CodeIgniter.php(366): CodeIgniter\CodeIgniter->handleRequest(null, Object(Config\Cache), false)
 9 FCPATH\index.php(67): CodeIgniter\CodeIgniter->run()
10 SYSTEMPATH\Commands\Server\rewrite.php(47): require_once('D:\\xampp\\htdocs\\Webinar\\public\\index.php')
CRITICAL - 2024-04-20 02:35:21 --> Undefined array key 0
in APPPATH\Views\user\deskripsi.php on line 6.
 1 APPPATH\Views\user\deskripsi.php(6): CodeIgniter\Debug\Exceptions->errorHandler(2, 'Undefined array key 0', 'D:\\xampp\\htdocs\\Webinar\\app\\Views\\user\\deskripsi.php', 6)
 2 SYSTEMPATH\View\View.php(224): include('D:\\xampp\\htdocs\\Webinar\\app\\Views\\user\\deskripsi.php')
 3 SYSTEMPATH\View\View.php(227): CodeIgniter\View\View->CodeIgniter\View\{closure}()
 4 SYSTEMPATH\Common.php(1180): CodeIgniter\View\View->render('user/deskripsi', [], true)
 5 APPPATH\Controllers\Customer.php(33): view('user/deskripsi')
 6 SYSTEMPATH\CodeIgniter.php(932): App\Controllers\Customer->detailwebinar('img', 'lampung cerdas.webp')
 7 SYSTEMPATH\CodeIgniter.php(497): CodeIgniter\CodeIgniter->runController(Object(App\Controllers\Customer))
 8 SYSTEMPATH\CodeIgniter.php(366): CodeIgniter\CodeIgniter->handleRequest(null, Object(Config\Cache), false)
 9 FCPATH\index.php(67): CodeIgniter\CodeIgniter->run()
10 SYSTEMPATH\Commands\Server\rewrite.php(47): require_once('D:\\xampp\\htdocs\\Webinar\\public\\index.php')
CRITICAL - 2024-04-20 02:36:12 --> Undefined array key 0
in APPPATH\Views\user\deskripsi.php on line 6.
 1 APPPATH\Views\user\deskripsi.php(6): CodeIgniter\Debug\Exceptions->errorHandler(2, 'Undefined array key 0', 'D:\\xampp\\htdocs\\Webinar\\app\\Views\\user\\deskripsi.php', 6)
 2 SYSTEMPATH\View\View.php(224): include('D:\\xampp\\htdocs\\Webinar\\app\\Views\\user\\deskripsi.php')
 3 SYSTEMPATH\View\View.php(227): CodeIgniter\View\View->CodeIgniter\View\{closure}()
 4 SYSTEMPATH\Common.php(1180): CodeIgniter\View\View->render('user/deskripsi', [], true)
 5 APPPATH\Controllers\Customer.php(33): view('user/deskripsi')
 6 SYSTEMPATH\CodeIgniter.php(932): App\Controllers\Customer->detailwebinar('img', 'lampung cerdas.webp')
 7 SYSTEMPATH\CodeIgniter.php(497): CodeIgniter\CodeIgniter->runController(Object(App\Controllers\Customer))
 8 SYSTEMPATH\CodeIgniter.php(366): CodeIgniter\CodeIgniter->handleRequest(null, Object(Config\Cache), false)
 9 FCPATH\index.php(67): CodeIgniter\CodeIgniter->run()
10 SYSTEMPATH\Commands\Server\rewrite.php(47): require_once('D:\\xampp\\htdocs\\Webinar\\public\\index.php')
CRITICAL - 2024-04-20 02:36:21 --> Undefined array key 0
in APPPATH\Views\user\deskripsi.php on line 6.
 1 APPPATH\Views\user\deskripsi.php(6): CodeIgniter\Debug\Exceptions->errorHandler(2, 'Undefined array key 0', 'D:\\xampp\\htdocs\\Webinar\\app\\Views\\user\\deskripsi.php', 6)
 2 SYSTEMPATH\View\View.php(224): include('D:\\xampp\\htdocs\\Webinar\\app\\Views\\user\\deskripsi.php')
 3 SYSTEMPATH\View\View.php(227): CodeIgniter\View\View->CodeIgniter\View\{closure}()
 4 SYSTEMPATH\Common.php(1180): CodeIgniter\View\View->render('user/deskripsi', [], true)
 5 APPPATH\Controllers\Customer.php(33): view('user/deskripsi')
 6 SYSTEMPATH\CodeIgniter.php(932): App\Controllers\Customer->detailwebinar('img', 'lampung cerdas.webp')
 7 SYSTEMPATH\CodeIgniter.php(497): CodeIgniter\CodeIgniter->runController(Object(App\Controllers\Customer))
 8 SYSTEMPATH\CodeIgniter.php(366): CodeIgniter\CodeIgniter->handleRequest(null, Object(Config\Cache), false)
 9 FCPATH\index.php(67): CodeIgniter\CodeIgniter->run()
10 SYSTEMPATH\Commands\Server\rewrite.php(47): require_once('D:\\xampp\\htdocs\\Webinar\\public\\index.php')
CRITICAL - 2024-04-20 03:32:58 --> Undefined array key 0
in APPPATH\Views\user\deskripsi.php on line 6.
 1 APPPATH\Views\user\deskripsi.php(6): CodeIgniter\Debug\Exceptions->errorHandler(2, 'Undefined array key 0', 'D:\\xampp\\htdocs\\Webinar\\app\\Views\\user\\deskripsi.php', 6)
 2 SYSTEMPATH\View\View.php(224): include('D:\\xampp\\htdocs\\Webinar\\app\\Views\\user\\deskripsi.php')
 3 SYSTEMPATH\View\View.php(227): CodeIgniter\View\View->CodeIgniter\View\{closure}()
 4 SYSTEMPATH\Common.php(1180): CodeIgniter\View\View->render('user/deskripsi', [], true)
 5 APPPATH\Controllers\Customer.php(33): view('user/deskripsi')
 6 SYSTEMPATH\CodeIgniter.php(932): App\Controllers\Customer->detailwebinar('img', 'lampung cerdas.webp')
 7 SYSTEMPATH\CodeIgniter.php(497): CodeIgniter\CodeIgniter->runController(Object(App\Controllers\Customer))
 8 SYSTEMPATH\CodeIgniter.php(366): CodeIgniter\CodeIgniter->handleRequest(null, Object(Config\Cache), false)
 9 FCPATH\index.php(67): CodeIgniter\CodeIgniter->run()
10 SYSTEMPATH\Commands\Server\rewrite.php(47): require_once('D:\\xampp\\htdocs\\Webinar\\public\\index.php')
CRITICAL - 2024-04-20 03:39:54 --> Undefined array key 0
in APPPATH\Views\user\deskripsi.php on line 6.
 1 APPPATH\Views\user\deskripsi.php(6): CodeIgniter\Debug\Exceptions->errorHandler(2, 'Undefined array key 0', 'D:\\xampp\\htdocs\\Webinar\\app\\Views\\user\\deskripsi.php', 6)
 2 SYSTEMPATH\View\View.php(224): include('D:\\xampp\\htdocs\\Webinar\\app\\Views\\user\\deskripsi.php')
 3 SYSTEMPATH\View\View.php(227): CodeIgniter\View\View->CodeIgniter\View\{closure}()
 4 SYSTEMPATH\Common.php(1180): CodeIgniter\View\View->render('user/deskripsi', [], true)
 5 APPPATH\Controllers\Customer.php(33): view('user/deskripsi')
 6 SYSTEMPATH\CodeIgniter.php(932): App\Controllers\Customer->detailwebinar('img', 'lampung cerdas.webp')
 7 SYSTEMPATH\CodeIgniter.php(497): CodeIgniter\CodeIgniter->runController(Object(App\Controllers\Customer))
 8 SYSTEMPATH\CodeIgniter.php(366): CodeIgniter\CodeIgniter->handleRequest(null, Object(Config\Cache), false)
 9 FCPATH\index.php(67): CodeIgniter\CodeIgniter->run()
10 SYSTEMPATH\Commands\Server\rewrite.php(47): require_once('D:\\xampp\\htdocs\\Webinar\\public\\index.php')
CRITICAL - 2024-04-20 03:40:17 --> Undefined array key 0
in APPPATH\Views\user\deskripsi.php on line 6.
 1 APPPATH\Views\user\deskripsi.php(6): CodeIgniter\Debug\Exceptions->errorHandler(2, 'Undefined array key 0', 'D:\\xampp\\htdocs\\Webinar\\app\\Views\\user\\deskripsi.php', 6)
 2 SYSTEMPATH\View\View.php(224): include('D:\\xampp\\htdocs\\Webinar\\app\\Views\\user\\deskripsi.php')
 3 SYSTEMPATH\View\View.php(227): CodeIgniter\View\View->CodeIgniter\View\{closure}()
 4 SYSTEMPATH\Common.php(1180): CodeIgniter\View\View->render('user/deskripsi', [], true)
 5 APPPATH\Controllers\Customer.php(33): view('user/deskripsi')
 6 SYSTEMPATH\CodeIgniter.php(932): App\Controllers\Customer->detailwebinar('img', 'lampung cerdas.webp')
 7 SYSTEMPATH\CodeIgniter.php(497): CodeIgniter\CodeIgniter->runController(Object(App\Controllers\Customer))
 8 SYSTEMPATH\CodeIgniter.php(366): CodeIgniter\CodeIgniter->handleRequest(null, Object(Config\Cache), false)
 9 FCPATH\index.php(67): CodeIgniter\CodeIgniter->run()
10 SYSTEMPATH\Commands\Server\rewrite.php(47): require_once('D:\\xampp\\htdocs\\Webinar\\public\\index.php')
CRITICAL - 2024-04-20 03:40:38 --> Undefined array key 0
in APPPATH\Views\user\deskripsi.php on line 6.
 1 APPPATH\Views\user\deskripsi.php(6): CodeIgniter\Debug\Exceptions->errorHandler(2, 'Undefined array key 0', 'D:\\xampp\\htdocs\\Webinar\\app\\Views\\user\\deskripsi.php', 6)
 2 SYSTEMPATH\View\View.php(224): include('D:\\xampp\\htdocs\\Webinar\\app\\Views\\user\\deskripsi.php')
 3 SYSTEMPATH\View\View.php(227): CodeIgniter\View\View->CodeIgniter\View\{closure}()
 4 SYSTEMPATH\Common.php(1180): CodeIgniter\View\View->render('user/deskripsi', [], true)
 5 APPPATH\Controllers\Customer.php(33): view('user/deskripsi')
 6 SYSTEMPATH\CodeIgniter.php(932): App\Controllers\Customer->detailwebinar('img', 'lampung cerdas.webp')
 7 SYSTEMPATH\CodeIgniter.php(497): CodeIgniter\CodeIgniter->runController(Object(App\Controllers\Customer))
 8 SYSTEMPATH\CodeIgniter.php(366): CodeIgniter\CodeIgniter->handleRequest(null, Object(Config\Cache), false)
 9 FCPATH\index.php(67): CodeIgniter\CodeIgniter->run()
10 SYSTEMPATH\Commands\Server\rewrite.php(47): require_once('D:\\xampp\\htdocs\\Webinar\\public\\index.php')
CRITICAL - 2024-04-20 03:43:00 --> Undefined array key 0
in APPPATH\Views\user\deskripsi.php on line 6.
 1 APPPATH\Views\user\deskripsi.php(6): CodeIgniter\Debug\Exceptions->errorHandler(2, 'Undefined array key 0', 'D:\\xampp\\htdocs\\Webinar\\app\\Views\\user\\deskripsi.php', 6)
 2 SYSTEMPATH\View\View.php(224): include('D:\\xampp\\htdocs\\Webinar\\app\\Views\\user\\deskripsi.php')
 3 SYSTEMPATH\View\View.php(227): CodeIgniter\View\View->CodeIgniter\View\{closure}()
 4 SYSTEMPATH\Common.php(1180): CodeIgniter\View\View->render('user/deskripsi', [], true)
 5 APPPATH\Controllers\Customer.php(33): view('user/deskripsi')
 6 SYSTEMPATH\CodeIgniter.php(932): App\Controllers\Customer->detailwebinar('img', 'lampung cerdas.webp')
 7 SYSTEMPATH\CodeIgniter.php(497): CodeIgniter\CodeIgniter->runController(Object(App\Controllers\Customer))
 8 SYSTEMPATH\CodeIgniter.php(366): CodeIgniter\CodeIgniter->handleRequest(null, Object(Config\Cache), false)
 9 FCPATH\index.php(67): CodeIgniter\CodeIgniter->run()
10 SYSTEMPATH\Commands\Server\rewrite.php(47): require_once('D:\\xampp\\htdocs\\Webinar\\public\\index.php')
CRITICAL - 2024-04-20 03:43:05 --> Undefined array key 0
in APPPATH\Views\user\deskripsi.php on line 6.
 1 APPPATH\Views\user\deskripsi.php(6): CodeIgniter\Debug\Exceptions->errorHandler(2, 'Undefined array key 0', 'D:\\xampp\\htdocs\\Webinar\\app\\Views\\user\\deskripsi.php', 6)
 2 SYSTEMPATH\View\View.php(224): include('D:\\xampp\\htdocs\\Webinar\\app\\Views\\user\\deskripsi.php')
 3 SYSTEMPATH\View\View.php(227): CodeIgniter\View\View->CodeIgniter\View\{closure}()
 4 SYSTEMPATH\Common.php(1180): CodeIgniter\View\View->render('user/deskripsi', [], true)
 5 APPPATH\Controllers\Customer.php(33): view('user/deskripsi')
 6 SYSTEMPATH\CodeIgniter.php(932): App\Controllers\Customer->detailwebinar('img', 'lampung cerdas.webp')
 7 SYSTEMPATH\CodeIgniter.php(497): CodeIgniter\CodeIgniter->runController(Object(App\Controllers\Customer))
 8 SYSTEMPATH\CodeIgniter.php(366): CodeIgniter\CodeIgniter->handleRequest(null, Object(Config\Cache), false)
 9 FCPATH\index.php(67): CodeIgniter\CodeIgniter->run()
10 SYSTEMPATH\Commands\Server\rewrite.php(47): require_once('D:\\xampp\\htdocs\\Webinar\\public\\index.php')
CRITICAL - 2024-04-20 03:43:26 --> Undefined array key 0
in APPPATH\Views\user\deskripsi.php on line 6.
 1 APPPATH\Views\user\deskripsi.php(6): CodeIgniter\Debug\Exceptions->errorHandler(2, 'Undefined array key 0', 'D:\\xampp\\htdocs\\Webinar\\app\\Views\\user\\deskripsi.php', 6)
 2 SYSTEMPATH\View\View.php(224): include('D:\\xampp\\htdocs\\Webinar\\app\\Views\\user\\deskripsi.php')
 3 SYSTEMPATH\View\View.php(227): CodeIgniter\View\View->CodeIgniter\View\{closure}()
 4 SYSTEMPATH\Common.php(1180): CodeIgniter\View\View->render('user/deskripsi', [], true)
 5 APPPATH\Controllers\Customer.php(33): view('user/deskripsi')
 6 SYSTEMPATH\CodeIgniter.php(932): App\Controllers\Customer->detailwebinar('img', 'lampung cerdas.webp')
 7 SYSTEMPATH\CodeIgniter.php(497): CodeIgniter\CodeIgniter->runController(Object(App\Controllers\Customer))
 8 SYSTEMPATH\CodeIgniter.php(366): CodeIgniter\CodeIgniter->handleRequest(null, Object(Config\Cache), false)
 9 FCPATH\index.php(67): CodeIgniter\CodeIgniter->run()
10 SYSTEMPATH\Commands\Server\rewrite.php(47): require_once('D:\\xampp\\htdocs\\Webinar\\public\\index.php')
CRITICAL - 2024-04-20 03:43:41 --> Undefined array key 0
in APPPATH\Views\user\deskripsi.php on line 6.
 1 APPPATH\Views\user\deskripsi.php(6): CodeIgniter\Debug\Exceptions->errorHandler(2, 'Undefined array key 0', 'D:\\xampp\\htdocs\\Webinar\\app\\Views\\user\\deskripsi.php', 6)
 2 SYSTEMPATH\View\View.php(224): include('D:\\xampp\\htdocs\\Webinar\\app\\Views\\user\\deskripsi.php')
 3 SYSTEMPATH\View\View.php(227): CodeIgniter\View\View->CodeIgniter\View\{closure}()
 4 SYSTEMPATH\Common.php(1180): CodeIgniter\View\View->render('user/deskripsi', [], true)
 5 APPPATH\Controllers\Customer.php(33): view('user/deskripsi')
 6 SYSTEMPATH\CodeIgniter.php(932): App\Controllers\Customer->detailwebinar('img', 'lampung cerdas.webp')
 7 SYSTEMPATH\CodeIgniter.php(497): CodeIgniter\CodeIgniter->runController(Object(App\Controllers\Customer))
 8 SYSTEMPATH\CodeIgniter.php(366): CodeIgniter\CodeIgniter->handleRequest(null, Object(Config\Cache), false)
 9 FCPATH\index.php(67): CodeIgniter\CodeIgniter->run()
10 SYSTEMPATH\Commands\Server\rewrite.php(47): require_once('D:\\xampp\\htdocs\\Webinar\\public\\index.php')
CRITICAL - 2024-04-20 03:43:50 --> Undefined array key 0
in APPPATH\Views\user\deskripsi.php on line 6.
 1 APPPATH\Views\user\deskripsi.php(6): CodeIgniter\Debug\Exceptions->errorHandler(2, 'Undefined array key 0', 'D:\\xampp\\htdocs\\Webinar\\app\\Views\\user\\deskripsi.php', 6)
 2 SYSTEMPATH\View\View.php(224): include('D:\\xampp\\htdocs\\Webinar\\app\\Views\\user\\deskripsi.php')
 3 SYSTEMPATH\View\View.php(227): CodeIgniter\View\View->CodeIgniter\View\{closure}()
 4 SYSTEMPATH\Common.php(1180): CodeIgniter\View\View->render('user/deskripsi', [], true)
 5 APPPATH\Controllers\Customer.php(33): view('user/deskripsi')
 6 SYSTEMPATH\CodeIgniter.php(932): App\Controllers\Customer->detailwebinar('img', 'lampung cerdas.webp')
 7 SYSTEMPATH\CodeIgniter.php(497): CodeIgniter\CodeIgniter->runController(Object(App\Controllers\Customer))
 8 SYSTEMPATH\CodeIgniter.php(366): CodeIgniter\CodeIgniter->handleRequest(null, Object(Config\Cache), false)
 9 FCPATH\index.php(67): CodeIgniter\CodeIgniter->run()
10 SYSTEMPATH\Commands\Server\rewrite.php(47): require_once('D:\\xampp\\htdocs\\Webinar\\public\\index.php')
CRITICAL - 2024-04-20 03:44:38 --> Attempt to read property "pesan" on null
in APPPATH\Controllers\Customer.php on line 140.
 1 APPPATH\Controllers\Customer.php(140): CodeIgniter\Debug\Exceptions->errorHandler(2, 'Attempt to read property "pesan" on null', 'D:\\xampp\\htdocs\\Webinar\\app\\Controllers\\Customer.php', 140)
 2 SYSTEMPATH\CodeIgniter.php(932): App\Controllers\Customer->storependaftaran()
 3 SYSTEMPATH\CodeIgniter.php(497): CodeIgniter\CodeIgniter->runController(Object(App\Controllers\Customer))
 4 SYSTEMPATH\CodeIgniter.php(366): CodeIgniter\CodeIgniter->handleRequest(null, Object(Config\Cache), false)
 5 FCPATH\index.php(67): CodeIgniter\CodeIgniter->run()
 6 SYSTEMPATH\Commands\Server\rewrite.php(47): require_once('D:\\xampp\\htdocs\\Webinar\\public\\index.php')
