CRITICAL - 2024-04-29 05:03:19 --> Invalid file: "tampildatacustomer.php"
in SYSTEMPATH\Exceptions\FrameworkException.php on line 33.
 1 SYSTEMPATH\View\View.php(212): CodeIgniter\Exceptions\FrameworkException::forInvalidFile('tampildatacustomer.php')
 2 SYSTEMPATH\Common.php(1180): CodeIgniter\View\View->render('tampildatacustomer', [], true)
 3 APPPATH\Controllers\Customer.php(111): view('tampildatacustomer')
 4 SYSTEMPATH\CodeIgniter.php(932): App\Controllers\Customer->lihat('$1')
 5 SYSTEMPATH\CodeIgniter.php(497): CodeIgniter\CodeIgniter->runController(Object(App\Controllers\Customer))
 6 SYSTEMPATH\CodeIgniter.php(366): CodeIgniter\CodeIgniter->handleRequest(null, Object(Config\Cache), false)
 7 FCPATH\index.php(67): CodeIgniter\CodeIgniter->run()
 8 SYSTEMPATH\Commands\Server\rewrite.php(47): require_once('D:\\xampp\\htdocs\\Webinar\\public\\index.php')
CRITICAL - 2024-04-29 05:05:53 --> Undefined variable $tema
in APPPATH\Views\sertifikat.php on line 10.
 1 APPPATH\Views\sertifikat.php(10): CodeIgniter\Debug\Exceptions->errorHandler(2, 'Undefined variable $tema', 'D:\\xampp\\htdocs\\Webinar\\app\\Views\\sertifikat.php', 10)
 2 SYSTEMPATH\View\View.php(224): include('D:\\xampp\\htdocs\\Webinar\\app\\Views\\sertifikat.php')
 3 SYSTEMPATH\View\View.php(227): CodeIgniter\View\View->CodeIgniter\View\{closure}()
 4 SYSTEMPATH\Common.php(1180): CodeIgniter\View\View->render('sertifikat', [], true)
 5 APPPATH\Controllers\Customer.php(219): view('sertifikat')
 6 SYSTEMPATH\CodeIgniter.php(932): App\Controllers\Customer->lihatnotif()
 7 SYSTEMPATH\CodeIgniter.php(497): CodeIgniter\CodeIgniter->runController(Object(App\Controllers\Customer))
 8 SYSTEMPATH\CodeIgniter.php(366): CodeIgniter\CodeIgniter->handleRequest(null, Object(Config\Cache), false)
 9 FCPATH\index.php(67): CodeIgniter\CodeIgniter->run()
10 SYSTEMPATH\Commands\Server\rewrite.php(47): require_once('D:\\xampp\\htdocs\\Webinar\\public\\index.php')
CRITICAL - 2024-04-29 05:06:15 --> Undefined variable $tema
in APPPATH\Views\sertifikat.php on line 10.
 1 APPPATH\Views\sertifikat.php(10): CodeIgniter\Debug\Exceptions->errorHandler(2, 'Undefined variable $tema', 'D:\\xampp\\htdocs\\Webinar\\app\\Views\\sertifikat.php', 10)
 2 SYSTEMPATH\View\View.php(224): include('D:\\xampp\\htdocs\\Webinar\\app\\Views\\sertifikat.php')
 3 SYSTEMPATH\View\View.php(227): CodeIgniter\View\View->CodeIgniter\View\{closure}()
 4 SYSTEMPATH\Common.php(1180): CodeIgniter\View\View->render('sertifikat', [], true)
 5 APPPATH\Controllers\Customer.php(219): view('sertifikat')
 6 SYSTEMPATH\CodeIgniter.php(932): App\Controllers\Customer->lihatnotif()
 7 SYSTEMPATH\CodeIgniter.php(497): CodeIgniter\CodeIgniter->runController(Object(App\Controllers\Customer))
 8 SYSTEMPATH\CodeIgniter.php(366): CodeIgniter\CodeIgniter->handleRequest(null, Object(Config\Cache), false)
 9 FCPATH\index.php(67): CodeIgniter\CodeIgniter->run()
10 SYSTEMPATH\Commands\Server\rewrite.php(47): require_once('D:\\xampp\\htdocs\\Webinar\\public\\index.php')
CRITICAL - 2024-04-29 05:06:53 --> Undefined variable $nama
in APPPATH\Views\sertifikat.php on line 83.
 1 APPPATH\Views\sertifikat.php(83): CodeIgniter\Debug\Exceptions->errorHandler(2, 'Undefined variable $nama', 'D:\\xampp\\htdocs\\Webinar\\app\\Views\\sertifikat.php', 83)
 2 SYSTEMPATH\View\View.php(224): include('D:\\xampp\\htdocs\\Webinar\\app\\Views\\sertifikat.php')
 3 SYSTEMPATH\View\View.php(227): CodeIgniter\View\View->CodeIgniter\View\{closure}()
 4 SYSTEMPATH\Common.php(1180): CodeIgniter\View\View->render('sertifikat', [], true)
 5 APPPATH\Controllers\Customer.php(219): view('sertifikat')
 6 SYSTEMPATH\CodeIgniter.php(932): App\Controllers\Customer->lihatnotif()
 7 SYSTEMPATH\CodeIgniter.php(497): CodeIgniter\CodeIgniter->runController(Object(App\Controllers\Customer))
 8 SYSTEMPATH\CodeIgniter.php(366): CodeIgniter\CodeIgniter->handleRequest(null, Object(Config\Cache), false)
 9 FCPATH\index.php(67): CodeIgniter\CodeIgniter->run()
10 SYSTEMPATH\Commands\Server\rewrite.php(47): require_once('D:\\xampp\\htdocs\\Webinar\\public\\index.php')
CRITICAL - 2024-04-29 05:34:18 --> Undefined variable $row
in APPPATH\Views\sertifikat.php on line 17.
 1 APPPATH\Views\sertifikat.php(17): CodeIgniter\Debug\Exceptions->errorHandler(2, 'Undefined variable $row', 'D:\\xampp\\htdocs\\Webinar\\app\\Views\\sertifikat.php', 17)
 2 SYSTEMPATH\View\View.php(224): include('D:\\xampp\\htdocs\\Webinar\\app\\Views\\sertifikat.php')
 3 SYSTEMPATH\View\View.php(227): CodeIgniter\View\View->CodeIgniter\View\{closure}()
 4 SYSTEMPATH\Common.php(1180): CodeIgniter\View\View->render('sertifikat', [], true)
 5 APPPATH\Controllers\Customer.php(195): view('sertifikat', [...])
 6 SYSTEMPATH\CodeIgniter.php(932): App\Controllers\Customer->storepresensi()
 7 SYSTEMPATH\CodeIgniter.php(497): CodeIgniter\CodeIgniter->runController(Object(App\Controllers\Customer))
 8 SYSTEMPATH\CodeIgniter.php(366): CodeIgniter\CodeIgniter->handleRequest(null, Object(Config\Cache), false)
 9 FCPATH\index.php(67): CodeIgniter\CodeIgniter->run()
10 SYSTEMPATH\Commands\Server\rewrite.php(47): require_once('D:\\xampp\\htdocs\\Webinar\\public\\index.php')
CRITICAL - 2024-04-29 05:37:20 --> Undefined variable $berkas
in APPPATH\Views\sertifikat.php on line 19.
 1 APPPATH\Views\sertifikat.php(19): CodeIgniter\Debug\Exceptions->errorHandler(2, 'Undefined variable $berkas', 'D:\\xampp\\htdocs\\Webinar\\app\\Views\\sertifikat.php', 19)
 2 SYSTEMPATH\View\View.php(224): include('D:\\xampp\\htdocs\\Webinar\\app\\Views\\sertifikat.php')
 3 SYSTEMPATH\View\View.php(227): CodeIgniter\View\View->CodeIgniter\View\{closure}()
 4 SYSTEMPATH\Common.php(1180): CodeIgniter\View\View->render('sertifikat', [], true)
 5 APPPATH\Controllers\Customer.php(195): view('sertifikat', [...])
 6 SYSTEMPATH\CodeIgniter.php(932): App\Controllers\Customer->storepresensi()
 7 SYSTEMPATH\CodeIgniter.php(497): CodeIgniter\CodeIgniter->runController(Object(App\Controllers\Customer))
 8 SYSTEMPATH\CodeIgniter.php(366): CodeIgniter\CodeIgniter->handleRequest(null, Object(Config\Cache), false)
 9 FCPATH\index.php(67): CodeIgniter\CodeIgniter->run()
10 SYSTEMPATH\Commands\Server\rewrite.php(47): require_once('D:\\xampp\\htdocs\\Webinar\\public\\index.php')
CRITICAL - 2024-04-29 05:39:25 --> Undefined variable $berkas
in APPPATH\Views\sertifikat.php on line 19.
 1 APPPATH\Views\sertifikat.php(19): CodeIgniter\Debug\Exceptions->errorHandler(2, 'Undefined variable $berkas', 'D:\\xampp\\htdocs\\Webinar\\app\\Views\\sertifikat.php', 19)
 2 SYSTEMPATH\View\View.php(224): include('D:\\xampp\\htdocs\\Webinar\\app\\Views\\sertifikat.php')
 3 SYSTEMPATH\View\View.php(227): CodeIgniter\View\View->CodeIgniter\View\{closure}()
 4 SYSTEMPATH\Common.php(1180): CodeIgniter\View\View->render('sertifikat', [], true)
 5 APPPATH\Controllers\Customer.php(195): view('sertifikat', [...])
 6 SYSTEMPATH\CodeIgniter.php(932): App\Controllers\Customer->storepresensi()
 7 SYSTEMPATH\CodeIgniter.php(497): CodeIgniter\CodeIgniter->runController(Object(App\Controllers\Customer))
 8 SYSTEMPATH\CodeIgniter.php(366): CodeIgniter\CodeIgniter->handleRequest(null, Object(Config\Cache), false)
 9 FCPATH\index.php(67): CodeIgniter\CodeIgniter->run()
10 SYSTEMPATH\Commands\Server\rewrite.php(47): require_once('D:\\xampp\\htdocs\\Webinar\\public\\index.php')
CRITICAL - 2024-04-29 05:42:17 --> Undefined variable $berkas
in APPPATH\Views\sertifikat.php on line 19.
 1 APPPATH\Views\sertifikat.php(19): CodeIgniter\Debug\Exceptions->errorHandler(2, 'Undefined variable $berkas', 'D:\\xampp\\htdocs\\Webinar\\app\\Views\\sertifikat.php', 19)
 2 SYSTEMPATH\View\View.php(224): include('D:\\xampp\\htdocs\\Webinar\\app\\Views\\sertifikat.php')
 3 SYSTEMPATH\View\View.php(227): CodeIgniter\View\View->CodeIgniter\View\{closure}()
 4 SYSTEMPATH\Common.php(1180): CodeIgniter\View\View->render('sertifikat', [], true)
 5 APPPATH\Controllers\Customer.php(195): view('sertifikat', [...])
 6 SYSTEMPATH\CodeIgniter.php(932): App\Controllers\Customer->storepresensi()
 7 SYSTEMPATH\CodeIgniter.php(497): CodeIgniter\CodeIgniter->runController(Object(App\Controllers\Customer))
 8 SYSTEMPATH\CodeIgniter.php(366): CodeIgniter\CodeIgniter->handleRequest(null, Object(Config\Cache), false)
 9 FCPATH\index.php(67): CodeIgniter\CodeIgniter->run()
10 SYSTEMPATH\Commands\Server\rewrite.php(47): require_once('D:\\xampp\\htdocs\\Webinar\\public\\index.php')
CRITICAL - 2024-04-29 05:49:17 --> Undefined variable $berkas
in APPPATH\Views\sertifikat.php on line 19.
 1 APPPATH\Views\sertifikat.php(19): CodeIgniter\Debug\Exceptions->errorHandler(2, 'Undefined variable $berkas', 'D:\\xampp\\htdocs\\Webinar\\app\\Views\\sertifikat.php', 19)
 2 SYSTEMPATH\View\View.php(224): include('D:\\xampp\\htdocs\\Webinar\\app\\Views\\sertifikat.php')
 3 SYSTEMPATH\View\View.php(227): CodeIgniter\View\View->CodeIgniter\View\{closure}()
 4 SYSTEMPATH\Common.php(1180): CodeIgniter\View\View->render('sertifikat', [], true)
 5 APPPATH\Controllers\Customer.php(195): view('sertifikat', [...])
 6 SYSTEMPATH\CodeIgniter.php(932): App\Controllers\Customer->storepresensi()
 7 SYSTEMPATH\CodeIgniter.php(497): CodeIgniter\CodeIgniter->runController(Object(App\Controllers\Customer))
 8 SYSTEMPATH\CodeIgniter.php(366): CodeIgniter\CodeIgniter->handleRequest(null, Object(Config\Cache), false)
 9 FCPATH\index.php(67): CodeIgniter\CodeIgniter->run()
10 SYSTEMPATH\Commands\Server\rewrite.php(47): require_once('D:\\xampp\\htdocs\\Webinar\\public\\index.php')
